<?xml version="1.0" encoding="ASCII"?>
<trace:TransformationTrace xmi:version="2.0" xmlns:xmi="http://www.omg.org/XMI" xmlns:trace="http://www.liglab.fr/vasco/ctm/trace/1.0">
  <maps dest="file:/C:/Users/nguye_tm/Dropbox/PhD/GitHub/uml2b/Selkis_B4MSecure/../Hospital/Hospital/Models/Hospital.b#//@machines.0" rule="UML2B.Transfo.UML2B_Selkis.createSysMachine" src="file:/C:/Users/nguye_tm/Dropbox/PhD/GitHub/uml2b/Selkis_B4MSecure/../Hospital/Hospital/Models/Hospital.uml#_6uxvMMRBEeWKx5llftJWKg"/>
  <maps dest="file:/C:/Users/nguye_tm/Dropbox/PhD/GitHub/uml2b/Selkis_B4MSecure/../Hospital/Hospital/Models/Hospital.b#//@machines.0/@data.0" rule="UML2B.Transfo.UML2B_Selkis.GeneratePrimitiveTypes" src="pathmap://UML_LIBRARIES/UMLPrimitiveTypes.library.uml#String"/>
  <maps dest="file:/C:/Users/nguye_tm/Dropbox/PhD/GitHub/uml2b/Selkis_B4MSecure/../Hospital/Hospital/Models/Hospital.b#//@sharedTypes/@sharedTypes.0" rule="UML2B.Transfo.UML2B_Selkis.GeneratePrimitiveTypes" src="pathmap://UML_LIBRARIES/UMLPrimitiveTypes.library.uml#Boolean"/>
  <maps dest="file:/C:/Users/nguye_tm/Dropbox/PhD/GitHub/uml2b/Selkis_B4MSecure/../Hospital/Hospital/Models/Hospital.b#//@sharedTypes/@sharedTypes.1" rule="UML2B.Transfo.UML2B_Selkis.GeneratePrimitiveTypes" src="pathmap://UML_LIBRARIES/UMLPrimitiveTypes.library.uml#Integer"/>
  <maps dest="file:/C:/Users/nguye_tm/Dropbox/PhD/GitHub/uml2b/Selkis_B4MSecure/../Hospital/Hospital/Models/Hospital.b#//@machines.0/@data.0" rule="UML2B.Transfo.UML2B_Selkis.GeneratePrimitiveTypes" src="pathmap://UML_LIBRARIES/UMLPrimitiveTypes.library.uml#String"/>
  <maps dest="file:/C:/Users/nguye_tm/Dropbox/PhD/GitHub/uml2b/Selkis_B4MSecure/../Hospital/Hospital/Models/Hospital.b#//@sharedTypes/@sharedTypes.1" rule="UML2B.Transfo.UML2B_Selkis.GeneratePrimitiveTypes" src="pathmap://UML_LIBRARIES/UMLPrimitiveTypes.library.uml#Integer"/>
  <maps dest="file:/C:/Users/nguye_tm/Dropbox/PhD/GitHub/uml2b/Selkis_B4MSecure/../Hospital/Hospital/Models/Hospital.b#//@sharedTypes/@sharedTypes.0" rule="UML2B.Transfo.UML2B_Selkis.GeneratePrimitiveTypes" src="pathmap://UML_LIBRARIES/UMLPrimitiveTypes.library.uml#Boolean"/>
  <maps dest="file:/C:/Users/nguye_tm/Dropbox/PhD/GitHub/uml2b/Selkis_B4MSecure/../Hospital/Hospital/Models/Hospital.b#//@machines.0/@data.1" rule="UML2B.Transfo.UML2B_Selkis.GenerateClassBVariableInSystemMachine" src="file:/C:/Users/nguye_tm/Dropbox/PhD/GitHub/uml2b/Selkis_B4MSecure/../Hospital/Hospital/Models/Hospital.uml#_Jo1TsMRCEeWKx5llftJWKg"/>
  <maps dest="file:/C:/Users/nguye_tm/Dropbox/PhD/GitHub/uml2b/Selkis_B4MSecure/../Hospital/Hospital/Models/Hospital.b#//@machines.0/@data.3" rule="UML2B.Transfo.UML2B_Selkis.GenerateClassBVariableInSystemMachine" src="file:/C:/Users/nguye_tm/Dropbox/PhD/GitHub/uml2b/Selkis_B4MSecure/../Hospital/Hospital/Models/Hospital.uml#_mSOWAMRCEeWKx5llftJWKg"/>
  <maps dest="file:/C:/Users/nguye_tm/Dropbox/PhD/GitHub/uml2b/Selkis_B4MSecure/../Hospital/Hospital/Models/Hospital.b#//@machines.0/@data.5" rule="UML2B.Transfo.UML2B_Selkis.GenerateClassBVariableInSystemMachine" src="file:/C:/Users/nguye_tm/Dropbox/PhD/GitHub/uml2b/Selkis_B4MSecure/../Hospital/Hospital/Models/Hospital.uml#_vNOiIMRCEeWKx5llftJWKg"/>
  <maps dest="file:/C:/Users/nguye_tm/Dropbox/PhD/GitHub/uml2b/Selkis_B4MSecure/../Hospital/Hospital/Models/Hospital.b#//@machines.0/@data.7" rule="UML2B.Transfo.UML2B_Selkis.GenerateClassBVariableInSystemMachine" src="file:/C:/Users/nguye_tm/Dropbox/PhD/GitHub/uml2b/Selkis_B4MSecure/../Hospital/Hospital/Models/Hospital.uml#_0yaB8MRCEeWKx5llftJWKg"/>
  <maps dest="file:/C:/Users/nguye_tm/Dropbox/PhD/GitHub/uml2b/Selkis_B4MSecure/../Hospital/Hospital/Models/Hospital.b#//@machines.0/@operations.0" rule="UML2B.Transfo.UML2B_Selkis.GenerateOperationSkeleton" src="file:/C:/Users/nguye_tm/Dropbox/PhD/GitHub/uml2b/Selkis_B4MSecure/../Hospital/Hospital/Models/Hospital.uml#_ewMvAMRCEeWKx5llftJWKg"/>
  <maps dest="file:/C:/Users/nguye_tm/Dropbox/PhD/GitHub/uml2b/Selkis_B4MSecure/../Hospital/Hospital/Models/Hospital.b#//@machines.0/@operations.1" rule="UML2B.Transfo.UML2B_Selkis.GenerateOperationSkeleton" src="file:/C:/Users/nguye_tm/Dropbox/PhD/GitHub/uml2b/Selkis_B4MSecure/../Hospital/Hospital/Models/Hospital.uml#_gTKhIMRDEeWKx5llftJWKg"/>
  <maps dest="file:/C:/Users/nguye_tm/Dropbox/PhD/GitHub/uml2b/Selkis_B4MSecure/../Hospital/Hospital/Models/Hospital.b#//@machines.0/@operations.2" rule="UML2B.Transfo.UML2B_Selkis.GenerateOperationSkeleton" src="file:/C:/Users/nguye_tm/Dropbox/PhD/GitHub/uml2b/Selkis_B4MSecure/../Hospital/Hospital/Models/Hospital.uml#_wTwsYMRCEeWKx5llftJWKg"/>
  <maps dest="file:/C:/Users/nguye_tm/Dropbox/PhD/GitHub/uml2b/Selkis_B4MSecure/../Hospital/Hospital/Models/Hospital.b#//@machines.0/@operations.3" rule="UML2B.Transfo.UML2B_Selkis.GenerateOperationSkeleton" src="file:/C:/Users/nguye_tm/Dropbox/PhD/GitHub/uml2b/Selkis_B4MSecure/../Hospital/Hospital/Models/Hospital.uml#_5Zp54MRCEeWKx5llftJWKg"/>
  <maps dest="file:/C:/Users/nguye_tm/Dropbox/PhD/GitHub/uml2b/Selkis_B4MSecure/../Hospital/Hospital/Models/Hospital.b#//@machines.0/@operations.4" rule="UML2B.Transfo.UML2B_Selkis.GenerateOperationSkeleton" src="file:/C:/Users/nguye_tm/Dropbox/PhD/GitHub/uml2b/Selkis_B4MSecure/../Hospital/Hospital/Models/Hospital.uml#_EYg0IMRDEeWKx5llftJWKg"/>
  <maps dest="file:/C:/Users/nguye_tm/Dropbox/PhD/GitHub/uml2b/Selkis_B4MSecure/../Hospital/Hospital/Models/Hospital.b#//@machines.0/@operations.5" rule="UML2B.Transfo.UML2B_Selkis.GenerateOperationSkeleton" src="file:/C:/Users/nguye_tm/Dropbox/PhD/GitHub/uml2b/Selkis_B4MSecure/../Hospital/Hospital/Models/Hospital.uml#_JrX04MRDEeWKx5llftJWKg"/>
  <maps dest="file:/C:/Users/nguye_tm/Dropbox/PhD/GitHub/uml2b/Selkis_B4MSecure/../Hospital/Hospital/Models/Hospital.b#//@machines.0/@operations.6" rule="UML2B.Transfo.UML2B_Selkis.GenerateOperationSkeleton" src="file:/C:/Users/nguye_tm/Dropbox/PhD/GitHub/uml2b/Selkis_B4MSecure/../Hospital/Hospital/Models/Hospital.uml#_eaUcgssPEeWkO9UiFG_vOw"/>
  <maps dest="file:/C:/Users/nguye_tm/Dropbox/PhD/GitHub/uml2b/Selkis_B4MSecure/../Hospital/Hospital/Models/Hospital.b#//@machines.0/@operations.7" rule="UML2B.Transfo.UML2B_Selkis.GenerateConstructor" src="file:/C:/Users/nguye_tm/Dropbox/PhD/GitHub/uml2b/Selkis_B4MSecure/../Hospital/Hospital/Models/Hospital.uml#_Jo1TsMRCEeWKx5llftJWKg"/>
  <maps dest="file:/C:/Users/nguye_tm/Dropbox/PhD/GitHub/uml2b/Selkis_B4MSecure/../Hospital/Hospital/Models/Hospital.b#//@machines.0/@operations.8" rule="UML2B.Transfo.UML2B_Selkis.GenerateConstructor" src="file:/C:/Users/nguye_tm/Dropbox/PhD/GitHub/uml2b/Selkis_B4MSecure/../Hospital/Hospital/Models/Hospital.uml#_mSOWAMRCEeWKx5llftJWKg"/>
  <maps dest="file:/C:/Users/nguye_tm/Dropbox/PhD/GitHub/uml2b/Selkis_B4MSecure/../Hospital/Hospital/Models/Hospital.b#//@machines.0/@operations.9" rule="UML2B.Transfo.UML2B_Selkis.GenerateConstructor" src="file:/C:/Users/nguye_tm/Dropbox/PhD/GitHub/uml2b/Selkis_B4MSecure/../Hospital/Hospital/Models/Hospital.uml#_vNOiIMRCEeWKx5llftJWKg"/>
  <maps dest="file:/C:/Users/nguye_tm/Dropbox/PhD/GitHub/uml2b/Selkis_B4MSecure/../Hospital/Hospital/Models/Hospital.b#//@machines.0/@operations.10" rule="UML2B.Transfo.UML2B_Selkis.GenerateConstructor" src="file:/C:/Users/nguye_tm/Dropbox/PhD/GitHub/uml2b/Selkis_B4MSecure/../Hospital/Hospital/Models/Hospital.uml#_0yaB8MRCEeWKx5llftJWKg"/>
  <maps dest="file:/C:/Users/nguye_tm/Dropbox/PhD/GitHub/uml2b/Selkis_B4MSecure/../Hospital/Hospital/Models/Hospital.b#//@machines.0/@operations.11" rule="UML2B.Transfo.UML2B_Selkis.GenerateDestructor_Internal" src="file:/C:/Users/nguye_tm/Dropbox/PhD/GitHub/uml2b/Selkis_B4MSecure/../Hospital/Hospital/Models/Hospital.uml#/0/B4MSecureModel/Functional/MedicalRecord/MedicalRecord_Free"/>
  <maps dest="file:/C:/Users/nguye_tm/Dropbox/PhD/GitHub/uml2b/Selkis_B4MSecure/../Hospital/Hospital/Models/Hospital.b#//@machines.0/@operations.11" rule="UML2B.Transfo.UML2B_Selkis.GenerateDestructor" src="file:/C:/Users/nguye_tm/Dropbox/PhD/GitHub/uml2b/Selkis_B4MSecure/../Hospital/Hospital/Models/Hospital.uml#_Jo1TsMRCEeWKx5llftJWKg"/>
  <maps dest="file:/C:/Users/nguye_tm/Dropbox/PhD/GitHub/uml2b/Selkis_B4MSecure/../Hospital/Hospital/Models/Hospital.b#//@machines.0/@operations.12" rule="UML2B.Transfo.UML2B_Selkis.GenerateDestructor_Internal" src="file:/C:/Users/nguye_tm/Dropbox/PhD/GitHub/uml2b/Selkis_B4MSecure/../Hospital/Hospital/Models/Hospital.uml#/0/B4MSecureModel/Functional/Patient/Patient_Free"/>
  <maps dest="file:/C:/Users/nguye_tm/Dropbox/PhD/GitHub/uml2b/Selkis_B4MSecure/../Hospital/Hospital/Models/Hospital.b#//@machines.0/@operations.12" rule="UML2B.Transfo.UML2B_Selkis.GenerateDestructor" src="file:/C:/Users/nguye_tm/Dropbox/PhD/GitHub/uml2b/Selkis_B4MSecure/../Hospital/Hospital/Models/Hospital.uml#_mSOWAMRCEeWKx5llftJWKg"/>
  <maps dest="file:/C:/Users/nguye_tm/Dropbox/PhD/GitHub/uml2b/Selkis_B4MSecure/../Hospital/Hospital/Models/Hospital.b#//@machines.0/@operations.13" rule="UML2B.Transfo.UML2B_Selkis.GenerateDestructor_Internal" src="file:/C:/Users/nguye_tm/Dropbox/PhD/GitHub/uml2b/Selkis_B4MSecure/../Hospital/Hospital/Models/Hospital.uml#/0/B4MSecureModel/Functional/Doctor/Doctor_Free"/>
  <maps dest="file:/C:/Users/nguye_tm/Dropbox/PhD/GitHub/uml2b/Selkis_B4MSecure/../Hospital/Hospital/Models/Hospital.b#//@machines.0/@operations.13" rule="UML2B.Transfo.UML2B_Selkis.GenerateDestructor" src="file:/C:/Users/nguye_tm/Dropbox/PhD/GitHub/uml2b/Selkis_B4MSecure/../Hospital/Hospital/Models/Hospital.uml#_vNOiIMRCEeWKx5llftJWKg"/>
  <maps dest="file:/C:/Users/nguye_tm/Dropbox/PhD/GitHub/uml2b/Selkis_B4MSecure/../Hospital/Hospital/Models/Hospital.b#//@machines.0/@operations.14" rule="UML2B.Transfo.UML2B_Selkis.GenerateDestructor_Internal" src="file:/C:/Users/nguye_tm/Dropbox/PhD/GitHub/uml2b/Selkis_B4MSecure/../Hospital/Hospital/Models/Hospital.uml#/0/B4MSecureModel/Functional/Hospital/Hospital_Free"/>
  <maps dest="file:/C:/Users/nguye_tm/Dropbox/PhD/GitHub/uml2b/Selkis_B4MSecure/../Hospital/Hospital/Models/Hospital.b#//@machines.0/@operations.14" rule="UML2B.Transfo.UML2B_Selkis.GenerateDestructor" src="file:/C:/Users/nguye_tm/Dropbox/PhD/GitHub/uml2b/Selkis_B4MSecure/../Hospital/Hospital/Models/Hospital.uml#_0yaB8MRCEeWKx5llftJWKg"/>
  <maps dest="file:/C:/Users/nguye_tm/Dropbox/PhD/GitHub/uml2b/Selkis_B4MSecure/../Hospital/Hospital/Models/Hospital.b#//@machines.0/@data.9" rule="UML2B.Transfo.UML2B_Selkis.GenerateAssociationBVariable" src="file:/C:/Users/nguye_tm/Dropbox/PhD/GitHub/uml2b/Selkis_B4MSecure/../Hospital/Hospital/Models/Hospital.uml#_BbPxwMRDEeWKx5llftJWKg"/>
  <maps dest="file:/C:/Users/nguye_tm/Dropbox/PhD/GitHub/uml2b/Selkis_B4MSecure/../Hospital/Hospital/Models/Hospital.b#//@machines.0/@data.10" rule="UML2B.Transfo.UML2B_Selkis.GenerateAssociationBVariable" src="file:/C:/Users/nguye_tm/Dropbox/PhD/GitHub/uml2b/Selkis_B4MSecure/../Hospital/Hospital/Models/Hospital.uml#_mBfV4MRDEeWKx5llftJWKg"/>
  <maps dest="file:/C:/Users/nguye_tm/Dropbox/PhD/GitHub/uml2b/Selkis_B4MSecure/../Hospital/Hospital/Models/Hospital.b#//@machines.0/@data.11" rule="UML2B.Transfo.UML2B_Selkis.GenerateAssociationBVariable" src="file:/C:/Users/nguye_tm/Dropbox/PhD/GitHub/uml2b/Selkis_B4MSecure/../Hospital/Hospital/Models/Hospital.uml#_pD-2gMRDEeWKx5llftJWKg"/>
  <maps dest="file:/C:/Users/nguye_tm/Dropbox/PhD/GitHub/uml2b/Selkis_B4MSecure/../Hospital/Hospital/Models/Hospital.b#//@machines.0/@operations.15" rule="UML2B.Transfo.UML2B_Selkis.AssociationClass_GenerateConstructor" src="file:/C:/Users/nguye_tm/Dropbox/PhD/GitHub/uml2b/Selkis_B4MSecure/../Hospital/Hospital/Models/Hospital.uml#_BbPxwMRDEeWKx5llftJWKg"/>
  <maps dest="file:/C:/Users/nguye_tm/Dropbox/PhD/GitHub/uml2b/Selkis_B4MSecure/../Hospital/Hospital/Models/Hospital.b#//@machines.0/@operations.16" rule="UML2B.Transfo.UML2B_Selkis.AssociationClass_GenerateDestructor_Internal" src="file:/C:/Users/nguye_tm/Dropbox/PhD/GitHub/uml2b/Selkis_B4MSecure/../Hospital/Hospital/Models/Hospital.uml#/0/B4MSecureModel/Functional/HospitalStay/HospitalStay_Free"/>
  <maps dest="file:/C:/Users/nguye_tm/Dropbox/PhD/GitHub/uml2b/Selkis_B4MSecure/../Hospital/Hospital/Models/Hospital.b#//@machines.0/@operations.16" rule="UML2B.Transfo.UML2B_Selkis.AssociationClass_GenerateDestructor" src="file:/C:/Users/nguye_tm/Dropbox/PhD/GitHub/uml2b/Selkis_B4MSecure/../Hospital/Hospital/Models/Hospital.uml#_BbPxwMRDEeWKx5llftJWKg"/>
  <maps dest="file:/C:/Users/nguye_tm/Dropbox/PhD/GitHub/uml2b/Selkis_B4MSecure/../Hospital/Hospital/Models/Hospital.b#//@machines.0/@operations.7" rule="UML2B.Transfo.UML2B_Selkis.Role_UpdateConstructor" src="file:/C:/Users/nguye_tm/Dropbox/PhD/GitHub/uml2b/Selkis_B4MSecure/../Hospital/Hospital/Models/Hospital.uml#_mBfV4cRDEeWKx5llftJWKg"/>
  <maps dest="file:/C:/Users/nguye_tm/Dropbox/PhD/GitHub/uml2b/Selkis_B4MSecure/../Hospital/Hospital/Models/Hospital.b#//@machines.0/@operations.8" rule="UML2B.Transfo.UML2B_Selkis.Role_UpdateConstructor" src="file:/C:/Users/nguye_tm/Dropbox/PhD/GitHub/uml2b/Selkis_B4MSecure/../Hospital/Hospital/Models/Hospital.uml#_mBfV5MRDEeWKx5llftJWKg"/>
  <maps dest="file:/C:/Users/nguye_tm/Dropbox/PhD/GitHub/uml2b/Selkis_B4MSecure/../Hospital/Hospital/Models/Hospital.b#//@machines.0/@operations.12" rule="UML2B.Transfo.UML2B_Selkis.Role_UpdateDestructor" src="file:/C:/Users/nguye_tm/Dropbox/PhD/GitHub/uml2b/Selkis_B4MSecure/../Hospital/Hospital/Models/Hospital.uml#_BbPxwcRDEeWKx5llftJWKg"/>
  <maps dest="file:/C:/Users/nguye_tm/Dropbox/PhD/GitHub/uml2b/Selkis_B4MSecure/../Hospital/Hospital/Models/Hospital.b#//@machines.0/@operations.14" rule="UML2B.Transfo.UML2B_Selkis.Role_UpdateDestructor" src="file:/C:/Users/nguye_tm/Dropbox/PhD/GitHub/uml2b/Selkis_B4MSecure/../Hospital/Hospital/Models/Hospital.uml#_BbPxxMRDEeWKx5llftJWKg"/>
  <maps dest="file:/C:/Users/nguye_tm/Dropbox/PhD/GitHub/uml2b/Selkis_B4MSecure/../Hospital/Hospital/Models/Hospital.b#//@machines.0/@operations.12" rule="UML2B.Transfo.UML2B_Selkis.Role_UpdateDestructor" src="file:/C:/Users/nguye_tm/Dropbox/PhD/GitHub/uml2b/Selkis_B4MSecure/../Hospital/Hospital/Models/Hospital.uml#_mBfV4cRDEeWKx5llftJWKg"/>
  <maps dest="file:/C:/Users/nguye_tm/Dropbox/PhD/GitHub/uml2b/Selkis_B4MSecure/../Hospital/Hospital/Models/Hospital.b#//@machines.0/@operations.11" rule="UML2B.Transfo.UML2B_Selkis.Role_UpdateDestructor" src="file:/C:/Users/nguye_tm/Dropbox/PhD/GitHub/uml2b/Selkis_B4MSecure/../Hospital/Hospital/Models/Hospital.uml#_mBfV5MRDEeWKx5llftJWKg"/>
  <maps dest="file:/C:/Users/nguye_tm/Dropbox/PhD/GitHub/uml2b/Selkis_B4MSecure/../Hospital/Hospital/Models/Hospital.b#//@machines.0/@operations.13" rule="UML2B.Transfo.UML2B_Selkis.Role_UpdateDestructor" src="file:/C:/Users/nguye_tm/Dropbox/PhD/GitHub/uml2b/Selkis_B4MSecure/../Hospital/Hospital/Models/Hospital.uml#_pD-2gcRDEeWKx5llftJWKg"/>
  <maps dest="file:/C:/Users/nguye_tm/Dropbox/PhD/GitHub/uml2b/Selkis_B4MSecure/../Hospital/Hospital/Models/Hospital.b#//@machines.0/@operations.14" rule="UML2B.Transfo.UML2B_Selkis.Role_UpdateDestructor" src="file:/C:/Users/nguye_tm/Dropbox/PhD/GitHub/uml2b/Selkis_B4MSecure/../Hospital/Hospital/Models/Hospital.uml#_pD-2hMRDEeWKx5llftJWKg"/>
  <maps dest="file:/C:/Users/nguye_tm/Dropbox/PhD/GitHub/uml2b/Selkis_B4MSecure/../Hospital/Hospital/Models/Hospital.b#//@machines.0/@operations.17" rule="UML2B.Transfo.UML2B_Selkis.NavigableRole_GenerateAccessor" src="file:/C:/Users/nguye_tm/Dropbox/PhD/GitHub/uml2b/Selkis_B4MSecure/../Hospital/Hospital/Models/Hospital.uml#_BbPxwcRDEeWKx5llftJWKg"/>
  <maps dest="file:/C:/Users/nguye_tm/Dropbox/PhD/GitHub/uml2b/Selkis_B4MSecure/../Hospital/Hospital/Models/Hospital.b#//@machines.0/@operations.18" rule="UML2B.Transfo.UML2B_Selkis.NavigableRole_GenerateAccessor" src="file:/C:/Users/nguye_tm/Dropbox/PhD/GitHub/uml2b/Selkis_B4MSecure/../Hospital/Hospital/Models/Hospital.uml#_BbPxxMRDEeWKx5llftJWKg"/>
  <maps dest="file:/C:/Users/nguye_tm/Dropbox/PhD/GitHub/uml2b/Selkis_B4MSecure/../Hospital/Hospital/Models/Hospital.b#//@machines.0/@operations.19" rule="UML2B.Transfo.UML2B_Selkis.NavigableRole_GenerateAccessor" src="file:/C:/Users/nguye_tm/Dropbox/PhD/GitHub/uml2b/Selkis_B4MSecure/../Hospital/Hospital/Models/Hospital.uml#_mBfV4cRDEeWKx5llftJWKg"/>
  <maps dest="file:/C:/Users/nguye_tm/Dropbox/PhD/GitHub/uml2b/Selkis_B4MSecure/../Hospital/Hospital/Models/Hospital.b#//@machines.0/@operations.20" rule="UML2B.Transfo.UML2B_Selkis.NavigableRole_GenerateAccessor" src="file:/C:/Users/nguye_tm/Dropbox/PhD/GitHub/uml2b/Selkis_B4MSecure/../Hospital/Hospital/Models/Hospital.uml#_mBfV5MRDEeWKx5llftJWKg"/>
  <maps dest="file:/C:/Users/nguye_tm/Dropbox/PhD/GitHub/uml2b/Selkis_B4MSecure/../Hospital/Hospital/Models/Hospital.b#//@machines.0/@operations.21" rule="UML2B.Transfo.UML2B_Selkis.NavigableRole_GenerateAccessor" src="file:/C:/Users/nguye_tm/Dropbox/PhD/GitHub/uml2b/Selkis_B4MSecure/../Hospital/Hospital/Models/Hospital.uml#_pD-2gcRDEeWKx5llftJWKg"/>
  <maps dest="file:/C:/Users/nguye_tm/Dropbox/PhD/GitHub/uml2b/Selkis_B4MSecure/../Hospital/Hospital/Models/Hospital.b#//@machines.0/@operations.22" rule="UML2B.Transfo.UML2B_Selkis.NavigableRole_GenerateAccessor" src="file:/C:/Users/nguye_tm/Dropbox/PhD/GitHub/uml2b/Selkis_B4MSecure/../Hospital/Hospital/Models/Hospital.uml#_pD-2hMRDEeWKx5llftJWKg"/>
  <maps dest="file:/C:/Users/nguye_tm/Dropbox/PhD/GitHub/uml2b/Selkis_B4MSecure/../Hospital/Hospital/Models/Hospital.b#//@machines.0/@operations.23" rule="UML2B.Transfo.UML2B_Selkis.NavigableRole_GenerateMutator_monovaluedSetter" src="file:/C:/Users/nguye_tm/Dropbox/PhD/GitHub/uml2b/Selkis_B4MSecure/../Hospital/Hospital/Models/Hospital.uml#_mBfV4cRDEeWKx5llftJWKg"/>
  <maps dest="file:/C:/Users/nguye_tm/Dropbox/PhD/GitHub/uml2b/Selkis_B4MSecure/../Hospital/Hospital/Models/Hospital.b#//@machines.0/@operations.24" rule="UML2B.Transfo.UML2B_Selkis.NavigableRole_GenerateMutator_monovaluedSetter" src="file:/C:/Users/nguye_tm/Dropbox/PhD/GitHub/uml2b/Selkis_B4MSecure/../Hospital/Hospital/Models/Hospital.uml#_mBfV5MRDEeWKx5llftJWKg"/>
  <maps dest="file:/C:/Users/nguye_tm/Dropbox/PhD/GitHub/uml2b/Selkis_B4MSecure/../Hospital/Hospital/Models/Hospital.b#//@machines.0/@operations.25" rule="UML2B.Transfo.UML2B_Selkis.NavigableRole_GenerateMutator_monovaluedSetter" src="file:/C:/Users/nguye_tm/Dropbox/PhD/GitHub/uml2b/Selkis_B4MSecure/../Hospital/Hospital/Models/Hospital.uml#_pD-2hMRDEeWKx5llftJWKg"/>
  <maps dest="file:/C:/Users/nguye_tm/Dropbox/PhD/GitHub/uml2b/Selkis_B4MSecure/../Hospital/Hospital/Models/Hospital.b#//@machines.0/@operations.26" rule="UML2B.Transfo.UML2B_Selkis.NavigableRole_GenerateMutator_multivaluedAdder" src="file:/C:/Users/nguye_tm/Dropbox/PhD/GitHub/uml2b/Selkis_B4MSecure/../Hospital/Hospital/Models/Hospital.uml#_BbPxwcRDEeWKx5llftJWKg"/>
  <maps dest="file:/C:/Users/nguye_tm/Dropbox/PhD/GitHub/uml2b/Selkis_B4MSecure/../Hospital/Hospital/Models/Hospital.b#//@machines.0/@operations.27" rule="UML2B.Transfo.UML2B_Selkis.NavigableRole_GenerateMutator_multivaluedAdder" src="file:/C:/Users/nguye_tm/Dropbox/PhD/GitHub/uml2b/Selkis_B4MSecure/../Hospital/Hospital/Models/Hospital.uml#_BbPxxMRDEeWKx5llftJWKg"/>
  <maps dest="file:/C:/Users/nguye_tm/Dropbox/PhD/GitHub/uml2b/Selkis_B4MSecure/../Hospital/Hospital/Models/Hospital.b#//@machines.0/@operations.28" rule="UML2B.Transfo.UML2B_Selkis.NavigableRole_GenerateMutator_multivaluedAdder" src="file:/C:/Users/nguye_tm/Dropbox/PhD/GitHub/uml2b/Selkis_B4MSecure/../Hospital/Hospital/Models/Hospital.uml#_pD-2gcRDEeWKx5llftJWKg"/>
  <maps dest="file:/C:/Users/nguye_tm/Dropbox/PhD/GitHub/uml2b/Selkis_B4MSecure/../Hospital/Hospital/Models/Hospital.b#//@machines.0/@operations.29" rule="UML2B.Transfo.UML2B_Selkis.NavigableRole_GenerateMutator_multivaluedRemover" src="file:/C:/Users/nguye_tm/Dropbox/PhD/GitHub/uml2b/Selkis_B4MSecure/../Hospital/Hospital/Models/Hospital.uml#_BbPxwcRDEeWKx5llftJWKg"/>
  <maps dest="file:/C:/Users/nguye_tm/Dropbox/PhD/GitHub/uml2b/Selkis_B4MSecure/../Hospital/Hospital/Models/Hospital.b#//@machines.0/@operations.30" rule="UML2B.Transfo.UML2B_Selkis.NavigableRole_GenerateMutator_multivaluedRemover" src="file:/C:/Users/nguye_tm/Dropbox/PhD/GitHub/uml2b/Selkis_B4MSecure/../Hospital/Hospital/Models/Hospital.uml#_BbPxxMRDEeWKx5llftJWKg"/>
  <maps dest="file:/C:/Users/nguye_tm/Dropbox/PhD/GitHub/uml2b/Selkis_B4MSecure/../Hospital/Hospital/Models/Hospital.b#//@machines.0/@operations.31" rule="UML2B.Transfo.UML2B_Selkis.NavigableRole_GenerateMutator_multivaluedRemover" src="file:/C:/Users/nguye_tm/Dropbox/PhD/GitHub/uml2b/Selkis_B4MSecure/../Hospital/Hospital/Models/Hospital.uml#_pD-2gcRDEeWKx5llftJWKg"/>
  <maps dest="file:/C:/Users/nguye_tm/Dropbox/PhD/GitHub/uml2b/Selkis_B4MSecure/../Hospital/Hospital/Models/Hospital.b#//@machines.0/@data.12" rule="UML2B.Transfo.UML2B_Selkis.GenerateAttributeBVariable" src="file:/C:/Users/nguye_tm/Dropbox/PhD/GitHub/uml2b/Selkis_B4MSecure/../Hospital/Hospital/Models/Hospital.uml#_Lae3gMRCEeWKx5llftJWKg"/>
  <maps dest="file:/C:/Users/nguye_tm/Dropbox/PhD/GitHub/uml2b/Selkis_B4MSecure/../Hospital/Hospital/Models/Hospital.b#//@machines.0/@data.13" rule="UML2B.Transfo.UML2B_Selkis.GenerateAttributeBVariable" src="file:/C:/Users/nguye_tm/Dropbox/PhD/GitHub/uml2b/Selkis_B4MSecure/../Hospital/Hospital/Models/Hospital.uml#_btvqoMRCEeWKx5llftJWKg"/>
  <maps dest="file:/C:/Users/nguye_tm/Dropbox/PhD/GitHub/uml2b/Selkis_B4MSecure/../Hospital/Hospital/Models/Hospital.b#//@machines.0/@data.14" rule="UML2B.Transfo.UML2B_Selkis.GenerateAttributeBVariable" src="file:/C:/Users/nguye_tm/Dropbox/PhD/GitHub/uml2b/Selkis_B4MSecure/../Hospital/Hospital/Models/Hospital.uml#_qcEgQMRCEeWKx5llftJWKg"/>
  <maps dest="file:/C:/Users/nguye_tm/Dropbox/PhD/GitHub/uml2b/Selkis_B4MSecure/../Hospital/Hospital/Models/Hospital.b#//@machines.0/@data.15" rule="UML2B.Transfo.UML2B_Selkis.GenerateAttributeBVariable" src="file:/C:/Users/nguye_tm/Dropbox/PhD/GitHub/uml2b/Selkis_B4MSecure/../Hospital/Hospital/Models/Hospital.uml#_SflcgMRDEeWKx5llftJWKg"/>
  <maps dest="file:/C:/Users/nguye_tm/Dropbox/PhD/GitHub/uml2b/Selkis_B4MSecure/../Hospital/Hospital/Models/Hospital.b#//@machines.0/@data.16" rule="UML2B.Transfo.UML2B_Selkis.GenerateAttributeBVariable" src="file:/C:/Users/nguye_tm/Dropbox/PhD/GitHub/uml2b/Selkis_B4MSecure/../Hospital/Hospital/Models/Hospital.uml#_MnfXIMybEeWUhI-tmoleQw"/>
  <maps dest="file:/C:/Users/nguye_tm/Dropbox/PhD/GitHub/uml2b/Selkis_B4MSecure/../Hospital/Hospital/Models/Hospital.b#//@machines.0/@data.17" rule="UML2B.Transfo.UML2B_Selkis.GenerateUniqueMonovaluedAttributeBVariable" src="file:/C:/Users/nguye_tm/Dropbox/PhD/GitHub/uml2b/Selkis_B4MSecure/../Hospital/Hospital/Models/Hospital.uml#_nsIIMMRCEeWKx5llftJWKg"/>
  <maps dest="file:/C:/Users/nguye_tm/Dropbox/PhD/GitHub/uml2b/Selkis_B4MSecure/../Hospital/Hospital/Models/Hospital.b#//@machines.0/@operations.11" rule="UML2B.Transfo.UML2B_Selkis.Attr_UpdateDestructor" src="file:/C:/Users/nguye_tm/Dropbox/PhD/GitHub/uml2b/Selkis_B4MSecure/../Hospital/Hospital/Models/Hospital.uml#_Lae3gMRCEeWKx5llftJWKg"/>
  <maps dest="file:/C:/Users/nguye_tm/Dropbox/PhD/GitHub/uml2b/Selkis_B4MSecure/../Hospital/Hospital/Models/Hospital.b#//@machines.0/@operations.11" rule="UML2B.Transfo.UML2B_Selkis.Attr_UpdateDestructor" src="file:/C:/Users/nguye_tm/Dropbox/PhD/GitHub/uml2b/Selkis_B4MSecure/../Hospital/Hospital/Models/Hospital.uml#_btvqoMRCEeWKx5llftJWKg"/>
  <maps dest="file:/C:/Users/nguye_tm/Dropbox/PhD/GitHub/uml2b/Selkis_B4MSecure/../Hospital/Hospital/Models/Hospital.b#//@machines.0/@operations.12" rule="UML2B.Transfo.UML2B_Selkis.Attr_UpdateDestructor" src="file:/C:/Users/nguye_tm/Dropbox/PhD/GitHub/uml2b/Selkis_B4MSecure/../Hospital/Hospital/Models/Hospital.uml#_nsIIMMRCEeWKx5llftJWKg"/>
  <maps dest="file:/C:/Users/nguye_tm/Dropbox/PhD/GitHub/uml2b/Selkis_B4MSecure/../Hospital/Hospital/Models/Hospital.b#//@machines.0/@operations.12" rule="UML2B.Transfo.UML2B_Selkis.Attr_UpdateDestructor" src="file:/C:/Users/nguye_tm/Dropbox/PhD/GitHub/uml2b/Selkis_B4MSecure/../Hospital/Hospital/Models/Hospital.uml#_qcEgQMRCEeWKx5llftJWKg"/>
  <maps dest="file:/C:/Users/nguye_tm/Dropbox/PhD/GitHub/uml2b/Selkis_B4MSecure/../Hospital/Hospital/Models/Hospital.b#//@machines.0/@operations.16" rule="UML2B.Transfo.UML2B_Selkis.Attr_UpdateDestructor" src="file:/C:/Users/nguye_tm/Dropbox/PhD/GitHub/uml2b/Selkis_B4MSecure/../Hospital/Hospital/Models/Hospital.uml#_SflcgMRDEeWKx5llftJWKg"/>
  <maps dest="file:/C:/Users/nguye_tm/Dropbox/PhD/GitHub/uml2b/Selkis_B4MSecure/../Hospital/Hospital/Models/Hospital.b#//@machines.0/@operations.16" rule="UML2B.Transfo.UML2B_Selkis.Attr_UpdateDestructor" src="file:/C:/Users/nguye_tm/Dropbox/PhD/GitHub/uml2b/Selkis_B4MSecure/../Hospital/Hospital/Models/Hospital.uml#_MnfXIMybEeWUhI-tmoleQw"/>
  <maps dest="file:/C:/Users/nguye_tm/Dropbox/PhD/GitHub/uml2b/Selkis_B4MSecure/../Hospital/Hospital/Models/Hospital.b#//@machines.0/@operations.7" rule="UML2B.Transfo.UML2B_Selkis.Attr_UpdateConstructor_DefaultSupport" src="file:/C:/Users/nguye_tm/Dropbox/PhD/GitHub/uml2b/Selkis_B4MSecure/../Hospital/Hospital/Models/Hospital.uml#_Lae3gMRCEeWKx5llftJWKg"/>
  <maps dest="file:/C:/Users/nguye_tm/Dropbox/PhD/GitHub/uml2b/Selkis_B4MSecure/../Hospital/Hospital/Models/Hospital.b#//@machines.0/@operations.7" rule="UML2B.Transfo.UML2B_Selkis.Attr_UpdateConstructor_DefaultSupport" src="file:/C:/Users/nguye_tm/Dropbox/PhD/GitHub/uml2b/Selkis_B4MSecure/../Hospital/Hospital/Models/Hospital.uml#_btvqoMRCEeWKx5llftJWKg"/>
  <maps dest="file:/C:/Users/nguye_tm/Dropbox/PhD/GitHub/uml2b/Selkis_B4MSecure/../Hospital/Hospital/Models/Hospital.b#//@machines.0/@operations.8" rule="UML2B.Transfo.UML2B_Selkis.Attr_UpdateConstructor_DefaultSupport" src="file:/C:/Users/nguye_tm/Dropbox/PhD/GitHub/uml2b/Selkis_B4MSecure/../Hospital/Hospital/Models/Hospital.uml#_qcEgQMRCEeWKx5llftJWKg"/>
  <maps dest="file:/C:/Users/nguye_tm/Dropbox/PhD/GitHub/uml2b/Selkis_B4MSecure/../Hospital/Hospital/Models/Hospital.b#//@machines.0/@operations.15" rule="UML2B.Transfo.UML2B_Selkis.Attr_UpdateConstructor_DefaultSupport" src="file:/C:/Users/nguye_tm/Dropbox/PhD/GitHub/uml2b/Selkis_B4MSecure/../Hospital/Hospital/Models/Hospital.uml#_SflcgMRDEeWKx5llftJWKg"/>
  <maps dest="file:/C:/Users/nguye_tm/Dropbox/PhD/GitHub/uml2b/Selkis_B4MSecure/../Hospital/Hospital/Models/Hospital.b#//@machines.0/@operations.15" rule="UML2B.Transfo.UML2B_Selkis.Attr_UpdateConstructor_DefaultSupport" src="file:/C:/Users/nguye_tm/Dropbox/PhD/GitHub/uml2b/Selkis_B4MSecure/../Hospital/Hospital/Models/Hospital.uml#_MnfXIMybEeWUhI-tmoleQw"/>
  <maps dest="file:/C:/Users/nguye_tm/Dropbox/PhD/GitHub/uml2b/Selkis_B4MSecure/../Hospital/Hospital/Models/Hospital.b#//@machines.0/@operations.8" rule="UML2B.Transfo.UML2B_Selkis.UniqueAttr_UpdateConstructor" src="file:/C:/Users/nguye_tm/Dropbox/PhD/GitHub/uml2b/Selkis_B4MSecure/../Hospital/Hospital/Models/Hospital.uml#_nsIIMMRCEeWKx5llftJWKg"/>
  <maps dest="file:/C:/Users/nguye_tm/Dropbox/PhD/GitHub/uml2b/Selkis_B4MSecure/../Hospital/Hospital/Models/Hospital.b#//@machines.0/@operations.32" rule="UML2B.Transfo.UML2B_Selkis.Attr_GenerateAccessor" src="file:/C:/Users/nguye_tm/Dropbox/PhD/GitHub/uml2b/Selkis_B4MSecure/../Hospital/Hospital/Models/Hospital.uml#_Lae3gMRCEeWKx5llftJWKg"/>
  <maps dest="file:/C:/Users/nguye_tm/Dropbox/PhD/GitHub/uml2b/Selkis_B4MSecure/../Hospital/Hospital/Models/Hospital.b#//@machines.0/@operations.33" rule="UML2B.Transfo.UML2B_Selkis.Attr_GenerateAccessor" src="file:/C:/Users/nguye_tm/Dropbox/PhD/GitHub/uml2b/Selkis_B4MSecure/../Hospital/Hospital/Models/Hospital.uml#_btvqoMRCEeWKx5llftJWKg"/>
  <maps dest="file:/C:/Users/nguye_tm/Dropbox/PhD/GitHub/uml2b/Selkis_B4MSecure/../Hospital/Hospital/Models/Hospital.b#//@machines.0/@operations.34" rule="UML2B.Transfo.UML2B_Selkis.Attr_GenerateAccessor" src="file:/C:/Users/nguye_tm/Dropbox/PhD/GitHub/uml2b/Selkis_B4MSecure/../Hospital/Hospital/Models/Hospital.uml#_nsIIMMRCEeWKx5llftJWKg"/>
  <maps dest="file:/C:/Users/nguye_tm/Dropbox/PhD/GitHub/uml2b/Selkis_B4MSecure/../Hospital/Hospital/Models/Hospital.b#//@machines.0/@operations.35" rule="UML2B.Transfo.UML2B_Selkis.Attr_GenerateAccessor" src="file:/C:/Users/nguye_tm/Dropbox/PhD/GitHub/uml2b/Selkis_B4MSecure/../Hospital/Hospital/Models/Hospital.uml#_qcEgQMRCEeWKx5llftJWKg"/>
  <maps dest="file:/C:/Users/nguye_tm/Dropbox/PhD/GitHub/uml2b/Selkis_B4MSecure/../Hospital/Hospital/Models/Hospital.b#//@machines.0/@operations.36" rule="UML2B.Transfo.UML2B_Selkis.Attr_GenerateAccessor" src="file:/C:/Users/nguye_tm/Dropbox/PhD/GitHub/uml2b/Selkis_B4MSecure/../Hospital/Hospital/Models/Hospital.uml#_SflcgMRDEeWKx5llftJWKg"/>
  <maps dest="file:/C:/Users/nguye_tm/Dropbox/PhD/GitHub/uml2b/Selkis_B4MSecure/../Hospital/Hospital/Models/Hospital.b#//@machines.0/@operations.37" rule="UML2B.Transfo.UML2B_Selkis.Attr_GenerateAccessor" src="file:/C:/Users/nguye_tm/Dropbox/PhD/GitHub/uml2b/Selkis_B4MSecure/../Hospital/Hospital/Models/Hospital.uml#_MnfXIMybEeWUhI-tmoleQw"/>
  <maps dest="file:/C:/Users/nguye_tm/Dropbox/PhD/GitHub/uml2b/Selkis_B4MSecure/../Hospital/Hospital/Models/Hospital.b#//@machines.0/@operations.38" rule="UML2B.Transfo.UML2B_Selkis.Attr_GenerateSetter" src="file:/C:/Users/nguye_tm/Dropbox/PhD/GitHub/uml2b/Selkis_B4MSecure/../Hospital/Hospital/Models/Hospital.uml#_Lae3gMRCEeWKx5llftJWKg"/>
  <maps dest="file:/C:/Users/nguye_tm/Dropbox/PhD/GitHub/uml2b/Selkis_B4MSecure/../Hospital/Hospital/Models/Hospital.b#//@machines.0/@operations.39" rule="UML2B.Transfo.UML2B_Selkis.Attr_GenerateSetter" src="file:/C:/Users/nguye_tm/Dropbox/PhD/GitHub/uml2b/Selkis_B4MSecure/../Hospital/Hospital/Models/Hospital.uml#_btvqoMRCEeWKx5llftJWKg"/>
  <maps dest="file:/C:/Users/nguye_tm/Dropbox/PhD/GitHub/uml2b/Selkis_B4MSecure/../Hospital/Hospital/Models/Hospital.b#//@machines.0/@operations.40" rule="UML2B.Transfo.UML2B_Selkis.Attr_GenerateSetter" src="file:/C:/Users/nguye_tm/Dropbox/PhD/GitHub/uml2b/Selkis_B4MSecure/../Hospital/Hospital/Models/Hospital.uml#_qcEgQMRCEeWKx5llftJWKg"/>
  <maps dest="file:/C:/Users/nguye_tm/Dropbox/PhD/GitHub/uml2b/Selkis_B4MSecure/../Hospital/Hospital/Models/Hospital.b#//@machines.0/@operations.41" rule="UML2B.Transfo.UML2B_Selkis.Attr_GenerateSetter" src="file:/C:/Users/nguye_tm/Dropbox/PhD/GitHub/uml2b/Selkis_B4MSecure/../Hospital/Hospital/Models/Hospital.uml#_SflcgMRDEeWKx5llftJWKg"/>
  <maps dest="file:/C:/Users/nguye_tm/Dropbox/PhD/GitHub/uml2b/Selkis_B4MSecure/../Hospital/Hospital/Models/Hospital.b#//@machines.0/@operations.42" rule="UML2B.Transfo.UML2B_Selkis.Attr_GenerateSetter" src="file:/C:/Users/nguye_tm/Dropbox/PhD/GitHub/uml2b/Selkis_B4MSecure/../Hospital/Hospital/Models/Hospital.uml#_MnfXIMybEeWUhI-tmoleQw"/>
  <maps dest="file:/C:/Users/nguye_tm/Dropbox/PhD/GitHub/uml2b/Selkis_B4MSecure/../Hospital/Hospital/Models/Hospital.b#//@machines.0/@operations.43" rule="UML2B.Transfo.UML2B_Selkis.UniqueAttr_GenerateSetter" src="file:/C:/Users/nguye_tm/Dropbox/PhD/GitHub/uml2b/Selkis_B4MSecure/../Hospital/Hospital/Models/Hospital.uml#_nsIIMMRCEeWKx5llftJWKg"/>
  <srcElements ref="file:/C:/Users/nguye_tm/Dropbox/PhD/GitHub/uml2b/Selkis_B4MSecure/../Hospital/Hospital/Models/Hospital.uml#_6uxvMMRBEeWKx5llftJWKg" mapping="//@maps.0"/>
  <srcElements ref="pathmap://UML_LIBRARIES/UMLPrimitiveTypes.library.uml#String" mapping="//@maps.1 //@maps.4"/>
  <srcElements ref="pathmap://UML_LIBRARIES/UMLPrimitiveTypes.library.uml#Boolean" mapping="//@maps.2 //@maps.6"/>
  <srcElements ref="pathmap://UML_LIBRARIES/UMLPrimitiveTypes.library.uml#Integer" mapping="//@maps.3 //@maps.5"/>
  <srcElements ref="file:/C:/Users/nguye_tm/Dropbox/PhD/GitHub/uml2b/Selkis_B4MSecure/../Hospital/Hospital/Models/Hospital.uml#_Jo1TsMRCEeWKx5llftJWKg" mapping="//@maps.7 //@maps.18 //@maps.23"/>
  <srcElements ref="file:/C:/Users/nguye_tm/Dropbox/PhD/GitHub/uml2b/Selkis_B4MSecure/../Hospital/Hospital/Models/Hospital.uml#_mSOWAMRCEeWKx5llftJWKg" mapping="//@maps.8 //@maps.19 //@maps.25"/>
  <srcElements ref="file:/C:/Users/nguye_tm/Dropbox/PhD/GitHub/uml2b/Selkis_B4MSecure/../Hospital/Hospital/Models/Hospital.uml#_vNOiIMRCEeWKx5llftJWKg" mapping="//@maps.9 //@maps.20 //@maps.27"/>
  <srcElements ref="file:/C:/Users/nguye_tm/Dropbox/PhD/GitHub/uml2b/Selkis_B4MSecure/../Hospital/Hospital/Models/Hospital.uml#_0yaB8MRCEeWKx5llftJWKg" mapping="//@maps.10 //@maps.21 //@maps.29"/>
  <srcElements ref="file:/C:/Users/nguye_tm/Dropbox/PhD/GitHub/uml2b/Selkis_B4MSecure/../Hospital/Hospital/Models/Hospital.uml#_ewMvAMRCEeWKx5llftJWKg" mapping="//@maps.11"/>
  <srcElements ref="file:/C:/Users/nguye_tm/Dropbox/PhD/GitHub/uml2b/Selkis_B4MSecure/../Hospital/Hospital/Models/Hospital.uml#_gTKhIMRDEeWKx5llftJWKg" mapping="//@maps.12"/>
  <srcElements ref="file:/C:/Users/nguye_tm/Dropbox/PhD/GitHub/uml2b/Selkis_B4MSecure/../Hospital/Hospital/Models/Hospital.uml#_wTwsYMRCEeWKx5llftJWKg" mapping="//@maps.13"/>
  <srcElements ref="file:/C:/Users/nguye_tm/Dropbox/PhD/GitHub/uml2b/Selkis_B4MSecure/../Hospital/Hospital/Models/Hospital.uml#_5Zp54MRCEeWKx5llftJWKg" mapping="//@maps.14"/>
  <srcElements ref="file:/C:/Users/nguye_tm/Dropbox/PhD/GitHub/uml2b/Selkis_B4MSecure/../Hospital/Hospital/Models/Hospital.uml#_EYg0IMRDEeWKx5llftJWKg" mapping="//@maps.15"/>
  <srcElements ref="file:/C:/Users/nguye_tm/Dropbox/PhD/GitHub/uml2b/Selkis_B4MSecure/../Hospital/Hospital/Models/Hospital.uml#_JrX04MRDEeWKx5llftJWKg" mapping="//@maps.16"/>
  <srcElements ref="file:/C:/Users/nguye_tm/Dropbox/PhD/GitHub/uml2b/Selkis_B4MSecure/../Hospital/Hospital/Models/Hospital.uml#_eaUcgssPEeWkO9UiFG_vOw" mapping="//@maps.17"/>
  <srcElements ref="file:/C:/Users/nguye_tm/Dropbox/PhD/GitHub/uml2b/Selkis_B4MSecure/../Hospital/Hospital/Models/Hospital.uml#/0/B4MSecureModel/Functional/MedicalRecord/MedicalRecord_Free" mapping="//@maps.22"/>
  <srcElements ref="file:/C:/Users/nguye_tm/Dropbox/PhD/GitHub/uml2b/Selkis_B4MSecure/../Hospital/Hospital/Models/Hospital.uml#/0/B4MSecureModel/Functional/Patient/Patient_Free" mapping="//@maps.24"/>
  <srcElements ref="file:/C:/Users/nguye_tm/Dropbox/PhD/GitHub/uml2b/Selkis_B4MSecure/../Hospital/Hospital/Models/Hospital.uml#/0/B4MSecureModel/Functional/Doctor/Doctor_Free" mapping="//@maps.26"/>
  <srcElements ref="file:/C:/Users/nguye_tm/Dropbox/PhD/GitHub/uml2b/Selkis_B4MSecure/../Hospital/Hospital/Models/Hospital.uml#/0/B4MSecureModel/Functional/Hospital/Hospital_Free" mapping="//@maps.28"/>
  <srcElements ref="file:/C:/Users/nguye_tm/Dropbox/PhD/GitHub/uml2b/Selkis_B4MSecure/../Hospital/Hospital/Models/Hospital.uml#_BbPxwMRDEeWKx5llftJWKg" mapping="//@maps.30 //@maps.33 //@maps.35"/>
  <srcElements ref="file:/C:/Users/nguye_tm/Dropbox/PhD/GitHub/uml2b/Selkis_B4MSecure/../Hospital/Hospital/Models/Hospital.uml#_mBfV4MRDEeWKx5llftJWKg" mapping="//@maps.31"/>
  <srcElements ref="file:/C:/Users/nguye_tm/Dropbox/PhD/GitHub/uml2b/Selkis_B4MSecure/../Hospital/Hospital/Models/Hospital.uml#_pD-2gMRDEeWKx5llftJWKg" mapping="//@maps.32"/>
  <srcElements ref="file:/C:/Users/nguye_tm/Dropbox/PhD/GitHub/uml2b/Selkis_B4MSecure/../Hospital/Hospital/Models/Hospital.uml#/0/B4MSecureModel/Functional/HospitalStay/HospitalStay_Free" mapping="//@maps.34"/>
  <srcElements ref="file:/C:/Users/nguye_tm/Dropbox/PhD/GitHub/uml2b/Selkis_B4MSecure/../Hospital/Hospital/Models/Hospital.uml#_mBfV4cRDEeWKx5llftJWKg" mapping="//@maps.36 //@maps.40 //@maps.46 //@maps.50"/>
  <srcElements ref="file:/C:/Users/nguye_tm/Dropbox/PhD/GitHub/uml2b/Selkis_B4MSecure/../Hospital/Hospital/Models/Hospital.uml#_mBfV5MRDEeWKx5llftJWKg" mapping="//@maps.37 //@maps.41 //@maps.47 //@maps.51"/>
  <srcElements ref="file:/C:/Users/nguye_tm/Dropbox/PhD/GitHub/uml2b/Selkis_B4MSecure/../Hospital/Hospital/Models/Hospital.uml#_BbPxwcRDEeWKx5llftJWKg" mapping="//@maps.38 //@maps.44 //@maps.53 //@maps.56"/>
  <srcElements ref="file:/C:/Users/nguye_tm/Dropbox/PhD/GitHub/uml2b/Selkis_B4MSecure/../Hospital/Hospital/Models/Hospital.uml#_BbPxxMRDEeWKx5llftJWKg" mapping="//@maps.39 //@maps.45 //@maps.54 //@maps.57"/>
  <srcElements ref="file:/C:/Users/nguye_tm/Dropbox/PhD/GitHub/uml2b/Selkis_B4MSecure/../Hospital/Hospital/Models/Hospital.uml#_pD-2gcRDEeWKx5llftJWKg" mapping="//@maps.42 //@maps.48 //@maps.55 //@maps.58"/>
  <srcElements ref="file:/C:/Users/nguye_tm/Dropbox/PhD/GitHub/uml2b/Selkis_B4MSecure/../Hospital/Hospital/Models/Hospital.uml#_pD-2hMRDEeWKx5llftJWKg" mapping="//@maps.43 //@maps.49 //@maps.52"/>
  <srcElements ref="file:/C:/Users/nguye_tm/Dropbox/PhD/GitHub/uml2b/Selkis_B4MSecure/../Hospital/Hospital/Models/Hospital.uml#_Lae3gMRCEeWKx5llftJWKg" mapping="//@maps.59 //@maps.65 //@maps.71 //@maps.77 //@maps.83"/>
  <srcElements ref="file:/C:/Users/nguye_tm/Dropbox/PhD/GitHub/uml2b/Selkis_B4MSecure/../Hospital/Hospital/Models/Hospital.uml#_btvqoMRCEeWKx5llftJWKg" mapping="//@maps.60 //@maps.66 //@maps.72 //@maps.78 //@maps.84"/>
  <srcElements ref="file:/C:/Users/nguye_tm/Dropbox/PhD/GitHub/uml2b/Selkis_B4MSecure/../Hospital/Hospital/Models/Hospital.uml#_qcEgQMRCEeWKx5llftJWKg" mapping="//@maps.61 //@maps.68 //@maps.73 //@maps.80 //@maps.85"/>
  <srcElements ref="file:/C:/Users/nguye_tm/Dropbox/PhD/GitHub/uml2b/Selkis_B4MSecure/../Hospital/Hospital/Models/Hospital.uml#_SflcgMRDEeWKx5llftJWKg" mapping="//@maps.62 //@maps.69 //@maps.74 //@maps.81 //@maps.86"/>
  <srcElements ref="file:/C:/Users/nguye_tm/Dropbox/PhD/GitHub/uml2b/Selkis_B4MSecure/../Hospital/Hospital/Models/Hospital.uml#_MnfXIMybEeWUhI-tmoleQw" mapping="//@maps.63 //@maps.70 //@maps.75 //@maps.82 //@maps.87"/>
  <srcElements ref="file:/C:/Users/nguye_tm/Dropbox/PhD/GitHub/uml2b/Selkis_B4MSecure/../Hospital/Hospital/Models/Hospital.uml#_nsIIMMRCEeWKx5llftJWKg" mapping="//@maps.64 //@maps.67 //@maps.76 //@maps.79 //@maps.88"/>
  <rules ref="UML2B.Transfo.UML2B_Selkis.createSysMachine"/>
  <rules ref="UML2B.Transfo.UML2B_Selkis.GeneratePrimitiveTypes"/>
  <rules ref="UML2B.Transfo.UML2B_Selkis.GenerateClassBVariableInSystemMachine"/>
  <rules ref="UML2B.Transfo.UML2B_Selkis.GenerateOperationSkeleton"/>
  <rules ref="UML2B.Transfo.UML2B_Selkis.GenerateConstructor"/>
  <rules ref="UML2B.Transfo.UML2B_Selkis.GenerateDestructor_Internal"/>
  <rules ref="UML2B.Transfo.UML2B_Selkis.GenerateDestructor"/>
  <rules ref="UML2B.Transfo.UML2B_Selkis.GenerateAssociationBVariable"/>
  <rules ref="UML2B.Transfo.UML2B_Selkis.AssociationClass_GenerateConstructor"/>
  <rules ref="UML2B.Transfo.UML2B_Selkis.AssociationClass_GenerateDestructor_Internal"/>
  <rules ref="UML2B.Transfo.UML2B_Selkis.AssociationClass_GenerateDestructor"/>
  <rules ref="UML2B.Transfo.UML2B_Selkis.Role_UpdateConstructor"/>
  <rules ref="UML2B.Transfo.UML2B_Selkis.Role_UpdateDestructor"/>
  <rules ref="UML2B.Transfo.UML2B_Selkis.NavigableRole_GenerateAccessor"/>
  <rules ref="UML2B.Transfo.UML2B_Selkis.NavigableRole_GenerateMutator_monovaluedSetter"/>
  <rules ref="UML2B.Transfo.UML2B_Selkis.NavigableRole_GenerateMutator_multivaluedAdder"/>
  <rules ref="UML2B.Transfo.UML2B_Selkis.NavigableRole_GenerateMutator_multivaluedRemover"/>
  <rules ref="UML2B.Transfo.UML2B_Selkis.GenerateAttributeBVariable"/>
  <rules ref="UML2B.Transfo.UML2B_Selkis.GenerateUniqueMonovaluedAttributeBVariable"/>
  <rules ref="UML2B.Transfo.UML2B_Selkis.Attr_UpdateDestructor"/>
  <rules ref="UML2B.Transfo.UML2B_Selkis.Attr_UpdateConstructor_DefaultSupport"/>
  <rules ref="UML2B.Transfo.UML2B_Selkis.UniqueAttr_UpdateConstructor"/>
  <rules ref="UML2B.Transfo.UML2B_Selkis.Attr_GenerateAccessor"/>
  <rules ref="UML2B.Transfo.UML2B_Selkis.Attr_GenerateSetter"/>
  <rules ref="UML2B.Transfo.UML2B_Selkis.UniqueAttr_GenerateSetter"/>
  <destElements ref="file:/C:/Users/nguye_tm/Dropbox/PhD/GitHub/uml2b/Selkis_B4MSecure/../Hospital/Hospital/Models/Hospital.b#//@machines.0"/>
  <destElements ref="file:/C:/Users/nguye_tm/Dropbox/PhD/GitHub/uml2b/Selkis_B4MSecure/../Hospital/Hospital/Models/Hospital.b#//@machines.0/@data.0"/>
  <destElements ref="file:/C:/Users/nguye_tm/Dropbox/PhD/GitHub/uml2b/Selkis_B4MSecure/../Hospital/Hospital/Models/Hospital.b#//@sharedTypes/@sharedTypes.0"/>
  <destElements ref="file:/C:/Users/nguye_tm/Dropbox/PhD/GitHub/uml2b/Selkis_B4MSecure/../Hospital/Hospital/Models/Hospital.b#//@sharedTypes/@sharedTypes.1"/>
  <destElements ref="file:/C:/Users/nguye_tm/Dropbox/PhD/GitHub/uml2b/Selkis_B4MSecure/../Hospital/Hospital/Models/Hospital.b#//@machines.0/@data.0"/>
  <destElements ref="file:/C:/Users/nguye_tm/Dropbox/PhD/GitHub/uml2b/Selkis_B4MSecure/../Hospital/Hospital/Models/Hospital.b#//@sharedTypes/@sharedTypes.1"/>
  <destElements ref="file:/C:/Users/nguye_tm/Dropbox/PhD/GitHub/uml2b/Selkis_B4MSecure/../Hospital/Hospital/Models/Hospital.b#//@sharedTypes/@sharedTypes.0"/>
  <destElements ref="file:/C:/Users/nguye_tm/Dropbox/PhD/GitHub/uml2b/Selkis_B4MSecure/../Hospital/Hospital/Models/Hospital.b#//@machines.0/@data.1"/>
  <destElements ref="file:/C:/Users/nguye_tm/Dropbox/PhD/GitHub/uml2b/Selkis_B4MSecure/../Hospital/Hospital/Models/Hospital.b#//@machines.0/@data.3"/>
  <destElements ref="file:/C:/Users/nguye_tm/Dropbox/PhD/GitHub/uml2b/Selkis_B4MSecure/../Hospital/Hospital/Models/Hospital.b#//@machines.0/@data.5"/>
  <destElements ref="file:/C:/Users/nguye_tm/Dropbox/PhD/GitHub/uml2b/Selkis_B4MSecure/../Hospital/Hospital/Models/Hospital.b#//@machines.0/@data.7"/>
  <destElements ref="file:/C:/Users/nguye_tm/Dropbox/PhD/GitHub/uml2b/Selkis_B4MSecure/../Hospital/Hospital/Models/Hospital.b#//@machines.0/@operations.0"/>
  <destElements ref="file:/C:/Users/nguye_tm/Dropbox/PhD/GitHub/uml2b/Selkis_B4MSecure/../Hospital/Hospital/Models/Hospital.b#//@machines.0/@operations.1"/>
  <destElements ref="file:/C:/Users/nguye_tm/Dropbox/PhD/GitHub/uml2b/Selkis_B4MSecure/../Hospital/Hospital/Models/Hospital.b#//@machines.0/@operations.2"/>
  <destElements ref="file:/C:/Users/nguye_tm/Dropbox/PhD/GitHub/uml2b/Selkis_B4MSecure/../Hospital/Hospital/Models/Hospital.b#//@machines.0/@operations.3"/>
  <destElements ref="file:/C:/Users/nguye_tm/Dropbox/PhD/GitHub/uml2b/Selkis_B4MSecure/../Hospital/Hospital/Models/Hospital.b#//@machines.0/@operations.4"/>
  <destElements ref="file:/C:/Users/nguye_tm/Dropbox/PhD/GitHub/uml2b/Selkis_B4MSecure/../Hospital/Hospital/Models/Hospital.b#//@machines.0/@operations.5"/>
  <destElements ref="file:/C:/Users/nguye_tm/Dropbox/PhD/GitHub/uml2b/Selkis_B4MSecure/../Hospital/Hospital/Models/Hospital.b#//@machines.0/@operations.6"/>
  <destElements ref="file:/C:/Users/nguye_tm/Dropbox/PhD/GitHub/uml2b/Selkis_B4MSecure/../Hospital/Hospital/Models/Hospital.b#//@machines.0/@operations.7"/>
  <destElements ref="file:/C:/Users/nguye_tm/Dropbox/PhD/GitHub/uml2b/Selkis_B4MSecure/../Hospital/Hospital/Models/Hospital.b#//@machines.0/@operations.8"/>
  <destElements ref="file:/C:/Users/nguye_tm/Dropbox/PhD/GitHub/uml2b/Selkis_B4MSecure/../Hospital/Hospital/Models/Hospital.b#//@machines.0/@operations.9"/>
  <destElements ref="file:/C:/Users/nguye_tm/Dropbox/PhD/GitHub/uml2b/Selkis_B4MSecure/../Hospital/Hospital/Models/Hospital.b#//@machines.0/@operations.10"/>
  <destElements ref="file:/C:/Users/nguye_tm/Dropbox/PhD/GitHub/uml2b/Selkis_B4MSecure/../Hospital/Hospital/Models/Hospital.b#//@machines.0/@operations.11"/>
  <destElements ref="file:/C:/Users/nguye_tm/Dropbox/PhD/GitHub/uml2b/Selkis_B4MSecure/../Hospital/Hospital/Models/Hospital.b#//@machines.0/@operations.11"/>
  <destElements ref="file:/C:/Users/nguye_tm/Dropbox/PhD/GitHub/uml2b/Selkis_B4MSecure/../Hospital/Hospital/Models/Hospital.b#//@machines.0/@operations.12"/>
  <destElements ref="file:/C:/Users/nguye_tm/Dropbox/PhD/GitHub/uml2b/Selkis_B4MSecure/../Hospital/Hospital/Models/Hospital.b#//@machines.0/@operations.12"/>
  <destElements ref="file:/C:/Users/nguye_tm/Dropbox/PhD/GitHub/uml2b/Selkis_B4MSecure/../Hospital/Hospital/Models/Hospital.b#//@machines.0/@operations.13"/>
  <destElements ref="file:/C:/Users/nguye_tm/Dropbox/PhD/GitHub/uml2b/Selkis_B4MSecure/../Hospital/Hospital/Models/Hospital.b#//@machines.0/@operations.13"/>
  <destElements ref="file:/C:/Users/nguye_tm/Dropbox/PhD/GitHub/uml2b/Selkis_B4MSecure/../Hospital/Hospital/Models/Hospital.b#//@machines.0/@operations.14"/>
  <destElements ref="file:/C:/Users/nguye_tm/Dropbox/PhD/GitHub/uml2b/Selkis_B4MSecure/../Hospital/Hospital/Models/Hospital.b#//@machines.0/@operations.14"/>
  <destElements ref="file:/C:/Users/nguye_tm/Dropbox/PhD/GitHub/uml2b/Selkis_B4MSecure/../Hospital/Hospital/Models/Hospital.b#//@machines.0/@data.9"/>
  <destElements ref="file:/C:/Users/nguye_tm/Dropbox/PhD/GitHub/uml2b/Selkis_B4MSecure/../Hospital/Hospital/Models/Hospital.b#//@machines.0/@data.10"/>
  <destElements ref="file:/C:/Users/nguye_tm/Dropbox/PhD/GitHub/uml2b/Selkis_B4MSecure/../Hospital/Hospital/Models/Hospital.b#//@machines.0/@data.11"/>
  <destElements ref="file:/C:/Users/nguye_tm/Dropbox/PhD/GitHub/uml2b/Selkis_B4MSecure/../Hospital/Hospital/Models/Hospital.b#//@machines.0/@operations.15"/>
  <destElements ref="file:/C:/Users/nguye_tm/Dropbox/PhD/GitHub/uml2b/Selkis_B4MSecure/../Hospital/Hospital/Models/Hospital.b#//@machines.0/@operations.16"/>
  <destElements ref="file:/C:/Users/nguye_tm/Dropbox/PhD/GitHub/uml2b/Selkis_B4MSecure/../Hospital/Hospital/Models/Hospital.b#//@machines.0/@operations.16"/>
  <destElements ref="file:/C:/Users/nguye_tm/Dropbox/PhD/GitHub/uml2b/Selkis_B4MSecure/../Hospital/Hospital/Models/Hospital.b#//@machines.0/@operations.7"/>
  <destElements ref="file:/C:/Users/nguye_tm/Dropbox/PhD/GitHub/uml2b/Selkis_B4MSecure/../Hospital/Hospital/Models/Hospital.b#//@machines.0/@operations.8"/>
  <destElements ref="file:/C:/Users/nguye_tm/Dropbox/PhD/GitHub/uml2b/Selkis_B4MSecure/../Hospital/Hospital/Models/Hospital.b#//@machines.0/@operations.12"/>
  <destElements ref="file:/C:/Users/nguye_tm/Dropbox/PhD/GitHub/uml2b/Selkis_B4MSecure/../Hospital/Hospital/Models/Hospital.b#//@machines.0/@operations.14"/>
  <destElements ref="file:/C:/Users/nguye_tm/Dropbox/PhD/GitHub/uml2b/Selkis_B4MSecure/../Hospital/Hospital/Models/Hospital.b#//@machines.0/@operations.12"/>
  <destElements ref="file:/C:/Users/nguye_tm/Dropbox/PhD/GitHub/uml2b/Selkis_B4MSecure/../Hospital/Hospital/Models/Hospital.b#//@machines.0/@operations.11"/>
  <destElements ref="file:/C:/Users/nguye_tm/Dropbox/PhD/GitHub/uml2b/Selkis_B4MSecure/../Hospital/Hospital/Models/Hospital.b#//@machines.0/@operations.13"/>
  <destElements ref="file:/C:/Users/nguye_tm/Dropbox/PhD/GitHub/uml2b/Selkis_B4MSecure/../Hospital/Hospital/Models/Hospital.b#//@machines.0/@operations.14"/>
  <destElements ref="file:/C:/Users/nguye_tm/Dropbox/PhD/GitHub/uml2b/Selkis_B4MSecure/../Hospital/Hospital/Models/Hospital.b#//@machines.0/@operations.17"/>
  <destElements ref="file:/C:/Users/nguye_tm/Dropbox/PhD/GitHub/uml2b/Selkis_B4MSecure/../Hospital/Hospital/Models/Hospital.b#//@machines.0/@operations.18"/>
  <destElements ref="file:/C:/Users/nguye_tm/Dropbox/PhD/GitHub/uml2b/Selkis_B4MSecure/../Hospital/Hospital/Models/Hospital.b#//@machines.0/@operations.19"/>
  <destElements ref="file:/C:/Users/nguye_tm/Dropbox/PhD/GitHub/uml2b/Selkis_B4MSecure/../Hospital/Hospital/Models/Hospital.b#//@machines.0/@operations.20"/>
  <destElements ref="file:/C:/Users/nguye_tm/Dropbox/PhD/GitHub/uml2b/Selkis_B4MSecure/../Hospital/Hospital/Models/Hospital.b#//@machines.0/@operations.21"/>
  <destElements ref="file:/C:/Users/nguye_tm/Dropbox/PhD/GitHub/uml2b/Selkis_B4MSecure/../Hospital/Hospital/Models/Hospital.b#//@machines.0/@operations.22"/>
  <destElements ref="file:/C:/Users/nguye_tm/Dropbox/PhD/GitHub/uml2b/Selkis_B4MSecure/../Hospital/Hospital/Models/Hospital.b#//@machines.0/@operations.23"/>
  <destElements ref="file:/C:/Users/nguye_tm/Dropbox/PhD/GitHub/uml2b/Selkis_B4MSecure/../Hospital/Hospital/Models/Hospital.b#//@machines.0/@operations.24"/>
  <destElements ref="file:/C:/Users/nguye_tm/Dropbox/PhD/GitHub/uml2b/Selkis_B4MSecure/../Hospital/Hospital/Models/Hospital.b#//@machines.0/@operations.25"/>
  <destElements ref="file:/C:/Users/nguye_tm/Dropbox/PhD/GitHub/uml2b/Selkis_B4MSecure/../Hospital/Hospital/Models/Hospital.b#//@machines.0/@operations.26"/>
  <destElements ref="file:/C:/Users/nguye_tm/Dropbox/PhD/GitHub/uml2b/Selkis_B4MSecure/../Hospital/Hospital/Models/Hospital.b#//@machines.0/@operations.27"/>
  <destElements ref="file:/C:/Users/nguye_tm/Dropbox/PhD/GitHub/uml2b/Selkis_B4MSecure/../Hospital/Hospital/Models/Hospital.b#//@machines.0/@operations.28"/>
  <destElements ref="file:/C:/Users/nguye_tm/Dropbox/PhD/GitHub/uml2b/Selkis_B4MSecure/../Hospital/Hospital/Models/Hospital.b#//@machines.0/@operations.29"/>
  <destElements ref="file:/C:/Users/nguye_tm/Dropbox/PhD/GitHub/uml2b/Selkis_B4MSecure/../Hospital/Hospital/Models/Hospital.b#//@machines.0/@operations.30"/>
  <destElements ref="file:/C:/Users/nguye_tm/Dropbox/PhD/GitHub/uml2b/Selkis_B4MSecure/../Hospital/Hospital/Models/Hospital.b#//@machines.0/@operations.31"/>
  <destElements ref="file:/C:/Users/nguye_tm/Dropbox/PhD/GitHub/uml2b/Selkis_B4MSecure/../Hospital/Hospital/Models/Hospital.b#//@machines.0/@data.12"/>
  <destElements ref="file:/C:/Users/nguye_tm/Dropbox/PhD/GitHub/uml2b/Selkis_B4MSecure/../Hospital/Hospital/Models/Hospital.b#//@machines.0/@data.13"/>
  <destElements ref="file:/C:/Users/nguye_tm/Dropbox/PhD/GitHub/uml2b/Selkis_B4MSecure/../Hospital/Hospital/Models/Hospital.b#//@machines.0/@data.14"/>
  <destElements ref="file:/C:/Users/nguye_tm/Dropbox/PhD/GitHub/uml2b/Selkis_B4MSecure/../Hospital/Hospital/Models/Hospital.b#//@machines.0/@data.15"/>
  <destElements ref="file:/C:/Users/nguye_tm/Dropbox/PhD/GitHub/uml2b/Selkis_B4MSecure/../Hospital/Hospital/Models/Hospital.b#//@machines.0/@data.16"/>
  <destElements ref="file:/C:/Users/nguye_tm/Dropbox/PhD/GitHub/uml2b/Selkis_B4MSecure/../Hospital/Hospital/Models/Hospital.b#//@machines.0/@data.17"/>
  <destElements ref="file:/C:/Users/nguye_tm/Dropbox/PhD/GitHub/uml2b/Selkis_B4MSecure/../Hospital/Hospital/Models/Hospital.b#//@machines.0/@operations.11"/>
  <destElements ref="file:/C:/Users/nguye_tm/Dropbox/PhD/GitHub/uml2b/Selkis_B4MSecure/../Hospital/Hospital/Models/Hospital.b#//@machines.0/@operations.11"/>
  <destElements ref="file:/C:/Users/nguye_tm/Dropbox/PhD/GitHub/uml2b/Selkis_B4MSecure/../Hospital/Hospital/Models/Hospital.b#//@machines.0/@operations.12"/>
  <destElements ref="file:/C:/Users/nguye_tm/Dropbox/PhD/GitHub/uml2b/Selkis_B4MSecure/../Hospital/Hospital/Models/Hospital.b#//@machines.0/@operations.12"/>
  <destElements ref="file:/C:/Users/nguye_tm/Dropbox/PhD/GitHub/uml2b/Selkis_B4MSecure/../Hospital/Hospital/Models/Hospital.b#//@machines.0/@operations.16"/>
  <destElements ref="file:/C:/Users/nguye_tm/Dropbox/PhD/GitHub/uml2b/Selkis_B4MSecure/../Hospital/Hospital/Models/Hospital.b#//@machines.0/@operations.16"/>
  <destElements ref="file:/C:/Users/nguye_tm/Dropbox/PhD/GitHub/uml2b/Selkis_B4MSecure/../Hospital/Hospital/Models/Hospital.b#//@machines.0/@operations.7"/>
  <destElements ref="file:/C:/Users/nguye_tm/Dropbox/PhD/GitHub/uml2b/Selkis_B4MSecure/../Hospital/Hospital/Models/Hospital.b#//@machines.0/@operations.7"/>
  <destElements ref="file:/C:/Users/nguye_tm/Dropbox/PhD/GitHub/uml2b/Selkis_B4MSecure/../Hospital/Hospital/Models/Hospital.b#//@machines.0/@operations.8"/>
  <destElements ref="file:/C:/Users/nguye_tm/Dropbox/PhD/GitHub/uml2b/Selkis_B4MSecure/../Hospital/Hospital/Models/Hospital.b#//@machines.0/@operations.15"/>
  <destElements ref="file:/C:/Users/nguye_tm/Dropbox/PhD/GitHub/uml2b/Selkis_B4MSecure/../Hospital/Hospital/Models/Hospital.b#//@machines.0/@operations.15"/>
  <destElements ref="file:/C:/Users/nguye_tm/Dropbox/PhD/GitHub/uml2b/Selkis_B4MSecure/../Hospital/Hospital/Models/Hospital.b#//@machines.0/@operations.8"/>
  <destElements ref="file:/C:/Users/nguye_tm/Dropbox/PhD/GitHub/uml2b/Selkis_B4MSecure/../Hospital/Hospital/Models/Hospital.b#//@machines.0/@operations.32"/>
  <destElements ref="file:/C:/Users/nguye_tm/Dropbox/PhD/GitHub/uml2b/Selkis_B4MSecure/../Hospital/Hospital/Models/Hospital.b#//@machines.0/@operations.33"/>
  <destElements ref="file:/C:/Users/nguye_tm/Dropbox/PhD/GitHub/uml2b/Selkis_B4MSecure/../Hospital/Hospital/Models/Hospital.b#//@machines.0/@operations.34"/>
  <destElements ref="file:/C:/Users/nguye_tm/Dropbox/PhD/GitHub/uml2b/Selkis_B4MSecure/../Hospital/Hospital/Models/Hospital.b#//@machines.0/@operations.35"/>
  <destElements ref="file:/C:/Users/nguye_tm/Dropbox/PhD/GitHub/uml2b/Selkis_B4MSecure/../Hospital/Hospital/Models/Hospital.b#//@machines.0/@operations.36"/>
  <destElements ref="file:/C:/Users/nguye_tm/Dropbox/PhD/GitHub/uml2b/Selkis_B4MSecure/../Hospital/Hospital/Models/Hospital.b#//@machines.0/@operations.37"/>
  <destElements ref="file:/C:/Users/nguye_tm/Dropbox/PhD/GitHub/uml2b/Selkis_B4MSecure/../Hospital/Hospital/Models/Hospital.b#//@machines.0/@operations.38"/>
  <destElements ref="file:/C:/Users/nguye_tm/Dropbox/PhD/GitHub/uml2b/Selkis_B4MSecure/../Hospital/Hospital/Models/Hospital.b#//@machines.0/@operations.39"/>
  <destElements ref="file:/C:/Users/nguye_tm/Dropbox/PhD/GitHub/uml2b/Selkis_B4MSecure/../Hospital/Hospital/Models/Hospital.b#//@machines.0/@operations.40"/>
  <destElements ref="file:/C:/Users/nguye_tm/Dropbox/PhD/GitHub/uml2b/Selkis_B4MSecure/../Hospital/Hospital/Models/Hospital.b#//@machines.0/@operations.41"/>
  <destElements ref="file:/C:/Users/nguye_tm/Dropbox/PhD/GitHub/uml2b/Selkis_B4MSecure/../Hospital/Hospital/Models/Hospital.b#//@machines.0/@operations.42"/>
  <destElements ref="file:/C:/Users/nguye_tm/Dropbox/PhD/GitHub/uml2b/Selkis_B4MSecure/../Hospital/Hospital/Models/Hospital.b#//@machines.0/@operations.43"/>
</trace:TransformationTrace>
