<?xml version="1.0" encoding="ASCII"?>
<trace:TransformationTrace xmi:version="2.0" xmlns:xmi="http://www.omg.org/XMI" xmlns:trace="http://www.liglab.fr/vasco/ctm/trace/1.0">
  <maps dest="file:/C:/DevTools/Topcased-3.4.1/WS/fr.lig.vasco.selkis.ctm.example.uml2b/B/Selkis_VASCO_ORBAC__Selkis_VASCO_ORBAC.b#//@machines.0" rule="UML2B.Transfo.UML2B_Selkis.createSysMachine" src="file:/C:/DevTools/Topcased-3.4.1/WS/fr.lig.vasco.selkis.ctm.example.uml2b/UML/Selkis_VASCO_ORBAC.uml#_w8IxIM37EdqwVrslYOdUDA"/>
  <maps dest="file:/C:/DevTools/Topcased-3.4.1/WS/fr.lig.vasco.selkis.ctm.example.uml2b/B/Selkis_VASCO_ORBAC__Selkis_VASCO_ORBAC.b#//@machines.0/@data.0" rule="UML2B.Transfo.UML2B_Selkis.GenerateClassBVariableInSystemMachine" src="file:/C:/DevTools/Topcased-3.4.1/WS/fr.lig.vasco.selkis.ctm.example.uml2b/UML/Selkis_VASCO_ORBAC.uml#_Ru0JINdxEd-Hv89eFB3QSQ"/>
  <maps dest="file:/C:/DevTools/Topcased-3.4.1/WS/fr.lig.vasco.selkis.ctm.example.uml2b/B/Selkis_VASCO_ORBAC__Selkis_VASCO_ORBAC.b#//@machines.0/@data.2" rule="UML2B.Transfo.UML2B_Selkis.GenerateClassBVariableInSystemMachine" src="file:/C:/DevTools/Topcased-3.4.1/WS/fr.lig.vasco.selkis.ctm.example.uml2b/UML/Selkis_VASCO_ORBAC.uml#_VIOU-NdxEd-Hv89eFB3QSQ"/>
  <maps dest="file:/C:/DevTools/Topcased-3.4.1/WS/fr.lig.vasco.selkis.ctm.example.uml2b/B/Selkis_VASCO_ORBAC__Selkis_VASCO_ORBAC.b#//@machines.0/@data.4" rule="UML2B.Transfo.UML2B_Selkis.GenerateClassBVariableInSystemMachine" src="file:/C:/DevTools/Topcased-3.4.1/WS/fr.lig.vasco.selkis.ctm.example.uml2b/UML/Selkis_VASCO_ORBAC.uml#_WfGBSNdxEd-Hv89eFB3QSQ"/>
  <maps dest="file:/C:/DevTools/Topcased-3.4.1/WS/fr.lig.vasco.selkis.ctm.example.uml2b/B/Selkis_VASCO_ORBAC__Selkis_VASCO_ORBAC.b#//@machines.0/@data.6" rule="UML2B.Transfo.UML2B_Selkis.GenerateClassBVariableInSystemMachine" src="file:/C:/DevTools/Topcased-3.4.1/WS/fr.lig.vasco.selkis.ctm.example.uml2b/UML/Selkis_VASCO_ORBAC.uml#_zrQZeNdxEd-Hv89eFB3QSQ"/>
  <maps dest="file:/C:/DevTools/Topcased-3.4.1/WS/fr.lig.vasco.selkis.ctm.example.uml2b/B/Selkis_VASCO_ORBAC__Selkis_VASCO_ORBAC.b#//@machines.0/@data.8" rule="UML2B.Transfo.UML2B_Selkis.GenerateClassBVariableInSystemMachine" src="file:/C:/DevTools/Topcased-3.4.1/WS/fr.lig.vasco.selkis.ctm.example.uml2b/UML/Selkis_VASCO_ORBAC.uml#_DcF_iNdzEd-Hv89eFB3QSQ"/>
  <maps dest="file:/C:/DevTools/Topcased-3.4.1/WS/fr.lig.vasco.selkis.ctm.example.uml2b/B/Selkis_VASCO_ORBAC__Selkis_VASCO_ORBAC.b#//@machines.0/@operations.0" rule="UML2B.Transfo.UML2B_Selkis.GenerateConstructor" src="file:/C:/DevTools/Topcased-3.4.1/WS/fr.lig.vasco.selkis.ctm.example.uml2b/UML/Selkis_VASCO_ORBAC.uml#_Ru0JINdxEd-Hv89eFB3QSQ"/>
  <maps dest="file:/C:/DevTools/Topcased-3.4.1/WS/fr.lig.vasco.selkis.ctm.example.uml2b/B/Selkis_VASCO_ORBAC__Selkis_VASCO_ORBAC.b#//@machines.0/@operations.1" rule="UML2B.Transfo.UML2B_Selkis.GenerateConstructor" src="file:/C:/DevTools/Topcased-3.4.1/WS/fr.lig.vasco.selkis.ctm.example.uml2b/UML/Selkis_VASCO_ORBAC.uml#_VIOU-NdxEd-Hv89eFB3QSQ"/>
  <maps dest="file:/C:/DevTools/Topcased-3.4.1/WS/fr.lig.vasco.selkis.ctm.example.uml2b/B/Selkis_VASCO_ORBAC__Selkis_VASCO_ORBAC.b#//@machines.0/@operations.2" rule="UML2B.Transfo.UML2B_Selkis.GenerateConstructor" src="file:/C:/DevTools/Topcased-3.4.1/WS/fr.lig.vasco.selkis.ctm.example.uml2b/UML/Selkis_VASCO_ORBAC.uml#_WfGBSNdxEd-Hv89eFB3QSQ"/>
  <maps dest="file:/C:/DevTools/Topcased-3.4.1/WS/fr.lig.vasco.selkis.ctm.example.uml2b/B/Selkis_VASCO_ORBAC__Selkis_VASCO_ORBAC.b#//@machines.0/@operations.3" rule="UML2B.Transfo.UML2B_Selkis.GenerateConstructor" src="file:/C:/DevTools/Topcased-3.4.1/WS/fr.lig.vasco.selkis.ctm.example.uml2b/UML/Selkis_VASCO_ORBAC.uml#_zrQZeNdxEd-Hv89eFB3QSQ"/>
  <maps dest="file:/C:/DevTools/Topcased-3.4.1/WS/fr.lig.vasco.selkis.ctm.example.uml2b/B/Selkis_VASCO_ORBAC__Selkis_VASCO_ORBAC.b#//@machines.0/@operations.4" rule="UML2B.Transfo.UML2B_Selkis.GenerateConstructor" src="file:/C:/DevTools/Topcased-3.4.1/WS/fr.lig.vasco.selkis.ctm.example.uml2b/UML/Selkis_VASCO_ORBAC.uml#_DcF_iNdzEd-Hv89eFB3QSQ"/>
  <maps dest="file:/C:/DevTools/Topcased-3.4.1/WS/fr.lig.vasco.selkis.ctm.example.uml2b/B/Selkis_VASCO_ORBAC__Selkis_VASCO_ORBAC.b#//@machines.0/@operations.5" rule="UML2B.Transfo.UML2B_Selkis.GenerateDestructor_Internal" src="file:/C:/DevTools/Topcased-3.4.1/WS/fr.lig.vasco.selkis.ctm.example.uml2b/UML/Selkis_VASCO_ORBAC.uml#//Selkis_VASCO_ORBAC/User/User_Free"/>
  <maps dest="file:/C:/DevTools/Topcased-3.4.1/WS/fr.lig.vasco.selkis.ctm.example.uml2b/B/Selkis_VASCO_ORBAC__Selkis_VASCO_ORBAC.b#//@machines.0/@operations.5" rule="UML2B.Transfo.UML2B_Selkis.GenerateDestructor" src="file:/C:/DevTools/Topcased-3.4.1/WS/fr.lig.vasco.selkis.ctm.example.uml2b/UML/Selkis_VASCO_ORBAC.uml#_Ru0JINdxEd-Hv89eFB3QSQ"/>
  <maps dest="file:/C:/DevTools/Topcased-3.4.1/WS/fr.lig.vasco.selkis.ctm.example.uml2b/B/Selkis_VASCO_ORBAC__Selkis_VASCO_ORBAC.b#//@machines.0/@operations.6" rule="UML2B.Transfo.UML2B_Selkis.GenerateDestructor_Internal" src="file:/C:/DevTools/Topcased-3.4.1/WS/fr.lig.vasco.selkis.ctm.example.uml2b/UML/Selkis_VASCO_ORBAC.uml#//Selkis_VASCO_ORBAC/Org/Org_Free"/>
  <maps dest="file:/C:/DevTools/Topcased-3.4.1/WS/fr.lig.vasco.selkis.ctm.example.uml2b/B/Selkis_VASCO_ORBAC__Selkis_VASCO_ORBAC.b#//@machines.0/@operations.6" rule="UML2B.Transfo.UML2B_Selkis.GenerateDestructor" src="file:/C:/DevTools/Topcased-3.4.1/WS/fr.lig.vasco.selkis.ctm.example.uml2b/UML/Selkis_VASCO_ORBAC.uml#_VIOU-NdxEd-Hv89eFB3QSQ"/>
  <maps dest="file:/C:/DevTools/Topcased-3.4.1/WS/fr.lig.vasco.selkis.ctm.example.uml2b/B/Selkis_VASCO_ORBAC__Selkis_VASCO_ORBAC.b#//@machines.0/@operations.7" rule="UML2B.Transfo.UML2B_Selkis.GenerateDestructor_Internal" src="file:/C:/DevTools/Topcased-3.4.1/WS/fr.lig.vasco.selkis.ctm.example.uml2b/UML/Selkis_VASCO_ORBAC.uml#//Selkis_VASCO_ORBAC/Role/Role_Free"/>
  <maps dest="file:/C:/DevTools/Topcased-3.4.1/WS/fr.lig.vasco.selkis.ctm.example.uml2b/B/Selkis_VASCO_ORBAC__Selkis_VASCO_ORBAC.b#//@machines.0/@operations.7" rule="UML2B.Transfo.UML2B_Selkis.GenerateDestructor" src="file:/C:/DevTools/Topcased-3.4.1/WS/fr.lig.vasco.selkis.ctm.example.uml2b/UML/Selkis_VASCO_ORBAC.uml#_WfGBSNdxEd-Hv89eFB3QSQ"/>
  <maps dest="file:/C:/DevTools/Topcased-3.4.1/WS/fr.lig.vasco.selkis.ctm.example.uml2b/B/Selkis_VASCO_ORBAC__Selkis_VASCO_ORBAC.b#//@machines.0/@operations.8" rule="UML2B.Transfo.UML2B_Selkis.GenerateDestructor_Internal" src="file:/C:/DevTools/Topcased-3.4.1/WS/fr.lig.vasco.selkis.ctm.example.uml2b/UML/Selkis_VASCO_ORBAC.uml#//Selkis_VASCO_ORBAC/Session/Session_Free"/>
  <maps dest="file:/C:/DevTools/Topcased-3.4.1/WS/fr.lig.vasco.selkis.ctm.example.uml2b/B/Selkis_VASCO_ORBAC__Selkis_VASCO_ORBAC.b#//@machines.0/@operations.8" rule="UML2B.Transfo.UML2B_Selkis.GenerateDestructor" src="file:/C:/DevTools/Topcased-3.4.1/WS/fr.lig.vasco.selkis.ctm.example.uml2b/UML/Selkis_VASCO_ORBAC.uml#_zrQZeNdxEd-Hv89eFB3QSQ"/>
  <maps dest="file:/C:/DevTools/Topcased-3.4.1/WS/fr.lig.vasco.selkis.ctm.example.uml2b/B/Selkis_VASCO_ORBAC__Selkis_VASCO_ORBAC.b#//@machines.0/@operations.9" rule="UML2B.Transfo.UML2B_Selkis.GenerateDestructor_Internal" src="file:/C:/DevTools/Topcased-3.4.1/WS/fr.lig.vasco.selkis.ctm.example.uml2b/UML/Selkis_VASCO_ORBAC.uml#//Selkis_VASCO_ORBAC/Action/Action_Free"/>
  <maps dest="file:/C:/DevTools/Topcased-3.4.1/WS/fr.lig.vasco.selkis.ctm.example.uml2b/B/Selkis_VASCO_ORBAC__Selkis_VASCO_ORBAC.b#//@machines.0/@operations.9" rule="UML2B.Transfo.UML2B_Selkis.GenerateDestructor" src="file:/C:/DevTools/Topcased-3.4.1/WS/fr.lig.vasco.selkis.ctm.example.uml2b/UML/Selkis_VASCO_ORBAC.uml#_DcF_iNdzEd-Hv89eFB3QSQ"/>
  <maps dest="file:/C:/DevTools/Topcased-3.4.1/WS/fr.lig.vasco.selkis.ctm.example.uml2b/B/Selkis_VASCO_ORBAC__Selkis_VASCO_ORBAC.b#//@machines.0/@data.10" rule="UML2B.Transfo.UML2B_Selkis.GenerateAssociationBVariable" src="file:/C:/DevTools/Topcased-3.4.1/WS/fr.lig.vasco.selkis.ctm.example.uml2b/UML/Selkis_VASCO_ORBAC.uml#_YXftYtdxEd-Hv89eFB3QSQ"/>
  <maps dest="file:/C:/DevTools/Topcased-3.4.1/WS/fr.lig.vasco.selkis.ctm.example.uml2b/B/Selkis_VASCO_ORBAC__Selkis_VASCO_ORBAC.b#//@machines.0/@data.11" rule="UML2B.Transfo.UML2B_Selkis.GenerateAssociationBVariable" src="file:/C:/DevTools/Topcased-3.4.1/WS/fr.lig.vasco.selkis.ctm.example.uml2b/UML/Selkis_VASCO_ORBAC.uml#_nKUofNdxEd-Hv89eFB3QSQ"/>
  <maps dest="file:/C:/DevTools/Topcased-3.4.1/WS/fr.lig.vasco.selkis.ctm.example.uml2b/B/Selkis_VASCO_ORBAC__Selkis_VASCO_ORBAC.b#//@machines.0/@data.12" rule="UML2B.Transfo.UML2B_Selkis.GenerateAssociationBVariable" src="file:/C:/DevTools/Topcased-3.4.1/WS/fr.lig.vasco.selkis.ctm.example.uml2b/UML/Selkis_VASCO_ORBAC.uml#_1IsAy9dxEd-Hv89eFB3QSQ"/>
  <maps dest="file:/C:/DevTools/Topcased-3.4.1/WS/fr.lig.vasco.selkis.ctm.example.uml2b/B/Selkis_VASCO_ORBAC__Selkis_VASCO_ORBAC.b#//@machines.0/@data.13" rule="UML2B.Transfo.UML2B_Selkis.GenerateAssociationBVariable" src="file:/C:/DevTools/Topcased-3.4.1/WS/fr.lig.vasco.selkis.ctm.example.uml2b/UML/Selkis_VASCO_ORBAC.uml#_DrQ5atdyEd-Hv89eFB3QSQ"/>
  <maps dest="file:/C:/DevTools/Topcased-3.4.1/WS/fr.lig.vasco.selkis.ctm.example.uml2b/B/Selkis_VASCO_ORBAC__Selkis_VASCO_ORBAC.b#//@machines.0/@data.14" rule="UML2B.Transfo.UML2B_Selkis.GenerateAssociationBVariable" src="file:/C:/DevTools/Topcased-3.4.1/WS/fr.lig.vasco.selkis.ctm.example.uml2b/UML/Selkis_VASCO_ORBAC.uml#_JNDRi9dzEd-Hv89eFB3QSQ"/>
  <maps dest="file:/C:/DevTools/Topcased-3.4.1/WS/fr.lig.vasco.selkis.ctm.example.uml2b/B/Selkis_VASCO_ORBAC__Selkis_VASCO_ORBAC.b#//@machines.0/@data.15" rule="UML2B.Transfo.UML2B_Selkis.GenerateAssociationBVariable" src="file:/C:/DevTools/Topcased-3.4.1/WS/fr.lig.vasco.selkis.ctm.example.uml2b/UML/Selkis_VASCO_ORBAC.uml#_6F2Ma9dzEd-Hv89eFB3QSQ"/>
  <maps dest="file:/C:/DevTools/Topcased-3.4.1/WS/fr.lig.vasco.selkis.ctm.example.uml2b/B/Selkis_VASCO_ORBAC__Selkis_VASCO_ORBAC.b#//@machines.0/@data.16" rule="UML2B.Transfo.UML2B_Selkis.GenerateAssociationBVariable" src="file:/C:/DevTools/Topcased-3.4.1/WS/fr.lig.vasco.selkis.ctm.example.uml2b/UML/Selkis_VASCO_ORBAC.uml#_iqnUO9d3Ed-Hv89eFB3QSQ"/>
  <maps dest="file:/C:/DevTools/Topcased-3.4.1/WS/fr.lig.vasco.selkis.ctm.example.uml2b/B/Selkis_VASCO_ORBAC__Selkis_VASCO_ORBAC.b#//@machines.0/@operations.10" rule="UML2B.Transfo.UML2B_Selkis.AssociationClass_GenerateConstructor" src="file:/C:/DevTools/Topcased-3.4.1/WS/fr.lig.vasco.selkis.ctm.example.uml2b/UML/Selkis_VASCO_ORBAC.uml#_YXftYtdxEd-Hv89eFB3QSQ"/>
  <maps dest="file:/C:/DevTools/Topcased-3.4.1/WS/fr.lig.vasco.selkis.ctm.example.uml2b/B/Selkis_VASCO_ORBAC__Selkis_VASCO_ORBAC.b#//@machines.0/@operations.3" rule="UML2B.Transfo.UML2B_Selkis.Role_UpdateConstructor" src="file:/C:/DevTools/Topcased-3.4.1/WS/fr.lig.vasco.selkis.ctm.example.uml2b/UML/Selkis_VASCO_ORBAC.uml#_1IsAzNdxEd-Hv89eFB3QSQ"/>
  <maps dest="file:/C:/DevTools/Topcased-3.4.1/WS/fr.lig.vasco.selkis.ctm.example.uml2b/B/Selkis_VASCO_ORBAC__Selkis_VASCO_ORBAC.b#//@machines.0/@operations.3" rule="UML2B.Transfo.UML2B_Selkis.Role_UpdateConstructor" src="file:/C:/DevTools/Topcased-3.4.1/WS/fr.lig.vasco.selkis.ctm.example.uml2b/UML/Selkis_VASCO_ORBAC.uml#_DrQ5btdyEd-Hv89eFB3QSQ"/>
  <maps dest="file:/C:/DevTools/Topcased-3.4.1/WS/fr.lig.vasco.selkis.ctm.example.uml2b/B/Selkis_VASCO_ORBAC__Selkis_VASCO_ORBAC.b#//@machines.0/@operations.6" rule="UML2B.Transfo.UML2B_Selkis.Role_UpdateDestructor" src="file:/C:/DevTools/Topcased-3.4.1/WS/fr.lig.vasco.selkis.ctm.example.uml2b/UML/Selkis_VASCO_ORBAC.uml#_YXftY9dxEd-Hv89eFB3QSQ"/>
  <maps dest="file:/C:/DevTools/Topcased-3.4.1/WS/fr.lig.vasco.selkis.ctm.example.uml2b/B/Selkis_VASCO_ORBAC__Selkis_VASCO_ORBAC.b#//@machines.0/@operations.7" rule="UML2B.Transfo.UML2B_Selkis.Role_UpdateDestructor" src="file:/C:/DevTools/Topcased-3.4.1/WS/fr.lig.vasco.selkis.ctm.example.uml2b/UML/Selkis_VASCO_ORBAC.uml#_YXftZtdxEd-Hv89eFB3QSQ"/>
  <maps dest="file:/C:/DevTools/Topcased-3.4.1/WS/fr.lig.vasco.selkis.ctm.example.uml2b/B/Selkis_VASCO_ORBAC__Selkis_VASCO_ORBAC.b#//@machines.0/@operations.5" rule="UML2B.Transfo.UML2B_Selkis.Role_UpdateDestructor" src="file:/C:/DevTools/Topcased-3.4.1/WS/fr.lig.vasco.selkis.ctm.example.uml2b/UML/Selkis_VASCO_ORBAC.uml#_nKUofddxEd-Hv89eFB3QSQ"/>
  <maps dest="file:/C:/DevTools/Topcased-3.4.1/WS/fr.lig.vasco.selkis.ctm.example.uml2b/B/Selkis_VASCO_ORBAC__Selkis_VASCO_ORBAC.b#//@machines.0/@operations.5" rule="UML2B.Transfo.UML2B_Selkis.Role_UpdateDestructor" src="file:/C:/DevTools/Topcased-3.4.1/WS/fr.lig.vasco.selkis.ctm.example.uml2b/UML/Selkis_VASCO_ORBAC.uml#_1IsAzNdxEd-Hv89eFB3QSQ"/>
  <maps dest="file:/C:/DevTools/Topcased-3.4.1/WS/fr.lig.vasco.selkis.ctm.example.uml2b/B/Selkis_VASCO_ORBAC__Selkis_VASCO_ORBAC.b#//@machines.0/@operations.8" rule="UML2B.Transfo.UML2B_Selkis.Role_UpdateDestructor" src="file:/C:/DevTools/Topcased-3.4.1/WS/fr.lig.vasco.selkis.ctm.example.uml2b/UML/Selkis_VASCO_ORBAC.uml#_1IsAz9dxEd-Hv89eFB3QSQ"/>
  <maps dest="file:/C:/DevTools/Topcased-3.4.1/WS/fr.lig.vasco.selkis.ctm.example.uml2b/B/Selkis_VASCO_ORBAC__Selkis_VASCO_ORBAC.b#//@machines.0/@operations.8" rule="UML2B.Transfo.UML2B_Selkis.Role_UpdateDestructor" src="file:/C:/DevTools/Topcased-3.4.1/WS/fr.lig.vasco.selkis.ctm.example.uml2b/UML/Selkis_VASCO_ORBAC.uml#_DrQ5a9dyEd-Hv89eFB3QSQ"/>
  <maps dest="file:/C:/DevTools/Topcased-3.4.1/WS/fr.lig.vasco.selkis.ctm.example.uml2b/B/Selkis_VASCO_ORBAC__Selkis_VASCO_ORBAC.b#//@machines.0/@operations.9" rule="UML2B.Transfo.UML2B_Selkis.Role_UpdateDestructor" src="file:/C:/DevTools/Topcased-3.4.1/WS/fr.lig.vasco.selkis.ctm.example.uml2b/UML/Selkis_VASCO_ORBAC.uml#_JNDRj9dzEd-Hv89eFB3QSQ"/>
  <maps dest="file:/C:/DevTools/Topcased-3.4.1/WS/fr.lig.vasco.selkis.ctm.example.uml2b/B/Selkis_VASCO_ORBAC__Selkis_VASCO_ORBAC.b#//@machines.0/@operations.9" rule="UML2B.Transfo.UML2B_Selkis.Role_UpdateDestructor" src="file:/C:/DevTools/Topcased-3.4.1/WS/fr.lig.vasco.selkis.ctm.example.uml2b/UML/Selkis_VASCO_ORBAC.uml#_6F2MbNdzEd-Hv89eFB3QSQ"/>
  <maps dest="file:/C:/DevTools/Topcased-3.4.1/WS/fr.lig.vasco.selkis.ctm.example.uml2b/B/Selkis_VASCO_ORBAC__Selkis_VASCO_ORBAC.b#//@machines.0/@operations.9" rule="UML2B.Transfo.UML2B_Selkis.Role_UpdateDestructor" src="file:/C:/DevTools/Topcased-3.4.1/WS/fr.lig.vasco.selkis.ctm.example.uml2b/UML/Selkis_VASCO_ORBAC.uml#_6F2Mb9dzEd-Hv89eFB3QSQ"/>
  <maps dest="file:/C:/DevTools/Topcased-3.4.1/WS/fr.lig.vasco.selkis.ctm.example.uml2b/B/Selkis_VASCO_ORBAC__Selkis_VASCO_ORBAC.b#//@machines.0/@operations.7" rule="UML2B.Transfo.UML2B_Selkis.Role_UpdateDestructor" src="file:/C:/DevTools/Topcased-3.4.1/WS/fr.lig.vasco.selkis.ctm.example.uml2b/UML/Selkis_VASCO_ORBAC.uml#_iqnUPNd3Ed-Hv89eFB3QSQ"/>
  <maps dest="file:/C:/DevTools/Topcased-3.4.1/WS/fr.lig.vasco.selkis.ctm.example.uml2b/B/Selkis_VASCO_ORBAC__Selkis_VASCO_ORBAC.b#//@machines.0/@operations.7" rule="UML2B.Transfo.UML2B_Selkis.Role_UpdateDestructor" src="file:/C:/DevTools/Topcased-3.4.1/WS/fr.lig.vasco.selkis.ctm.example.uml2b/UML/Selkis_VASCO_ORBAC.uml#_iqnUP9d3Ed-Hv89eFB3QSQ"/>
  <maps dest="file:/C:/DevTools/Topcased-3.4.1/WS/fr.lig.vasco.selkis.ctm.example.uml2b/B/Selkis_VASCO_ORBAC__Selkis_VASCO_ORBAC.b#//@machines.0/@operations.12" rule="UML2B.Transfo.UML2B_Selkis.NavigableRole_GenerateAccessor" src="file:/C:/DevTools/Topcased-3.4.1/WS/fr.lig.vasco.selkis.ctm.example.uml2b/UML/Selkis_VASCO_ORBAC.uml#_YXftY9dxEd-Hv89eFB3QSQ"/>
  <maps dest="file:/C:/DevTools/Topcased-3.4.1/WS/fr.lig.vasco.selkis.ctm.example.uml2b/B/Selkis_VASCO_ORBAC__Selkis_VASCO_ORBAC.b#//@machines.0/@operations.13" rule="UML2B.Transfo.UML2B_Selkis.NavigableRole_GenerateAccessor" src="file:/C:/DevTools/Topcased-3.4.1/WS/fr.lig.vasco.selkis.ctm.example.uml2b/UML/Selkis_VASCO_ORBAC.uml#_YXftZtdxEd-Hv89eFB3QSQ"/>
  <maps dest="file:/C:/DevTools/Topcased-3.4.1/WS/fr.lig.vasco.selkis.ctm.example.uml2b/B/Selkis_VASCO_ORBAC__Selkis_VASCO_ORBAC.b#//@machines.0/@operations.14" rule="UML2B.Transfo.UML2B_Selkis.NavigableRole_GenerateAccessor" src="file:/C:/DevTools/Topcased-3.4.1/WS/fr.lig.vasco.selkis.ctm.example.uml2b/UML/Selkis_VASCO_ORBAC.uml#_nKUogNdxEd-Hv89eFB3QSQ"/>
  <maps dest="file:/C:/DevTools/Topcased-3.4.1/WS/fr.lig.vasco.selkis.ctm.example.uml2b/B/Selkis_VASCO_ORBAC__Selkis_VASCO_ORBAC.b#//@machines.0/@operations.15" rule="UML2B.Transfo.UML2B_Selkis.NavigableRole_GenerateAccessor" src="file:/C:/DevTools/Topcased-3.4.1/WS/fr.lig.vasco.selkis.ctm.example.uml2b/UML/Selkis_VASCO_ORBAC.uml#_1IsAzNdxEd-Hv89eFB3QSQ"/>
  <maps dest="file:/C:/DevTools/Topcased-3.4.1/WS/fr.lig.vasco.selkis.ctm.example.uml2b/B/Selkis_VASCO_ORBAC__Selkis_VASCO_ORBAC.b#//@machines.0/@operations.16" rule="UML2B.Transfo.UML2B_Selkis.NavigableRole_GenerateAccessor" src="file:/C:/DevTools/Topcased-3.4.1/WS/fr.lig.vasco.selkis.ctm.example.uml2b/UML/Selkis_VASCO_ORBAC.uml#_1IsAz9dxEd-Hv89eFB3QSQ"/>
  <maps dest="file:/C:/DevTools/Topcased-3.4.1/WS/fr.lig.vasco.selkis.ctm.example.uml2b/B/Selkis_VASCO_ORBAC__Selkis_VASCO_ORBAC.b#//@machines.0/@operations.17" rule="UML2B.Transfo.UML2B_Selkis.NavigableRole_GenerateAccessor" src="file:/C:/DevTools/Topcased-3.4.1/WS/fr.lig.vasco.selkis.ctm.example.uml2b/UML/Selkis_VASCO_ORBAC.uml#_DrQ5btdyEd-Hv89eFB3QSQ"/>
  <maps dest="file:/C:/DevTools/Topcased-3.4.1/WS/fr.lig.vasco.selkis.ctm.example.uml2b/B/Selkis_VASCO_ORBAC__Selkis_VASCO_ORBAC.b#//@machines.0/@operations.18" rule="UML2B.Transfo.UML2B_Selkis.NavigableRole_GenerateAccessor" src="file:/C:/DevTools/Topcased-3.4.1/WS/fr.lig.vasco.selkis.ctm.example.uml2b/UML/Selkis_VASCO_ORBAC.uml#_JNDRj9dzEd-Hv89eFB3QSQ"/>
  <maps dest="file:/C:/DevTools/Topcased-3.4.1/WS/fr.lig.vasco.selkis.ctm.example.uml2b/B/Selkis_VASCO_ORBAC__Selkis_VASCO_ORBAC.b#//@machines.0/@operations.19" rule="UML2B.Transfo.UML2B_Selkis.NavigableRole_GenerateAccessor" src="file:/C:/DevTools/Topcased-3.4.1/WS/fr.lig.vasco.selkis.ctm.example.uml2b/UML/Selkis_VASCO_ORBAC.uml#_6F2MbNdzEd-Hv89eFB3QSQ"/>
  <maps dest="file:/C:/DevTools/Topcased-3.4.1/WS/fr.lig.vasco.selkis.ctm.example.uml2b/B/Selkis_VASCO_ORBAC__Selkis_VASCO_ORBAC.b#//@machines.0/@operations.20" rule="UML2B.Transfo.UML2B_Selkis.NavigableRole_GenerateAccessor" src="file:/C:/DevTools/Topcased-3.4.1/WS/fr.lig.vasco.selkis.ctm.example.uml2b/UML/Selkis_VASCO_ORBAC.uml#_iqnUPNd3Ed-Hv89eFB3QSQ"/>
  <maps dest="file:/C:/DevTools/Topcased-3.4.1/WS/fr.lig.vasco.selkis.ctm.example.uml2b/B/Selkis_VASCO_ORBAC__Selkis_VASCO_ORBAC.b#//@machines.0/@operations.21" rule="UML2B.Transfo.UML2B_Selkis.NavigableRole_GenerateAccessor" src="file:/C:/DevTools/Topcased-3.4.1/WS/fr.lig.vasco.selkis.ctm.example.uml2b/UML/Selkis_VASCO_ORBAC.uml#_iqnUP9d3Ed-Hv89eFB3QSQ"/>
  <maps dest="file:/C:/DevTools/Topcased-3.4.1/WS/fr.lig.vasco.selkis.ctm.example.uml2b/B/Selkis_VASCO_ORBAC__Selkis_VASCO_ORBAC.b#//@machines.0/@operations.22" rule="UML2B.Transfo.UML2B_Selkis.NavigableRole_GenerateMutator_monovaluedSetter" src="file:/C:/DevTools/Topcased-3.4.1/WS/fr.lig.vasco.selkis.ctm.example.uml2b/UML/Selkis_VASCO_ORBAC.uml#_YXftZtdxEd-Hv89eFB3QSQ"/>
  <maps dest="file:/C:/DevTools/Topcased-3.4.1/WS/fr.lig.vasco.selkis.ctm.example.uml2b/B/Selkis_VASCO_ORBAC__Selkis_VASCO_ORBAC.b#//@machines.0/@operations.23" rule="UML2B.Transfo.UML2B_Selkis.NavigableRole_GenerateMutator_monovaluedSetter" src="file:/C:/DevTools/Topcased-3.4.1/WS/fr.lig.vasco.selkis.ctm.example.uml2b/UML/Selkis_VASCO_ORBAC.uml#_iqnUP9d3Ed-Hv89eFB3QSQ"/>
  <maps dest="file:/C:/DevTools/Topcased-3.4.1/WS/fr.lig.vasco.selkis.ctm.example.uml2b/B/Selkis_VASCO_ORBAC__Selkis_VASCO_ORBAC.b#//@machines.0/@operations.24" rule="UML2B.Transfo.UML2B_Selkis.NavigableRole_GenerateMutator_multivaluedAdder" src="file:/C:/DevTools/Topcased-3.4.1/WS/fr.lig.vasco.selkis.ctm.example.uml2b/UML/Selkis_VASCO_ORBAC.uml#_YXftY9dxEd-Hv89eFB3QSQ"/>
  <maps dest="file:/C:/DevTools/Topcased-3.4.1/WS/fr.lig.vasco.selkis.ctm.example.uml2b/B/Selkis_VASCO_ORBAC__Selkis_VASCO_ORBAC.b#//@machines.0/@operations.25" rule="UML2B.Transfo.UML2B_Selkis.NavigableRole_GenerateMutator_multivaluedAdder" src="file:/C:/DevTools/Topcased-3.4.1/WS/fr.lig.vasco.selkis.ctm.example.uml2b/UML/Selkis_VASCO_ORBAC.uml#_nKUogNdxEd-Hv89eFB3QSQ"/>
  <maps dest="file:/C:/DevTools/Topcased-3.4.1/WS/fr.lig.vasco.selkis.ctm.example.uml2b/B/Selkis_VASCO_ORBAC__Selkis_VASCO_ORBAC.b#//@machines.0/@operations.26" rule="UML2B.Transfo.UML2B_Selkis.NavigableRole_GenerateMutator_multivaluedAdder" src="file:/C:/DevTools/Topcased-3.4.1/WS/fr.lig.vasco.selkis.ctm.example.uml2b/UML/Selkis_VASCO_ORBAC.uml#_1IsAz9dxEd-Hv89eFB3QSQ"/>
  <maps dest="file:/C:/DevTools/Topcased-3.4.1/WS/fr.lig.vasco.selkis.ctm.example.uml2b/B/Selkis_VASCO_ORBAC__Selkis_VASCO_ORBAC.b#//@machines.0/@operations.27" rule="UML2B.Transfo.UML2B_Selkis.NavigableRole_GenerateMutator_multivaluedAdder" src="file:/C:/DevTools/Topcased-3.4.1/WS/fr.lig.vasco.selkis.ctm.example.uml2b/UML/Selkis_VASCO_ORBAC.uml#_DrQ5btdyEd-Hv89eFB3QSQ"/>
  <maps dest="file:/C:/DevTools/Topcased-3.4.1/WS/fr.lig.vasco.selkis.ctm.example.uml2b/B/Selkis_VASCO_ORBAC__Selkis_VASCO_ORBAC.b#//@machines.0/@operations.28" rule="UML2B.Transfo.UML2B_Selkis.NavigableRole_GenerateMutator_multivaluedAdder" src="file:/C:/DevTools/Topcased-3.4.1/WS/fr.lig.vasco.selkis.ctm.example.uml2b/UML/Selkis_VASCO_ORBAC.uml#_JNDRj9dzEd-Hv89eFB3QSQ"/>
  <maps dest="file:/C:/DevTools/Topcased-3.4.1/WS/fr.lig.vasco.selkis.ctm.example.uml2b/B/Selkis_VASCO_ORBAC__Selkis_VASCO_ORBAC.b#//@machines.0/@operations.29" rule="UML2B.Transfo.UML2B_Selkis.NavigableRole_GenerateMutator_multivaluedAdder" src="file:/C:/DevTools/Topcased-3.4.1/WS/fr.lig.vasco.selkis.ctm.example.uml2b/UML/Selkis_VASCO_ORBAC.uml#_6F2MbNdzEd-Hv89eFB3QSQ"/>
  <maps dest="file:/C:/DevTools/Topcased-3.4.1/WS/fr.lig.vasco.selkis.ctm.example.uml2b/B/Selkis_VASCO_ORBAC__Selkis_VASCO_ORBAC.b#//@machines.0/@operations.30" rule="UML2B.Transfo.UML2B_Selkis.NavigableRole_GenerateMutator_multivaluedAdder" src="file:/C:/DevTools/Topcased-3.4.1/WS/fr.lig.vasco.selkis.ctm.example.uml2b/UML/Selkis_VASCO_ORBAC.uml#_iqnUPNd3Ed-Hv89eFB3QSQ"/>
  <maps dest="file:/C:/DevTools/Topcased-3.4.1/WS/fr.lig.vasco.selkis.ctm.example.uml2b/B/Selkis_VASCO_ORBAC__Selkis_VASCO_ORBAC.b#//@machines.0/@operations.31" rule="UML2B.Transfo.UML2B_Selkis.NavigableRole_GenerateMutator_multivaluedRemover" src="file:/C:/DevTools/Topcased-3.4.1/WS/fr.lig.vasco.selkis.ctm.example.uml2b/UML/Selkis_VASCO_ORBAC.uml#_YXftY9dxEd-Hv89eFB3QSQ"/>
  <maps dest="file:/C:/DevTools/Topcased-3.4.1/WS/fr.lig.vasco.selkis.ctm.example.uml2b/B/Selkis_VASCO_ORBAC__Selkis_VASCO_ORBAC.b#//@machines.0/@operations.32" rule="UML2B.Transfo.UML2B_Selkis.NavigableRole_GenerateMutator_multivaluedRemover" src="file:/C:/DevTools/Topcased-3.4.1/WS/fr.lig.vasco.selkis.ctm.example.uml2b/UML/Selkis_VASCO_ORBAC.uml#_nKUogNdxEd-Hv89eFB3QSQ"/>
  <maps dest="file:/C:/DevTools/Topcased-3.4.1/WS/fr.lig.vasco.selkis.ctm.example.uml2b/B/Selkis_VASCO_ORBAC__Selkis_VASCO_ORBAC.b#//@machines.0/@operations.33" rule="UML2B.Transfo.UML2B_Selkis.NavigableRole_GenerateMutator_multivaluedRemover" src="file:/C:/DevTools/Topcased-3.4.1/WS/fr.lig.vasco.selkis.ctm.example.uml2b/UML/Selkis_VASCO_ORBAC.uml#_1IsAz9dxEd-Hv89eFB3QSQ"/>
  <maps dest="file:/C:/DevTools/Topcased-3.4.1/WS/fr.lig.vasco.selkis.ctm.example.uml2b/B/Selkis_VASCO_ORBAC__Selkis_VASCO_ORBAC.b#//@machines.0/@operations.34" rule="UML2B.Transfo.UML2B_Selkis.NavigableRole_GenerateMutator_multivaluedRemover" src="file:/C:/DevTools/Topcased-3.4.1/WS/fr.lig.vasco.selkis.ctm.example.uml2b/UML/Selkis_VASCO_ORBAC.uml#_DrQ5btdyEd-Hv89eFB3QSQ"/>
  <maps dest="file:/C:/DevTools/Topcased-3.4.1/WS/fr.lig.vasco.selkis.ctm.example.uml2b/B/Selkis_VASCO_ORBAC__Selkis_VASCO_ORBAC.b#//@machines.0/@operations.35" rule="UML2B.Transfo.UML2B_Selkis.NavigableRole_GenerateMutator_multivaluedRemover" src="file:/C:/DevTools/Topcased-3.4.1/WS/fr.lig.vasco.selkis.ctm.example.uml2b/UML/Selkis_VASCO_ORBAC.uml#_JNDRj9dzEd-Hv89eFB3QSQ"/>
  <maps dest="file:/C:/DevTools/Topcased-3.4.1/WS/fr.lig.vasco.selkis.ctm.example.uml2b/B/Selkis_VASCO_ORBAC__Selkis_VASCO_ORBAC.b#//@machines.0/@operations.36" rule="UML2B.Transfo.UML2B_Selkis.NavigableRole_GenerateMutator_multivaluedRemover" src="file:/C:/DevTools/Topcased-3.4.1/WS/fr.lig.vasco.selkis.ctm.example.uml2b/UML/Selkis_VASCO_ORBAC.uml#_6F2MbNdzEd-Hv89eFB3QSQ"/>
  <maps dest="file:/C:/DevTools/Topcased-3.4.1/WS/fr.lig.vasco.selkis.ctm.example.uml2b/B/Selkis_VASCO_ORBAC__Selkis_VASCO_ORBAC.b#//@machines.0/@operations.37" rule="UML2B.Transfo.UML2B_Selkis.NavigableRole_GenerateMutator_multivaluedRemover" src="file:/C:/DevTools/Topcased-3.4.1/WS/fr.lig.vasco.selkis.ctm.example.uml2b/UML/Selkis_VASCO_ORBAC.uml#_iqnUPNd3Ed-Hv89eFB3QSQ"/>
  <srcElements ref="file:/C:/DevTools/Topcased-3.4.1/WS/fr.lig.vasco.selkis.ctm.example.uml2b/UML/Selkis_VASCO_ORBAC.uml#_w8IxIM37EdqwVrslYOdUDA" mapping="//@maps.0"/>
  <srcElements ref="file:/C:/DevTools/Topcased-3.4.1/WS/fr.lig.vasco.selkis.ctm.example.uml2b/UML/Selkis_VASCO_ORBAC.uml#_Ru0JINdxEd-Hv89eFB3QSQ" mapping="//@maps.1 //@maps.6 //@maps.12"/>
  <srcElements ref="file:/C:/DevTools/Topcased-3.4.1/WS/fr.lig.vasco.selkis.ctm.example.uml2b/UML/Selkis_VASCO_ORBAC.uml#_VIOU-NdxEd-Hv89eFB3QSQ" mapping="//@maps.2 //@maps.7 //@maps.14"/>
  <srcElements ref="file:/C:/DevTools/Topcased-3.4.1/WS/fr.lig.vasco.selkis.ctm.example.uml2b/UML/Selkis_VASCO_ORBAC.uml#_WfGBSNdxEd-Hv89eFB3QSQ" mapping="//@maps.3 //@maps.8 //@maps.16"/>
  <srcElements ref="file:/C:/DevTools/Topcased-3.4.1/WS/fr.lig.vasco.selkis.ctm.example.uml2b/UML/Selkis_VASCO_ORBAC.uml#_zrQZeNdxEd-Hv89eFB3QSQ" mapping="//@maps.4 //@maps.9 //@maps.18"/>
  <srcElements ref="file:/C:/DevTools/Topcased-3.4.1/WS/fr.lig.vasco.selkis.ctm.example.uml2b/UML/Selkis_VASCO_ORBAC.uml#_DcF_iNdzEd-Hv89eFB3QSQ" mapping="//@maps.5 //@maps.10 //@maps.20"/>
  <srcElements ref="file:/C:/DevTools/Topcased-3.4.1/WS/fr.lig.vasco.selkis.ctm.example.uml2b/UML/Selkis_VASCO_ORBAC.uml#//Selkis_VASCO_ORBAC/User/User_Free" mapping="//@maps.11"/>
  <srcElements ref="file:/C:/DevTools/Topcased-3.4.1/WS/fr.lig.vasco.selkis.ctm.example.uml2b/UML/Selkis_VASCO_ORBAC.uml#//Selkis_VASCO_ORBAC/Org/Org_Free" mapping="//@maps.13"/>
  <srcElements ref="file:/C:/DevTools/Topcased-3.4.1/WS/fr.lig.vasco.selkis.ctm.example.uml2b/UML/Selkis_VASCO_ORBAC.uml#//Selkis_VASCO_ORBAC/Role/Role_Free" mapping="//@maps.15"/>
  <srcElements ref="file:/C:/DevTools/Topcased-3.4.1/WS/fr.lig.vasco.selkis.ctm.example.uml2b/UML/Selkis_VASCO_ORBAC.uml#//Selkis_VASCO_ORBAC/Session/Session_Free" mapping="//@maps.17"/>
  <srcElements ref="file:/C:/DevTools/Topcased-3.4.1/WS/fr.lig.vasco.selkis.ctm.example.uml2b/UML/Selkis_VASCO_ORBAC.uml#//Selkis_VASCO_ORBAC/Action/Action_Free" mapping="//@maps.19"/>
  <srcElements ref="file:/C:/DevTools/Topcased-3.4.1/WS/fr.lig.vasco.selkis.ctm.example.uml2b/UML/Selkis_VASCO_ORBAC.uml#_YXftYtdxEd-Hv89eFB3QSQ" mapping="//@maps.21 //@maps.28"/>
  <srcElements ref="file:/C:/DevTools/Topcased-3.4.1/WS/fr.lig.vasco.selkis.ctm.example.uml2b/UML/Selkis_VASCO_ORBAC.uml#_nKUofNdxEd-Hv89eFB3QSQ" mapping="//@maps.22"/>
  <srcElements ref="file:/C:/DevTools/Topcased-3.4.1/WS/fr.lig.vasco.selkis.ctm.example.uml2b/UML/Selkis_VASCO_ORBAC.uml#_1IsAy9dxEd-Hv89eFB3QSQ" mapping="//@maps.23"/>
  <srcElements ref="file:/C:/DevTools/Topcased-3.4.1/WS/fr.lig.vasco.selkis.ctm.example.uml2b/UML/Selkis_VASCO_ORBAC.uml#_DrQ5atdyEd-Hv89eFB3QSQ" mapping="//@maps.24"/>
  <srcElements ref="file:/C:/DevTools/Topcased-3.4.1/WS/fr.lig.vasco.selkis.ctm.example.uml2b/UML/Selkis_VASCO_ORBAC.uml#_JNDRi9dzEd-Hv89eFB3QSQ" mapping="//@maps.25"/>
  <srcElements ref="file:/C:/DevTools/Topcased-3.4.1/WS/fr.lig.vasco.selkis.ctm.example.uml2b/UML/Selkis_VASCO_ORBAC.uml#_6F2Ma9dzEd-Hv89eFB3QSQ" mapping="//@maps.26"/>
  <srcElements ref="file:/C:/DevTools/Topcased-3.4.1/WS/fr.lig.vasco.selkis.ctm.example.uml2b/UML/Selkis_VASCO_ORBAC.uml#_iqnUO9d3Ed-Hv89eFB3QSQ" mapping="//@maps.27"/>
  <srcElements ref="file:/C:/DevTools/Topcased-3.4.1/WS/fr.lig.vasco.selkis.ctm.example.uml2b/UML/Selkis_VASCO_ORBAC.uml#_1IsAzNdxEd-Hv89eFB3QSQ" mapping="//@maps.29 //@maps.34 //@maps.45"/>
  <srcElements ref="file:/C:/DevTools/Topcased-3.4.1/WS/fr.lig.vasco.selkis.ctm.example.uml2b/UML/Selkis_VASCO_ORBAC.uml#_DrQ5btdyEd-Hv89eFB3QSQ" mapping="//@maps.30 //@maps.47 //@maps.57 //@maps.64"/>
  <srcElements ref="file:/C:/DevTools/Topcased-3.4.1/WS/fr.lig.vasco.selkis.ctm.example.uml2b/UML/Selkis_VASCO_ORBAC.uml#_YXftY9dxEd-Hv89eFB3QSQ" mapping="//@maps.31 //@maps.42 //@maps.54 //@maps.61"/>
  <srcElements ref="file:/C:/DevTools/Topcased-3.4.1/WS/fr.lig.vasco.selkis.ctm.example.uml2b/UML/Selkis_VASCO_ORBAC.uml#_YXftZtdxEd-Hv89eFB3QSQ" mapping="//@maps.32 //@maps.43 //@maps.52"/>
  <srcElements ref="file:/C:/DevTools/Topcased-3.4.1/WS/fr.lig.vasco.selkis.ctm.example.uml2b/UML/Selkis_VASCO_ORBAC.uml#_nKUofddxEd-Hv89eFB3QSQ" mapping="//@maps.33"/>
  <srcElements ref="file:/C:/DevTools/Topcased-3.4.1/WS/fr.lig.vasco.selkis.ctm.example.uml2b/UML/Selkis_VASCO_ORBAC.uml#_1IsAz9dxEd-Hv89eFB3QSQ" mapping="//@maps.35 //@maps.46 //@maps.56 //@maps.63"/>
  <srcElements ref="file:/C:/DevTools/Topcased-3.4.1/WS/fr.lig.vasco.selkis.ctm.example.uml2b/UML/Selkis_VASCO_ORBAC.uml#_DrQ5a9dyEd-Hv89eFB3QSQ" mapping="//@maps.36"/>
  <srcElements ref="file:/C:/DevTools/Topcased-3.4.1/WS/fr.lig.vasco.selkis.ctm.example.uml2b/UML/Selkis_VASCO_ORBAC.uml#_JNDRj9dzEd-Hv89eFB3QSQ" mapping="//@maps.37 //@maps.48 //@maps.58 //@maps.65"/>
  <srcElements ref="file:/C:/DevTools/Topcased-3.4.1/WS/fr.lig.vasco.selkis.ctm.example.uml2b/UML/Selkis_VASCO_ORBAC.uml#_6F2MbNdzEd-Hv89eFB3QSQ" mapping="//@maps.38 //@maps.49 //@maps.59 //@maps.66"/>
  <srcElements ref="file:/C:/DevTools/Topcased-3.4.1/WS/fr.lig.vasco.selkis.ctm.example.uml2b/UML/Selkis_VASCO_ORBAC.uml#_6F2Mb9dzEd-Hv89eFB3QSQ" mapping="//@maps.39"/>
  <srcElements ref="file:/C:/DevTools/Topcased-3.4.1/WS/fr.lig.vasco.selkis.ctm.example.uml2b/UML/Selkis_VASCO_ORBAC.uml#_iqnUPNd3Ed-Hv89eFB3QSQ" mapping="//@maps.40 //@maps.50 //@maps.60 //@maps.67"/>
  <srcElements ref="file:/C:/DevTools/Topcased-3.4.1/WS/fr.lig.vasco.selkis.ctm.example.uml2b/UML/Selkis_VASCO_ORBAC.uml#_iqnUP9d3Ed-Hv89eFB3QSQ" mapping="//@maps.41 //@maps.51 //@maps.53"/>
  <srcElements ref="file:/C:/DevTools/Topcased-3.4.1/WS/fr.lig.vasco.selkis.ctm.example.uml2b/UML/Selkis_VASCO_ORBAC.uml#_nKUogNdxEd-Hv89eFB3QSQ" mapping="//@maps.44 //@maps.55 //@maps.62"/>
  <rules ref="UML2B.Transfo.UML2B_Selkis.createSysMachine"/>
  <rules ref="UML2B.Transfo.UML2B_Selkis.GenerateClassBVariableInSystemMachine"/>
  <rules ref="UML2B.Transfo.UML2B_Selkis.GenerateConstructor"/>
  <rules ref="UML2B.Transfo.UML2B_Selkis.GenerateDestructor_Internal"/>
  <rules ref="UML2B.Transfo.UML2B_Selkis.GenerateDestructor"/>
  <rules ref="UML2B.Transfo.UML2B_Selkis.GenerateAssociationBVariable"/>
  <rules ref="UML2B.Transfo.UML2B_Selkis.AssociationClass_GenerateConstructor"/>
  <rules ref="UML2B.Transfo.UML2B_Selkis.Role_UpdateConstructor"/>
  <rules ref="UML2B.Transfo.UML2B_Selkis.Role_UpdateDestructor"/>
  <rules ref="UML2B.Transfo.UML2B_Selkis.NavigableRole_GenerateAccessor"/>
  <rules ref="UML2B.Transfo.UML2B_Selkis.NavigableRole_GenerateMutator_monovaluedSetter"/>
  <rules ref="UML2B.Transfo.UML2B_Selkis.NavigableRole_GenerateMutator_multivaluedAdder"/>
  <rules ref="UML2B.Transfo.UML2B_Selkis.NavigableRole_GenerateMutator_multivaluedRemover"/>
  <destElements ref="file:/C:/DevTools/Topcased-3.4.1/WS/fr.lig.vasco.selkis.ctm.example.uml2b/B/Selkis_VASCO_ORBAC__Selkis_VASCO_ORBAC.b#//@machines.0"/>
  <destElements ref="file:/C:/DevTools/Topcased-3.4.1/WS/fr.lig.vasco.selkis.ctm.example.uml2b/B/Selkis_VASCO_ORBAC__Selkis_VASCO_ORBAC.b#//@machines.0/@data.0"/>
  <destElements ref="file:/C:/DevTools/Topcased-3.4.1/WS/fr.lig.vasco.selkis.ctm.example.uml2b/B/Selkis_VASCO_ORBAC__Selkis_VASCO_ORBAC.b#//@machines.0/@data.2"/>
  <destElements ref="file:/C:/DevTools/Topcased-3.4.1/WS/fr.lig.vasco.selkis.ctm.example.uml2b/B/Selkis_VASCO_ORBAC__Selkis_VASCO_ORBAC.b#//@machines.0/@data.4"/>
  <destElements ref="file:/C:/DevTools/Topcased-3.4.1/WS/fr.lig.vasco.selkis.ctm.example.uml2b/B/Selkis_VASCO_ORBAC__Selkis_VASCO_ORBAC.b#//@machines.0/@data.6"/>
  <destElements ref="file:/C:/DevTools/Topcased-3.4.1/WS/fr.lig.vasco.selkis.ctm.example.uml2b/B/Selkis_VASCO_ORBAC__Selkis_VASCO_ORBAC.b#//@machines.0/@data.8"/>
  <destElements ref="file:/C:/DevTools/Topcased-3.4.1/WS/fr.lig.vasco.selkis.ctm.example.uml2b/B/Selkis_VASCO_ORBAC__Selkis_VASCO_ORBAC.b#//@machines.0/@operations.0"/>
  <destElements ref="file:/C:/DevTools/Topcased-3.4.1/WS/fr.lig.vasco.selkis.ctm.example.uml2b/B/Selkis_VASCO_ORBAC__Selkis_VASCO_ORBAC.b#//@machines.0/@operations.1"/>
  <destElements ref="file:/C:/DevTools/Topcased-3.4.1/WS/fr.lig.vasco.selkis.ctm.example.uml2b/B/Selkis_VASCO_ORBAC__Selkis_VASCO_ORBAC.b#//@machines.0/@operations.2"/>
  <destElements ref="file:/C:/DevTools/Topcased-3.4.1/WS/fr.lig.vasco.selkis.ctm.example.uml2b/B/Selkis_VASCO_ORBAC__Selkis_VASCO_ORBAC.b#//@machines.0/@operations.3"/>
  <destElements ref="file:/C:/DevTools/Topcased-3.4.1/WS/fr.lig.vasco.selkis.ctm.example.uml2b/B/Selkis_VASCO_ORBAC__Selkis_VASCO_ORBAC.b#//@machines.0/@operations.4"/>
  <destElements ref="file:/C:/DevTools/Topcased-3.4.1/WS/fr.lig.vasco.selkis.ctm.example.uml2b/B/Selkis_VASCO_ORBAC__Selkis_VASCO_ORBAC.b#//@machines.0/@operations.5"/>
  <destElements ref="file:/C:/DevTools/Topcased-3.4.1/WS/fr.lig.vasco.selkis.ctm.example.uml2b/B/Selkis_VASCO_ORBAC__Selkis_VASCO_ORBAC.b#//@machines.0/@operations.5"/>
  <destElements ref="file:/C:/DevTools/Topcased-3.4.1/WS/fr.lig.vasco.selkis.ctm.example.uml2b/B/Selkis_VASCO_ORBAC__Selkis_VASCO_ORBAC.b#//@machines.0/@operations.6"/>
  <destElements ref="file:/C:/DevTools/Topcased-3.4.1/WS/fr.lig.vasco.selkis.ctm.example.uml2b/B/Selkis_VASCO_ORBAC__Selkis_VASCO_ORBAC.b#//@machines.0/@operations.6"/>
  <destElements ref="file:/C:/DevTools/Topcased-3.4.1/WS/fr.lig.vasco.selkis.ctm.example.uml2b/B/Selkis_VASCO_ORBAC__Selkis_VASCO_ORBAC.b#//@machines.0/@operations.7"/>
  <destElements ref="file:/C:/DevTools/Topcased-3.4.1/WS/fr.lig.vasco.selkis.ctm.example.uml2b/B/Selkis_VASCO_ORBAC__Selkis_VASCO_ORBAC.b#//@machines.0/@operations.7"/>
  <destElements ref="file:/C:/DevTools/Topcased-3.4.1/WS/fr.lig.vasco.selkis.ctm.example.uml2b/B/Selkis_VASCO_ORBAC__Selkis_VASCO_ORBAC.b#//@machines.0/@operations.8"/>
  <destElements ref="file:/C:/DevTools/Topcased-3.4.1/WS/fr.lig.vasco.selkis.ctm.example.uml2b/B/Selkis_VASCO_ORBAC__Selkis_VASCO_ORBAC.b#//@machines.0/@operations.8"/>
  <destElements ref="file:/C:/DevTools/Topcased-3.4.1/WS/fr.lig.vasco.selkis.ctm.example.uml2b/B/Selkis_VASCO_ORBAC__Selkis_VASCO_ORBAC.b#//@machines.0/@operations.9"/>
  <destElements ref="file:/C:/DevTools/Topcased-3.4.1/WS/fr.lig.vasco.selkis.ctm.example.uml2b/B/Selkis_VASCO_ORBAC__Selkis_VASCO_ORBAC.b#//@machines.0/@operations.9"/>
  <destElements ref="file:/C:/DevTools/Topcased-3.4.1/WS/fr.lig.vasco.selkis.ctm.example.uml2b/B/Selkis_VASCO_ORBAC__Selkis_VASCO_ORBAC.b#//@machines.0/@data.10"/>
  <destElements ref="file:/C:/DevTools/Topcased-3.4.1/WS/fr.lig.vasco.selkis.ctm.example.uml2b/B/Selkis_VASCO_ORBAC__Selkis_VASCO_ORBAC.b#//@machines.0/@data.11"/>
  <destElements ref="file:/C:/DevTools/Topcased-3.4.1/WS/fr.lig.vasco.selkis.ctm.example.uml2b/B/Selkis_VASCO_ORBAC__Selkis_VASCO_ORBAC.b#//@machines.0/@data.12"/>
  <destElements ref="file:/C:/DevTools/Topcased-3.4.1/WS/fr.lig.vasco.selkis.ctm.example.uml2b/B/Selkis_VASCO_ORBAC__Selkis_VASCO_ORBAC.b#//@machines.0/@data.13"/>
  <destElements ref="file:/C:/DevTools/Topcased-3.4.1/WS/fr.lig.vasco.selkis.ctm.example.uml2b/B/Selkis_VASCO_ORBAC__Selkis_VASCO_ORBAC.b#//@machines.0/@data.14"/>
  <destElements ref="file:/C:/DevTools/Topcased-3.4.1/WS/fr.lig.vasco.selkis.ctm.example.uml2b/B/Selkis_VASCO_ORBAC__Selkis_VASCO_ORBAC.b#//@machines.0/@data.15"/>
  <destElements ref="file:/C:/DevTools/Topcased-3.4.1/WS/fr.lig.vasco.selkis.ctm.example.uml2b/B/Selkis_VASCO_ORBAC__Selkis_VASCO_ORBAC.b#//@machines.0/@data.16"/>
  <destElements ref="file:/C:/DevTools/Topcased-3.4.1/WS/fr.lig.vasco.selkis.ctm.example.uml2b/B/Selkis_VASCO_ORBAC__Selkis_VASCO_ORBAC.b#//@machines.0/@operations.10"/>
  <destElements ref="file:/C:/DevTools/Topcased-3.4.1/WS/fr.lig.vasco.selkis.ctm.example.uml2b/B/Selkis_VASCO_ORBAC__Selkis_VASCO_ORBAC.b#//@machines.0/@operations.3"/>
  <destElements ref="file:/C:/DevTools/Topcased-3.4.1/WS/fr.lig.vasco.selkis.ctm.example.uml2b/B/Selkis_VASCO_ORBAC__Selkis_VASCO_ORBAC.b#//@machines.0/@operations.3"/>
  <destElements ref="file:/C:/DevTools/Topcased-3.4.1/WS/fr.lig.vasco.selkis.ctm.example.uml2b/B/Selkis_VASCO_ORBAC__Selkis_VASCO_ORBAC.b#//@machines.0/@operations.6"/>
  <destElements ref="file:/C:/DevTools/Topcased-3.4.1/WS/fr.lig.vasco.selkis.ctm.example.uml2b/B/Selkis_VASCO_ORBAC__Selkis_VASCO_ORBAC.b#//@machines.0/@operations.7"/>
  <destElements ref="file:/C:/DevTools/Topcased-3.4.1/WS/fr.lig.vasco.selkis.ctm.example.uml2b/B/Selkis_VASCO_ORBAC__Selkis_VASCO_ORBAC.b#//@machines.0/@operations.5"/>
  <destElements ref="file:/C:/DevTools/Topcased-3.4.1/WS/fr.lig.vasco.selkis.ctm.example.uml2b/B/Selkis_VASCO_ORBAC__Selkis_VASCO_ORBAC.b#//@machines.0/@operations.5"/>
  <destElements ref="file:/C:/DevTools/Topcased-3.4.1/WS/fr.lig.vasco.selkis.ctm.example.uml2b/B/Selkis_VASCO_ORBAC__Selkis_VASCO_ORBAC.b#//@machines.0/@operations.8"/>
  <destElements ref="file:/C:/DevTools/Topcased-3.4.1/WS/fr.lig.vasco.selkis.ctm.example.uml2b/B/Selkis_VASCO_ORBAC__Selkis_VASCO_ORBAC.b#//@machines.0/@operations.8"/>
  <destElements ref="file:/C:/DevTools/Topcased-3.4.1/WS/fr.lig.vasco.selkis.ctm.example.uml2b/B/Selkis_VASCO_ORBAC__Selkis_VASCO_ORBAC.b#//@machines.0/@operations.9"/>
  <destElements ref="file:/C:/DevTools/Topcased-3.4.1/WS/fr.lig.vasco.selkis.ctm.example.uml2b/B/Selkis_VASCO_ORBAC__Selkis_VASCO_ORBAC.b#//@machines.0/@operations.9"/>
  <destElements ref="file:/C:/DevTools/Topcased-3.4.1/WS/fr.lig.vasco.selkis.ctm.example.uml2b/B/Selkis_VASCO_ORBAC__Selkis_VASCO_ORBAC.b#//@machines.0/@operations.9"/>
  <destElements ref="file:/C:/DevTools/Topcased-3.4.1/WS/fr.lig.vasco.selkis.ctm.example.uml2b/B/Selkis_VASCO_ORBAC__Selkis_VASCO_ORBAC.b#//@machines.0/@operations.7"/>
  <destElements ref="file:/C:/DevTools/Topcased-3.4.1/WS/fr.lig.vasco.selkis.ctm.example.uml2b/B/Selkis_VASCO_ORBAC__Selkis_VASCO_ORBAC.b#//@machines.0/@operations.7"/>
  <destElements ref="file:/C:/DevTools/Topcased-3.4.1/WS/fr.lig.vasco.selkis.ctm.example.uml2b/B/Selkis_VASCO_ORBAC__Selkis_VASCO_ORBAC.b#//@machines.0/@operations.12"/>
  <destElements ref="file:/C:/DevTools/Topcased-3.4.1/WS/fr.lig.vasco.selkis.ctm.example.uml2b/B/Selkis_VASCO_ORBAC__Selkis_VASCO_ORBAC.b#//@machines.0/@operations.13"/>
  <destElements ref="file:/C:/DevTools/Topcased-3.4.1/WS/fr.lig.vasco.selkis.ctm.example.uml2b/B/Selkis_VASCO_ORBAC__Selkis_VASCO_ORBAC.b#//@machines.0/@operations.14"/>
  <destElements ref="file:/C:/DevTools/Topcased-3.4.1/WS/fr.lig.vasco.selkis.ctm.example.uml2b/B/Selkis_VASCO_ORBAC__Selkis_VASCO_ORBAC.b#//@machines.0/@operations.15"/>
  <destElements ref="file:/C:/DevTools/Topcased-3.4.1/WS/fr.lig.vasco.selkis.ctm.example.uml2b/B/Selkis_VASCO_ORBAC__Selkis_VASCO_ORBAC.b#//@machines.0/@operations.16"/>
  <destElements ref="file:/C:/DevTools/Topcased-3.4.1/WS/fr.lig.vasco.selkis.ctm.example.uml2b/B/Selkis_VASCO_ORBAC__Selkis_VASCO_ORBAC.b#//@machines.0/@operations.17"/>
  <destElements ref="file:/C:/DevTools/Topcased-3.4.1/WS/fr.lig.vasco.selkis.ctm.example.uml2b/B/Selkis_VASCO_ORBAC__Selkis_VASCO_ORBAC.b#//@machines.0/@operations.18"/>
  <destElements ref="file:/C:/DevTools/Topcased-3.4.1/WS/fr.lig.vasco.selkis.ctm.example.uml2b/B/Selkis_VASCO_ORBAC__Selkis_VASCO_ORBAC.b#//@machines.0/@operations.19"/>
  <destElements ref="file:/C:/DevTools/Topcased-3.4.1/WS/fr.lig.vasco.selkis.ctm.example.uml2b/B/Selkis_VASCO_ORBAC__Selkis_VASCO_ORBAC.b#//@machines.0/@operations.20"/>
  <destElements ref="file:/C:/DevTools/Topcased-3.4.1/WS/fr.lig.vasco.selkis.ctm.example.uml2b/B/Selkis_VASCO_ORBAC__Selkis_VASCO_ORBAC.b#//@machines.0/@operations.21"/>
  <destElements ref="file:/C:/DevTools/Topcased-3.4.1/WS/fr.lig.vasco.selkis.ctm.example.uml2b/B/Selkis_VASCO_ORBAC__Selkis_VASCO_ORBAC.b#//@machines.0/@operations.22"/>
  <destElements ref="file:/C:/DevTools/Topcased-3.4.1/WS/fr.lig.vasco.selkis.ctm.example.uml2b/B/Selkis_VASCO_ORBAC__Selkis_VASCO_ORBAC.b#//@machines.0/@operations.23"/>
  <destElements ref="file:/C:/DevTools/Topcased-3.4.1/WS/fr.lig.vasco.selkis.ctm.example.uml2b/B/Selkis_VASCO_ORBAC__Selkis_VASCO_ORBAC.b#//@machines.0/@operations.24"/>
  <destElements ref="file:/C:/DevTools/Topcased-3.4.1/WS/fr.lig.vasco.selkis.ctm.example.uml2b/B/Selkis_VASCO_ORBAC__Selkis_VASCO_ORBAC.b#//@machines.0/@operations.25"/>
  <destElements ref="file:/C:/DevTools/Topcased-3.4.1/WS/fr.lig.vasco.selkis.ctm.example.uml2b/B/Selkis_VASCO_ORBAC__Selkis_VASCO_ORBAC.b#//@machines.0/@operations.26"/>
  <destElements ref="file:/C:/DevTools/Topcased-3.4.1/WS/fr.lig.vasco.selkis.ctm.example.uml2b/B/Selkis_VASCO_ORBAC__Selkis_VASCO_ORBAC.b#//@machines.0/@operations.27"/>
  <destElements ref="file:/C:/DevTools/Topcased-3.4.1/WS/fr.lig.vasco.selkis.ctm.example.uml2b/B/Selkis_VASCO_ORBAC__Selkis_VASCO_ORBAC.b#//@machines.0/@operations.28"/>
  <destElements ref="file:/C:/DevTools/Topcased-3.4.1/WS/fr.lig.vasco.selkis.ctm.example.uml2b/B/Selkis_VASCO_ORBAC__Selkis_VASCO_ORBAC.b#//@machines.0/@operations.29"/>
  <destElements ref="file:/C:/DevTools/Topcased-3.4.1/WS/fr.lig.vasco.selkis.ctm.example.uml2b/B/Selkis_VASCO_ORBAC__Selkis_VASCO_ORBAC.b#//@machines.0/@operations.30"/>
  <destElements ref="file:/C:/DevTools/Topcased-3.4.1/WS/fr.lig.vasco.selkis.ctm.example.uml2b/B/Selkis_VASCO_ORBAC__Selkis_VASCO_ORBAC.b#//@machines.0/@operations.31"/>
  <destElements ref="file:/C:/DevTools/Topcased-3.4.1/WS/fr.lig.vasco.selkis.ctm.example.uml2b/B/Selkis_VASCO_ORBAC__Selkis_VASCO_ORBAC.b#//@machines.0/@operations.32"/>
  <destElements ref="file:/C:/DevTools/Topcased-3.4.1/WS/fr.lig.vasco.selkis.ctm.example.uml2b/B/Selkis_VASCO_ORBAC__Selkis_VASCO_ORBAC.b#//@machines.0/@operations.33"/>
  <destElements ref="file:/C:/DevTools/Topcased-3.4.1/WS/fr.lig.vasco.selkis.ctm.example.uml2b/B/Selkis_VASCO_ORBAC__Selkis_VASCO_ORBAC.b#//@machines.0/@operations.34"/>
  <destElements ref="file:/C:/DevTools/Topcased-3.4.1/WS/fr.lig.vasco.selkis.ctm.example.uml2b/B/Selkis_VASCO_ORBAC__Selkis_VASCO_ORBAC.b#//@machines.0/@operations.35"/>
  <destElements ref="file:/C:/DevTools/Topcased-3.4.1/WS/fr.lig.vasco.selkis.ctm.example.uml2b/B/Selkis_VASCO_ORBAC__Selkis_VASCO_ORBAC.b#//@machines.0/@operations.36"/>
  <destElements ref="file:/C:/DevTools/Topcased-3.4.1/WS/fr.lig.vasco.selkis.ctm.example.uml2b/B/Selkis_VASCO_ORBAC__Selkis_VASCO_ORBAC.b#//@machines.0/@operations.37"/>
</trace:TransformationTrace>
