<?xml version="1.0" encoding="ASCII"?>
<trace:TransformationTrace xmi:version="2.0" xmlns:xmi="http://www.omg.org/XMI" xmlns:trace="http://www.liglab.fr/vasco/ctm/trace/1.0">
  <maps dest="file:/C:/DevTools/Topcased-3.4.1/WS/fr.lig.vasco.selkis.ctm.example.uml2b/B/UML_ClassDiagram__UML_ClassDiagram__Association__AssociationClass__Assoc_Class_02_0n.b#//@machines.0" rule="UML2B.Transfo.UML2B_Selkis.createSysMachine" src="file:/C:/DevTools/Topcased-3.4.1/WS/fr.lig.vasco.selkis.ctm.example.uml2b/UML/UML_ClassDiagram.uml#_4Er30dxTEd-74q7ODe35tg"/>
  <maps dest="file:/C:/DevTools/Topcased-3.4.1/WS/fr.lig.vasco.selkis.ctm.example.uml2b/B/UML_ClassDiagram__UML_ClassDiagram__Association__AssociationClass__Assoc_Class_02_0n.b#//@machines.0/@data.0" rule="UML2B.Transfo.UML2B_Selkis.GenerateClassBVariableInSystemMachine" src="file:/C:/DevTools/Topcased-3.4.1/WS/fr.lig.vasco.selkis.ctm.example.uml2b/UML/UML_ClassDiagram.uml#_4Er30txTEd-74q7ODe35tg"/>
  <maps dest="file:/C:/DevTools/Topcased-3.4.1/WS/fr.lig.vasco.selkis.ctm.example.uml2b/B/UML_ClassDiagram__UML_ClassDiagram__Association__AssociationClass__Assoc_Class_02_0n.b#//@machines.0/@data.2" rule="UML2B.Transfo.UML2B_Selkis.GenerateClassBVariableInSystemMachine" src="file:/C:/DevTools/Topcased-3.4.1/WS/fr.lig.vasco.selkis.ctm.example.uml2b/UML/UML_ClassDiagram.uml#_4Er309xTEd-74q7ODe35tg"/>
  <maps dest="file:/C:/DevTools/Topcased-3.4.1/WS/fr.lig.vasco.selkis.ctm.example.uml2b/B/UML_ClassDiagram__UML_ClassDiagram__Association__AssociationClass__Assoc_Class_02_0n.b#//@machines.0/@operations.0" rule="UML2B.Transfo.UML2B_Selkis.GenerateConstructor" src="file:/C:/DevTools/Topcased-3.4.1/WS/fr.lig.vasco.selkis.ctm.example.uml2b/UML/UML_ClassDiagram.uml#_4Er30txTEd-74q7ODe35tg"/>
  <maps dest="file:/C:/DevTools/Topcased-3.4.1/WS/fr.lig.vasco.selkis.ctm.example.uml2b/B/UML_ClassDiagram__UML_ClassDiagram__Association__AssociationClass__Assoc_Class_02_0n.b#//@machines.0/@operations.1" rule="UML2B.Transfo.UML2B_Selkis.GenerateConstructor" src="file:/C:/DevTools/Topcased-3.4.1/WS/fr.lig.vasco.selkis.ctm.example.uml2b/UML/UML_ClassDiagram.uml#_4Er309xTEd-74q7ODe35tg"/>
  <maps dest="file:/C:/DevTools/Topcased-3.4.1/WS/fr.lig.vasco.selkis.ctm.example.uml2b/B/UML_ClassDiagram__UML_ClassDiagram__Association__AssociationClass__Assoc_Class_02_0n.b#//@machines.0/@operations.2" rule="UML2B.Transfo.UML2B_Selkis.GenerateDestructor_Internal" src="file:/C:/DevTools/Topcased-3.4.1/WS/fr.lig.vasco.selkis.ctm.example.uml2b/UML/UML_ClassDiagram.uml#/0/UML_ClassDiagram/Association/AssociationClass/Assoc_Class_02_0n/Class1/Class1_Free"/>
  <maps dest="file:/C:/DevTools/Topcased-3.4.1/WS/fr.lig.vasco.selkis.ctm.example.uml2b/B/UML_ClassDiagram__UML_ClassDiagram__Association__AssociationClass__Assoc_Class_02_0n.b#//@machines.0/@operations.2" rule="UML2B.Transfo.UML2B_Selkis.GenerateDestructor" src="file:/C:/DevTools/Topcased-3.4.1/WS/fr.lig.vasco.selkis.ctm.example.uml2b/UML/UML_ClassDiagram.uml#_4Er30txTEd-74q7ODe35tg"/>
  <maps dest="file:/C:/DevTools/Topcased-3.4.1/WS/fr.lig.vasco.selkis.ctm.example.uml2b/B/UML_ClassDiagram__UML_ClassDiagram__Association__AssociationClass__Assoc_Class_02_0n.b#//@machines.0/@operations.3" rule="UML2B.Transfo.UML2B_Selkis.GenerateDestructor_Internal" src="file:/C:/DevTools/Topcased-3.4.1/WS/fr.lig.vasco.selkis.ctm.example.uml2b/UML/UML_ClassDiagram.uml#/0/UML_ClassDiagram/Association/AssociationClass/Assoc_Class_02_0n/Class2/Class2_Free"/>
  <maps dest="file:/C:/DevTools/Topcased-3.4.1/WS/fr.lig.vasco.selkis.ctm.example.uml2b/B/UML_ClassDiagram__UML_ClassDiagram__Association__AssociationClass__Assoc_Class_02_0n.b#//@machines.0/@operations.3" rule="UML2B.Transfo.UML2B_Selkis.GenerateDestructor" src="file:/C:/DevTools/Topcased-3.4.1/WS/fr.lig.vasco.selkis.ctm.example.uml2b/UML/UML_ClassDiagram.uml#_4Er309xTEd-74q7ODe35tg"/>
  <maps dest="file:/C:/DevTools/Topcased-3.4.1/WS/fr.lig.vasco.selkis.ctm.example.uml2b/B/UML_ClassDiagram__UML_ClassDiagram__Association__AssociationClass__Assoc_Class_02_0n.b#//@machines.0/@data.4" rule="UML2B.Transfo.UML2B_Selkis.GenerateAssociationBVariable" src="file:/C:/DevTools/Topcased-3.4.1/WS/fr.lig.vasco.selkis.ctm.example.uml2b/UML/UML_ClassDiagram.uml#_4Er31NxTEd-74q7ODe35tg"/>
  <maps dest="file:/C:/DevTools/Topcased-3.4.1/WS/fr.lig.vasco.selkis.ctm.example.uml2b/B/UML_ClassDiagram__UML_ClassDiagram__Association__AssociationClass__Assoc_Class_02_0n.b#//@machines.0/@operations.4" rule="UML2B.Transfo.UML2B_Selkis.AssociationClass_GenerateConstructor" src="file:/C:/DevTools/Topcased-3.4.1/WS/fr.lig.vasco.selkis.ctm.example.uml2b/UML/UML_ClassDiagram.uml#_4Er31NxTEd-74q7ODe35tg"/>
  <maps dest="file:/C:/DevTools/Topcased-3.4.1/WS/fr.lig.vasco.selkis.ctm.example.uml2b/B/UML_ClassDiagram__UML_ClassDiagram__Association__AssociationClass__Assoc_Class_02_0n.b#//@machines.0/@operations.5" rule="UML2B.Transfo.UML2B_Selkis.AssociationClass_GenerateDestructor_Internal" src="file:/C:/DevTools/Topcased-3.4.1/WS/fr.lig.vasco.selkis.ctm.example.uml2b/UML/UML_ClassDiagram.uml#/0/UML_ClassDiagram/Association/AssociationClass/Assoc_Class_02_0n/AssoClass/AssoClass_Free"/>
  <maps dest="file:/C:/DevTools/Topcased-3.4.1/WS/fr.lig.vasco.selkis.ctm.example.uml2b/B/UML_ClassDiagram__UML_ClassDiagram__Association__AssociationClass__Assoc_Class_02_0n.b#//@machines.0/@operations.5" rule="UML2B.Transfo.UML2B_Selkis.AssociationClass_GenerateDestructor" src="file:/C:/DevTools/Topcased-3.4.1/WS/fr.lig.vasco.selkis.ctm.example.uml2b/UML/UML_ClassDiagram.uml#_4Er31NxTEd-74q7ODe35tg"/>
  <maps dest="file:/C:/DevTools/Topcased-3.4.1/WS/fr.lig.vasco.selkis.ctm.example.uml2b/B/UML_ClassDiagram__UML_ClassDiagram__Association__AssociationClass__Assoc_Class_02_0n.b#//@machines.0/@operations.3" rule="UML2B.Transfo.UML2B_Selkis.Role_UpdateDestructor" src="file:/C:/DevTools/Topcased-3.4.1/WS/fr.lig.vasco.selkis.ctm.example.uml2b/UML/UML_ClassDiagram.uml#_4Er319xTEd-74q7ODe35tg"/>
  <maps dest="file:/C:/DevTools/Topcased-3.4.1/WS/fr.lig.vasco.selkis.ctm.example.uml2b/B/UML_ClassDiagram__UML_ClassDiagram__Association__AssociationClass__Assoc_Class_02_0n.b#//@machines.0/@operations.2" rule="UML2B.Transfo.UML2B_Selkis.Role_UpdateDestructor" src="file:/C:/DevTools/Topcased-3.4.1/WS/fr.lig.vasco.selkis.ctm.example.uml2b/UML/UML_ClassDiagram.uml#_4Er32txTEd-74q7ODe35tg"/>
  <maps dest="file:/C:/DevTools/Topcased-3.4.1/WS/fr.lig.vasco.selkis.ctm.example.uml2b/B/UML_ClassDiagram__UML_ClassDiagram__Association__AssociationClass__Assoc_Class_02_0n.b#//@machines.0/@operations.6" rule="UML2B.Transfo.UML2B_Selkis.NavigableRole_GenerateAccessor" src="file:/C:/DevTools/Topcased-3.4.1/WS/fr.lig.vasco.selkis.ctm.example.uml2b/UML/UML_ClassDiagram.uml#_4Er319xTEd-74q7ODe35tg"/>
  <maps dest="file:/C:/DevTools/Topcased-3.4.1/WS/fr.lig.vasco.selkis.ctm.example.uml2b/B/UML_ClassDiagram__UML_ClassDiagram__Association__AssociationClass__Assoc_Class_02_0n.b#//@machines.0/@operations.7" rule="UML2B.Transfo.UML2B_Selkis.NavigableRole_GenerateAccessor" src="file:/C:/DevTools/Topcased-3.4.1/WS/fr.lig.vasco.selkis.ctm.example.uml2b/UML/UML_ClassDiagram.uml#_4Er32txTEd-74q7ODe35tg"/>
  <maps dest="file:/C:/DevTools/Topcased-3.4.1/WS/fr.lig.vasco.selkis.ctm.example.uml2b/B/UML_ClassDiagram__UML_ClassDiagram__Association__AssociationClass__Assoc_Class_02_0n.b#//@machines.0/@operations.8" rule="UML2B.Transfo.UML2B_Selkis.NavigableRole_GenerateMutator_multivaluedAdder" src="file:/C:/DevTools/Topcased-3.4.1/WS/fr.lig.vasco.selkis.ctm.example.uml2b/UML/UML_ClassDiagram.uml#_4Er319xTEd-74q7ODe35tg"/>
  <maps dest="file:/C:/DevTools/Topcased-3.4.1/WS/fr.lig.vasco.selkis.ctm.example.uml2b/B/UML_ClassDiagram__UML_ClassDiagram__Association__AssociationClass__Assoc_Class_02_0n.b#//@machines.0/@operations.9" rule="UML2B.Transfo.UML2B_Selkis.NavigableRole_GenerateMutator_multivaluedAdder" src="file:/C:/DevTools/Topcased-3.4.1/WS/fr.lig.vasco.selkis.ctm.example.uml2b/UML/UML_ClassDiagram.uml#_4Er32txTEd-74q7ODe35tg"/>
  <maps dest="file:/C:/DevTools/Topcased-3.4.1/WS/fr.lig.vasco.selkis.ctm.example.uml2b/B/UML_ClassDiagram__UML_ClassDiagram__Association__AssociationClass__Assoc_Class_02_0n.b#//@machines.0/@operations.10" rule="UML2B.Transfo.UML2B_Selkis.NavigableRole_GenerateMutator_multivaluedRemover" src="file:/C:/DevTools/Topcased-3.4.1/WS/fr.lig.vasco.selkis.ctm.example.uml2b/UML/UML_ClassDiagram.uml#_4Er319xTEd-74q7ODe35tg"/>
  <maps dest="file:/C:/DevTools/Topcased-3.4.1/WS/fr.lig.vasco.selkis.ctm.example.uml2b/B/UML_ClassDiagram__UML_ClassDiagram__Association__AssociationClass__Assoc_Class_02_0n.b#//@machines.0/@operations.11" rule="UML2B.Transfo.UML2B_Selkis.NavigableRole_GenerateMutator_multivaluedRemover" src="file:/C:/DevTools/Topcased-3.4.1/WS/fr.lig.vasco.selkis.ctm.example.uml2b/UML/UML_ClassDiagram.uml#_4Er32txTEd-74q7ODe35tg"/>
  <srcElements ref="file:/C:/DevTools/Topcased-3.4.1/WS/fr.lig.vasco.selkis.ctm.example.uml2b/UML/UML_ClassDiagram.uml#_4Er30dxTEd-74q7ODe35tg" mapping="//@maps.0"/>
  <srcElements ref="file:/C:/DevTools/Topcased-3.4.1/WS/fr.lig.vasco.selkis.ctm.example.uml2b/UML/UML_ClassDiagram.uml#_4Er30txTEd-74q7ODe35tg" mapping="//@maps.1 //@maps.3 //@maps.6"/>
  <srcElements ref="file:/C:/DevTools/Topcased-3.4.1/WS/fr.lig.vasco.selkis.ctm.example.uml2b/UML/UML_ClassDiagram.uml#_4Er309xTEd-74q7ODe35tg" mapping="//@maps.2 //@maps.4 //@maps.8"/>
  <srcElements ref="file:/C:/DevTools/Topcased-3.4.1/WS/fr.lig.vasco.selkis.ctm.example.uml2b/UML/UML_ClassDiagram.uml#/0/UML_ClassDiagram/Association/AssociationClass/Assoc_Class_02_0n/Class1/Class1_Free" mapping="//@maps.5"/>
  <srcElements ref="file:/C:/DevTools/Topcased-3.4.1/WS/fr.lig.vasco.selkis.ctm.example.uml2b/UML/UML_ClassDiagram.uml#/0/UML_ClassDiagram/Association/AssociationClass/Assoc_Class_02_0n/Class2/Class2_Free" mapping="//@maps.7"/>
  <srcElements ref="file:/C:/DevTools/Topcased-3.4.1/WS/fr.lig.vasco.selkis.ctm.example.uml2b/UML/UML_ClassDiagram.uml#_4Er31NxTEd-74q7ODe35tg" mapping="//@maps.9 //@maps.10 //@maps.12"/>
  <srcElements ref="file:/C:/DevTools/Topcased-3.4.1/WS/fr.lig.vasco.selkis.ctm.example.uml2b/UML/UML_ClassDiagram.uml#/0/UML_ClassDiagram/Association/AssociationClass/Assoc_Class_02_0n/AssoClass/AssoClass_Free" mapping="//@maps.11"/>
  <srcElements ref="file:/C:/DevTools/Topcased-3.4.1/WS/fr.lig.vasco.selkis.ctm.example.uml2b/UML/UML_ClassDiagram.uml#_4Er319xTEd-74q7ODe35tg" mapping="//@maps.13 //@maps.15 //@maps.17 //@maps.19"/>
  <srcElements ref="file:/C:/DevTools/Topcased-3.4.1/WS/fr.lig.vasco.selkis.ctm.example.uml2b/UML/UML_ClassDiagram.uml#_4Er32txTEd-74q7ODe35tg" mapping="//@maps.14 //@maps.16 //@maps.18 //@maps.20"/>
  <rules ref="UML2B.Transfo.UML2B_Selkis.createSysMachine"/>
  <rules ref="UML2B.Transfo.UML2B_Selkis.GenerateClassBVariableInSystemMachine"/>
  <rules ref="UML2B.Transfo.UML2B_Selkis.GenerateConstructor"/>
  <rules ref="UML2B.Transfo.UML2B_Selkis.GenerateDestructor_Internal"/>
  <rules ref="UML2B.Transfo.UML2B_Selkis.GenerateDestructor"/>
  <rules ref="UML2B.Transfo.UML2B_Selkis.GenerateAssociationBVariable"/>
  <rules ref="UML2B.Transfo.UML2B_Selkis.AssociationClass_GenerateConstructor"/>
  <rules ref="UML2B.Transfo.UML2B_Selkis.AssociationClass_GenerateDestructor_Internal"/>
  <rules ref="UML2B.Transfo.UML2B_Selkis.AssociationClass_GenerateDestructor"/>
  <rules ref="UML2B.Transfo.UML2B_Selkis.Role_UpdateDestructor"/>
  <rules ref="UML2B.Transfo.UML2B_Selkis.NavigableRole_GenerateAccessor"/>
  <rules ref="UML2B.Transfo.UML2B_Selkis.NavigableRole_GenerateMutator_multivaluedAdder"/>
  <rules ref="UML2B.Transfo.UML2B_Selkis.NavigableRole_GenerateMutator_multivaluedRemover"/>
  <destElements ref="file:/C:/DevTools/Topcased-3.4.1/WS/fr.lig.vasco.selkis.ctm.example.uml2b/B/UML_ClassDiagram__UML_ClassDiagram__Association__AssociationClass__Assoc_Class_02_0n.b#//@machines.0"/>
  <destElements ref="file:/C:/DevTools/Topcased-3.4.1/WS/fr.lig.vasco.selkis.ctm.example.uml2b/B/UML_ClassDiagram__UML_ClassDiagram__Association__AssociationClass__Assoc_Class_02_0n.b#//@machines.0/@data.0"/>
  <destElements ref="file:/C:/DevTools/Topcased-3.4.1/WS/fr.lig.vasco.selkis.ctm.example.uml2b/B/UML_ClassDiagram__UML_ClassDiagram__Association__AssociationClass__Assoc_Class_02_0n.b#//@machines.0/@data.2"/>
  <destElements ref="file:/C:/DevTools/Topcased-3.4.1/WS/fr.lig.vasco.selkis.ctm.example.uml2b/B/UML_ClassDiagram__UML_ClassDiagram__Association__AssociationClass__Assoc_Class_02_0n.b#//@machines.0/@operations.0"/>
  <destElements ref="file:/C:/DevTools/Topcased-3.4.1/WS/fr.lig.vasco.selkis.ctm.example.uml2b/B/UML_ClassDiagram__UML_ClassDiagram__Association__AssociationClass__Assoc_Class_02_0n.b#//@machines.0/@operations.1"/>
  <destElements ref="file:/C:/DevTools/Topcased-3.4.1/WS/fr.lig.vasco.selkis.ctm.example.uml2b/B/UML_ClassDiagram__UML_ClassDiagram__Association__AssociationClass__Assoc_Class_02_0n.b#//@machines.0/@operations.2"/>
  <destElements ref="file:/C:/DevTools/Topcased-3.4.1/WS/fr.lig.vasco.selkis.ctm.example.uml2b/B/UML_ClassDiagram__UML_ClassDiagram__Association__AssociationClass__Assoc_Class_02_0n.b#//@machines.0/@operations.2"/>
  <destElements ref="file:/C:/DevTools/Topcased-3.4.1/WS/fr.lig.vasco.selkis.ctm.example.uml2b/B/UML_ClassDiagram__UML_ClassDiagram__Association__AssociationClass__Assoc_Class_02_0n.b#//@machines.0/@operations.3"/>
  <destElements ref="file:/C:/DevTools/Topcased-3.4.1/WS/fr.lig.vasco.selkis.ctm.example.uml2b/B/UML_ClassDiagram__UML_ClassDiagram__Association__AssociationClass__Assoc_Class_02_0n.b#//@machines.0/@operations.3"/>
  <destElements ref="file:/C:/DevTools/Topcased-3.4.1/WS/fr.lig.vasco.selkis.ctm.example.uml2b/B/UML_ClassDiagram__UML_ClassDiagram__Association__AssociationClass__Assoc_Class_02_0n.b#//@machines.0/@data.4"/>
  <destElements ref="file:/C:/DevTools/Topcased-3.4.1/WS/fr.lig.vasco.selkis.ctm.example.uml2b/B/UML_ClassDiagram__UML_ClassDiagram__Association__AssociationClass__Assoc_Class_02_0n.b#//@machines.0/@operations.4"/>
  <destElements ref="file:/C:/DevTools/Topcased-3.4.1/WS/fr.lig.vasco.selkis.ctm.example.uml2b/B/UML_ClassDiagram__UML_ClassDiagram__Association__AssociationClass__Assoc_Class_02_0n.b#//@machines.0/@operations.5"/>
  <destElements ref="file:/C:/DevTools/Topcased-3.4.1/WS/fr.lig.vasco.selkis.ctm.example.uml2b/B/UML_ClassDiagram__UML_ClassDiagram__Association__AssociationClass__Assoc_Class_02_0n.b#//@machines.0/@operations.5"/>
  <destElements ref="file:/C:/DevTools/Topcased-3.4.1/WS/fr.lig.vasco.selkis.ctm.example.uml2b/B/UML_ClassDiagram__UML_ClassDiagram__Association__AssociationClass__Assoc_Class_02_0n.b#//@machines.0/@operations.3"/>
  <destElements ref="file:/C:/DevTools/Topcased-3.4.1/WS/fr.lig.vasco.selkis.ctm.example.uml2b/B/UML_ClassDiagram__UML_ClassDiagram__Association__AssociationClass__Assoc_Class_02_0n.b#//@machines.0/@operations.2"/>
  <destElements ref="file:/C:/DevTools/Topcased-3.4.1/WS/fr.lig.vasco.selkis.ctm.example.uml2b/B/UML_ClassDiagram__UML_ClassDiagram__Association__AssociationClass__Assoc_Class_02_0n.b#//@machines.0/@operations.6"/>
  <destElements ref="file:/C:/DevTools/Topcased-3.4.1/WS/fr.lig.vasco.selkis.ctm.example.uml2b/B/UML_ClassDiagram__UML_ClassDiagram__Association__AssociationClass__Assoc_Class_02_0n.b#//@machines.0/@operations.7"/>
  <destElements ref="file:/C:/DevTools/Topcased-3.4.1/WS/fr.lig.vasco.selkis.ctm.example.uml2b/B/UML_ClassDiagram__UML_ClassDiagram__Association__AssociationClass__Assoc_Class_02_0n.b#//@machines.0/@operations.8"/>
  <destElements ref="file:/C:/DevTools/Topcased-3.4.1/WS/fr.lig.vasco.selkis.ctm.example.uml2b/B/UML_ClassDiagram__UML_ClassDiagram__Association__AssociationClass__Assoc_Class_02_0n.b#//@machines.0/@operations.9"/>
  <destElements ref="file:/C:/DevTools/Topcased-3.4.1/WS/fr.lig.vasco.selkis.ctm.example.uml2b/B/UML_ClassDiagram__UML_ClassDiagram__Association__AssociationClass__Assoc_Class_02_0n.b#//@machines.0/@operations.10"/>
  <destElements ref="file:/C:/DevTools/Topcased-3.4.1/WS/fr.lig.vasco.selkis.ctm.example.uml2b/B/UML_ClassDiagram__UML_ClassDiagram__Association__AssociationClass__Assoc_Class_02_0n.b#//@machines.0/@operations.11"/>
</trace:TransformationTrace>
