<?xml version="1.0" encoding="ASCII"?>
<trace:TransformationTrace xmi:version="2.0" xmlns:xmi="http://www.omg.org/XMI" xmlns:trace="http://www.liglab.fr/vasco/ctm/trace/1.0">
  <maps dest="file:/C:/DevTools/Topcased-3.4.1/WS/fr.lig.vasco.selkis.ctm.example.uml2b/B/VideoClub.b#//@machines.0" rule="UML2B.Transfo.UML2B_Selkis.createSysMachine" src="file:/C:/DevTools/Topcased-3.4.1/WS/fr.lig.vasco.selkis.ctm.example.uml2b/UML/VideoClub.uml#_qiOtgMqMEd27wYLqDoWrkQ"/>
  <maps dest="file:/C:/DevTools/Topcased-3.4.1/WS/fr.lig.vasco.selkis.ctm.example.uml2b/B/VideoClub.b#//@sharedTypes/@sharedTypes.0" rule="UML2B.Transfo.UML2B_Selkis.GeneratePrimitiveTypes" src="pathmap://UML_LIBRARIES/UMLPrimitiveTypes.library.uml#Integer"/>
  <maps dest="file:/C:/DevTools/Topcased-3.4.1/WS/fr.lig.vasco.selkis.ctm.example.uml2b/B/VideoClub.b#//@sharedTypes/@sharedTypes.1" rule="UML2B.Transfo.UML2B_Selkis.GeneratePrimitiveTypes" src="pathmap://UML_LIBRARIES/UMLPrimitiveTypes.library.uml#Boolean"/>
  <maps dest="file:/C:/DevTools/Topcased-3.4.1/WS/fr.lig.vasco.selkis.ctm.example.uml2b/B/VideoClub.b#//@machines.0/@data.0" rule="UML2B.Transfo.UML2B_Selkis.GeneratePrimitiveTypes" src="pathmap://UML_LIBRARIES/UMLPrimitiveTypes.library.uml#String"/>
  <maps dest="file:/C:/DevTools/Topcased-3.4.1/WS/fr.lig.vasco.selkis.ctm.example.uml2b/B/VideoClub.b#//@sharedTypes/@sharedTypes.0" rule="UML2B.Transfo.UML2B_Selkis.GeneratePrimitiveTypes" src="pathmap://UML_LIBRARIES/UMLPrimitiveTypes.library.uml#Integer"/>
  <maps dest="file:/C:/DevTools/Topcased-3.4.1/WS/fr.lig.vasco.selkis.ctm.example.uml2b/B/VideoClub.b#//@machines.0/@data.0" rule="UML2B.Transfo.UML2B_Selkis.GeneratePrimitiveTypes" src="pathmap://UML_LIBRARIES/UMLPrimitiveTypes.library.uml#String"/>
  <maps dest="file:/C:/DevTools/Topcased-3.4.1/WS/fr.lig.vasco.selkis.ctm.example.uml2b/B/VideoClub.b#//@sharedTypes/@sharedTypes.0" rule="UML2B.Transfo.UML2B_Selkis.GeneratePrimitiveTypes" src="pathmap://UML_LIBRARIES/UMLPrimitiveTypes.library.uml#Integer"/>
  <maps dest="file:/C:/DevTools/Topcased-3.4.1/WS/fr.lig.vasco.selkis.ctm.example.uml2b/B/VideoClub.b#//@machines.0/@data.1" rule="UML2B.Transfo.UML2B_Selkis.GenerateClassBVariableInSystemMachine" src="file:/C:/DevTools/Topcased-3.4.1/WS/fr.lig.vasco.selkis.ctm.example.uml2b/UML/VideoClub.uml#_6fjs4MqMEd27wYLqDoWrkQ"/>
  <maps dest="file:/C:/DevTools/Topcased-3.4.1/WS/fr.lig.vasco.selkis.ctm.example.uml2b/B/VideoClub.b#//@machines.0/@data.3" rule="UML2B.Transfo.UML2B_Selkis.GenerateClassBVariableInSystemMachine" src="file:/C:/DevTools/Topcased-3.4.1/WS/fr.lig.vasco.selkis.ctm.example.uml2b/UML/VideoClub.uml#_7x9v-MqMEd27wYLqDoWrkQ"/>
  <maps dest="file:/C:/DevTools/Topcased-3.4.1/WS/fr.lig.vasco.selkis.ctm.example.uml2b/B/VideoClub.b#//@machines.0/@data.5" rule="UML2B.Transfo.UML2B_Selkis.GenerateClassBVariableInSystemMachine" src="file:/C:/DevTools/Topcased-3.4.1/WS/fr.lig.vasco.selkis.ctm.example.uml2b/UML/VideoClub.uml#_9foysMqMEd27wYLqDoWrkQ"/>
  <maps dest="file:/C:/DevTools/Topcased-3.4.1/WS/fr.lig.vasco.selkis.ctm.example.uml2b/B/VideoClub.b#//@machines.0/@data.7" rule="UML2B.Transfo.UML2B_Selkis.GenerateClassBVariableInSystemMachine" src="file:/C:/DevTools/Topcased-3.4.1/WS/fr.lig.vasco.selkis.ctm.example.uml2b/UML/VideoClub.uml#_AQz52MqNEd27wYLqDoWrkQ"/>
  <maps dest="file:/C:/DevTools/Topcased-3.4.1/WS/fr.lig.vasco.selkis.ctm.example.uml2b/B/VideoClub.b#//@machines.0/@data.9" rule="UML2B.Transfo.UML2B_Selkis.GenerateClassBVariableInSystemMachine" src="file:/C:/DevTools/Topcased-3.4.1/WS/fr.lig.vasco.selkis.ctm.example.uml2b/UML/VideoClub.uml#_mTXD6MqNEd27wYLqDoWrkQ"/>
  <maps dest="file:/C:/DevTools/Topcased-3.4.1/WS/fr.lig.vasco.selkis.ctm.example.uml2b/B/VideoClub.b#//@machines.0/@data.10" rule="UML2B.Transfo.UML2B_Selkis.GenerateClassBVariableInSystemMachine" src="file:/C:/DevTools/Topcased-3.4.1/WS/fr.lig.vasco.selkis.ctm.example.uml2b/UML/VideoClub.uml#_n4iR-MqNEd27wYLqDoWrkQ"/>
  <maps dest="file:/C:/DevTools/Topcased-3.4.1/WS/fr.lig.vasco.selkis.ctm.example.uml2b/B/VideoClub.b#//@machines.0/@data.11" rule="UML2B.Transfo.UML2B_Selkis.GenerateClassBVariableInSystemMachine" src="file:/C:/DevTools/Topcased-3.4.1/WS/fr.lig.vasco.selkis.ctm.example.uml2b/UML/VideoClub.uml#_MnZ4YMfkEd-9S6iWlU3cyw"/>
  <maps dest="file:/C:/DevTools/Topcased-3.4.1/WS/fr.lig.vasco.selkis.ctm.example.uml2b/B/VideoClub.b#//@machines.0/@data.12" rule="UML2B.Transfo.UML2B_Selkis.GenerateClassBVariableInSystemMachine" src="file:/C:/DevTools/Topcased-3.4.1/WS/fr.lig.vasco.selkis.ctm.example.uml2b/UML/VideoClub.uml#_G7cqoMrjEd-0zYFPi-ciUg"/>
  <maps dest="file:/C:/DevTools/Topcased-3.4.1/WS/fr.lig.vasco.selkis.ctm.example.uml2b/B/VideoClub.b#//@machines.0/@operations.0" rule="UML2B.Transfo.UML2B_Selkis.GenerateOperationSkeleton" src="file:/C:/DevTools/Topcased-3.4.1/WS/fr.lig.vasco.selkis.ctm.example.uml2b/UML/VideoClub.uml#_RxNMQlhxEd-Z0pb_TBmyHQ"/>
  <maps dest="file:/C:/DevTools/Topcased-3.4.1/WS/fr.lig.vasco.selkis.ctm.example.uml2b/B/VideoClub.b#//@machines.0/@operations.1" rule="UML2B.Transfo.UML2B_Selkis.GenerateConstructor" src="file:/C:/DevTools/Topcased-3.4.1/WS/fr.lig.vasco.selkis.ctm.example.uml2b/UML/VideoClub.uml#_6fjs4MqMEd27wYLqDoWrkQ"/>
  <maps dest="file:/C:/DevTools/Topcased-3.4.1/WS/fr.lig.vasco.selkis.ctm.example.uml2b/B/VideoClub.b#//@machines.0/@operations.2" rule="UML2B.Transfo.UML2B_Selkis.GenerateConstructor" src="file:/C:/DevTools/Topcased-3.4.1/WS/fr.lig.vasco.selkis.ctm.example.uml2b/UML/VideoClub.uml#_7x9v-MqMEd27wYLqDoWrkQ"/>
  <maps dest="file:/C:/DevTools/Topcased-3.4.1/WS/fr.lig.vasco.selkis.ctm.example.uml2b/B/VideoClub.b#//@machines.0/@operations.3" rule="UML2B.Transfo.UML2B_Selkis.GenerateConstructor" src="file:/C:/DevTools/Topcased-3.4.1/WS/fr.lig.vasco.selkis.ctm.example.uml2b/UML/VideoClub.uml#_9foysMqMEd27wYLqDoWrkQ"/>
  <maps dest="file:/C:/DevTools/Topcased-3.4.1/WS/fr.lig.vasco.selkis.ctm.example.uml2b/B/VideoClub.b#//@machines.0/@operations.4" rule="UML2B.Transfo.UML2B_Selkis.GenerateConstructor" src="file:/C:/DevTools/Topcased-3.4.1/WS/fr.lig.vasco.selkis.ctm.example.uml2b/UML/VideoClub.uml#_AQz52MqNEd27wYLqDoWrkQ"/>
  <maps dest="file:/C:/DevTools/Topcased-3.4.1/WS/fr.lig.vasco.selkis.ctm.example.uml2b/B/VideoClub.b#//@machines.0/@operations.5" rule="UML2B.Transfo.UML2B_Selkis.GenerateConstructor" src="file:/C:/DevTools/Topcased-3.4.1/WS/fr.lig.vasco.selkis.ctm.example.uml2b/UML/VideoClub.uml#_mTXD6MqNEd27wYLqDoWrkQ"/>
  <maps dest="file:/C:/DevTools/Topcased-3.4.1/WS/fr.lig.vasco.selkis.ctm.example.uml2b/B/VideoClub.b#//@machines.0/@operations.6" rule="UML2B.Transfo.UML2B_Selkis.GenerateConstructor" src="file:/C:/DevTools/Topcased-3.4.1/WS/fr.lig.vasco.selkis.ctm.example.uml2b/UML/VideoClub.uml#_n4iR-MqNEd27wYLqDoWrkQ"/>
  <maps dest="file:/C:/DevTools/Topcased-3.4.1/WS/fr.lig.vasco.selkis.ctm.example.uml2b/B/VideoClub.b#//@machines.0/@operations.7" rule="UML2B.Transfo.UML2B_Selkis.GenerateConstructor" src="file:/C:/DevTools/Topcased-3.4.1/WS/fr.lig.vasco.selkis.ctm.example.uml2b/UML/VideoClub.uml#_MnZ4YMfkEd-9S6iWlU3cyw"/>
  <maps dest="file:/C:/DevTools/Topcased-3.4.1/WS/fr.lig.vasco.selkis.ctm.example.uml2b/B/VideoClub.b#//@machines.0/@operations.8" rule="UML2B.Transfo.UML2B_Selkis.GenerateConstructor" src="file:/C:/DevTools/Topcased-3.4.1/WS/fr.lig.vasco.selkis.ctm.example.uml2b/UML/VideoClub.uml#_G7cqoMrjEd-0zYFPi-ciUg"/>
  <maps dest="file:/C:/DevTools/Topcased-3.4.1/WS/fr.lig.vasco.selkis.ctm.example.uml2b/B/VideoClub.b#//@machines.0/@operations.9" rule="UML2B.Transfo.UML2B_Selkis.GenerateDestructor_Internal" src="file:/C:/DevTools/Topcased-3.4.1/WS/fr.lig.vasco.selkis.ctm.example.uml2b/UML/VideoClub.uml#/0/Client/Client_Free"/>
  <maps dest="file:/C:/DevTools/Topcased-3.4.1/WS/fr.lig.vasco.selkis.ctm.example.uml2b/B/VideoClub.b#//@machines.0/@operations.9" rule="UML2B.Transfo.UML2B_Selkis.GenerateDestructor" src="file:/C:/DevTools/Topcased-3.4.1/WS/fr.lig.vasco.selkis.ctm.example.uml2b/UML/VideoClub.uml#_6fjs4MqMEd27wYLqDoWrkQ"/>
  <maps dest="file:/C:/DevTools/Topcased-3.4.1/WS/fr.lig.vasco.selkis.ctm.example.uml2b/B/VideoClub.b#//@machines.0/@operations.10" rule="UML2B.Transfo.UML2B_Selkis.GenerateDestructor_Internal" src="file:/C:/DevTools/Topcased-3.4.1/WS/fr.lig.vasco.selkis.ctm.example.uml2b/UML/VideoClub.uml#/0/Emprunt/Emprunt_Free"/>
  <maps dest="file:/C:/DevTools/Topcased-3.4.1/WS/fr.lig.vasco.selkis.ctm.example.uml2b/B/VideoClub.b#//@machines.0/@operations.10" rule="UML2B.Transfo.UML2B_Selkis.GenerateDestructor" src="file:/C:/DevTools/Topcased-3.4.1/WS/fr.lig.vasco.selkis.ctm.example.uml2b/UML/VideoClub.uml#_7x9v-MqMEd27wYLqDoWrkQ"/>
  <maps dest="file:/C:/DevTools/Topcased-3.4.1/WS/fr.lig.vasco.selkis.ctm.example.uml2b/B/VideoClub.b#//@machines.0/@operations.11" rule="UML2B.Transfo.UML2B_Selkis.GenerateDestructor_Internal" src="file:/C:/DevTools/Topcased-3.4.1/WS/fr.lig.vasco.selkis.ctm.example.uml2b/UML/VideoClub.uml#/0/Cassette/Cassette_Free"/>
  <maps dest="file:/C:/DevTools/Topcased-3.4.1/WS/fr.lig.vasco.selkis.ctm.example.uml2b/B/VideoClub.b#//@machines.0/@operations.11" rule="UML2B.Transfo.UML2B_Selkis.GenerateDestructor" src="file:/C:/DevTools/Topcased-3.4.1/WS/fr.lig.vasco.selkis.ctm.example.uml2b/UML/VideoClub.uml#_9foysMqMEd27wYLqDoWrkQ"/>
  <maps dest="file:/C:/DevTools/Topcased-3.4.1/WS/fr.lig.vasco.selkis.ctm.example.uml2b/B/VideoClub.b#//@machines.0/@operations.12" rule="UML2B.Transfo.UML2B_Selkis.GenerateDestructor_Internal" src="file:/C:/DevTools/Topcased-3.4.1/WS/fr.lig.vasco.selkis.ctm.example.uml2b/UML/VideoClub.uml#/0/Acteur/Acteur_Free"/>
  <maps dest="file:/C:/DevTools/Topcased-3.4.1/WS/fr.lig.vasco.selkis.ctm.example.uml2b/B/VideoClub.b#//@machines.0/@operations.12" rule="UML2B.Transfo.UML2B_Selkis.GenerateDestructor" src="file:/C:/DevTools/Topcased-3.4.1/WS/fr.lig.vasco.selkis.ctm.example.uml2b/UML/VideoClub.uml#_AQz52MqNEd27wYLqDoWrkQ"/>
  <maps dest="file:/C:/DevTools/Topcased-3.4.1/WS/fr.lig.vasco.selkis.ctm.example.uml2b/B/VideoClub.b#//@machines.0/@operations.13" rule="UML2B.Transfo.UML2B_Selkis.GenerateDestructor_Internal" src="file:/C:/DevTools/Topcased-3.4.1/WS/fr.lig.vasco.selkis.ctm.example.uml2b/UML/VideoClub.uml#/0/Film/Film_Free"/>
  <maps dest="file:/C:/DevTools/Topcased-3.4.1/WS/fr.lig.vasco.selkis.ctm.example.uml2b/B/VideoClub.b#//@machines.0/@operations.13" rule="UML2B.Transfo.UML2B_Selkis.GenerateDestructor" src="file:/C:/DevTools/Topcased-3.4.1/WS/fr.lig.vasco.selkis.ctm.example.uml2b/UML/VideoClub.uml#_mTXD6MqNEd27wYLqDoWrkQ"/>
  <maps dest="file:/C:/DevTools/Topcased-3.4.1/WS/fr.lig.vasco.selkis.ctm.example.uml2b/B/VideoClub.b#//@machines.0/@operations.14" rule="UML2B.Transfo.UML2B_Selkis.GenerateDestructor_Internal" src="file:/C:/DevTools/Topcased-3.4.1/WS/fr.lig.vasco.selkis.ctm.example.uml2b/UML/VideoClub.uml#/0/Serie/Serie_Free"/>
  <maps dest="file:/C:/DevTools/Topcased-3.4.1/WS/fr.lig.vasco.selkis.ctm.example.uml2b/B/VideoClub.b#//@machines.0/@operations.14" rule="UML2B.Transfo.UML2B_Selkis.GenerateDestructor" src="file:/C:/DevTools/Topcased-3.4.1/WS/fr.lig.vasco.selkis.ctm.example.uml2b/UML/VideoClub.uml#_n4iR-MqNEd27wYLqDoWrkQ"/>
  <maps dest="file:/C:/DevTools/Topcased-3.4.1/WS/fr.lig.vasco.selkis.ctm.example.uml2b/B/VideoClub.b#//@machines.0/@operations.15" rule="UML2B.Transfo.UML2B_Selkis.GenerateDestructor_Internal" src="file:/C:/DevTools/Topcased-3.4.1/WS/fr.lig.vasco.selkis.ctm.example.uml2b/UML/VideoClub.uml#/0/Anime/Anime_Free"/>
  <maps dest="file:/C:/DevTools/Topcased-3.4.1/WS/fr.lig.vasco.selkis.ctm.example.uml2b/B/VideoClub.b#//@machines.0/@operations.15" rule="UML2B.Transfo.UML2B_Selkis.GenerateDestructor" src="file:/C:/DevTools/Topcased-3.4.1/WS/fr.lig.vasco.selkis.ctm.example.uml2b/UML/VideoClub.uml#_MnZ4YMfkEd-9S6iWlU3cyw"/>
  <maps dest="file:/C:/DevTools/Topcased-3.4.1/WS/fr.lig.vasco.selkis.ctm.example.uml2b/B/VideoClub.b#//@machines.0/@operations.16" rule="UML2B.Transfo.UML2B_Selkis.GenerateDestructor_Internal" src="file:/C:/DevTools/Topcased-3.4.1/WS/fr.lig.vasco.selkis.ctm.example.uml2b/UML/VideoClub.uml#/0/OAV/OAV_Free"/>
  <maps dest="file:/C:/DevTools/Topcased-3.4.1/WS/fr.lig.vasco.selkis.ctm.example.uml2b/B/VideoClub.b#//@machines.0/@operations.16" rule="UML2B.Transfo.UML2B_Selkis.GenerateDestructor" src="file:/C:/DevTools/Topcased-3.4.1/WS/fr.lig.vasco.selkis.ctm.example.uml2b/UML/VideoClub.uml#_G7cqoMrjEd-0zYFPi-ciUg"/>
  <maps dest="file:/C:/DevTools/Topcased-3.4.1/WS/fr.lig.vasco.selkis.ctm.example.uml2b/B/VideoClub.b#//@machines.0/@data.13" rule="UML2B.Transfo.UML2B_Selkis.GenerateEnumerationSet" src="file:/C:/DevTools/Topcased-3.4.1/WS/fr.lig.vasco.selkis.ctm.example.uml2b/UML/VideoClub.uml#_wLUngMqNEd27wYLqDoWrkQ"/>
  <maps dest="file:/C:/DevTools/Topcased-3.4.1/WS/fr.lig.vasco.selkis.ctm.example.uml2b/B/VideoClub.b#//@machines.0/@data.14" rule="DataTypeToAbstractSetInSysMachine" src="file:/C:/DevTools/Topcased-3.4.1/WS/fr.lig.vasco.selkis.ctm.example.uml2b/UML/VideoClub.uml#_XypLwLtBEd-QfbDl-Re21g"/>
  <maps dest="file:/C:/DevTools/Topcased-3.4.1/WS/fr.lig.vasco.selkis.ctm.example.uml2b/B/VideoClub.b#//@machines.0/@data.15" rule="UML2B.Transfo.UML2B_Selkis.GenerateAssociationBVariable" src="file:/C:/DevTools/Topcased-3.4.1/WS/fr.lig.vasco.selkis.ctm.example.uml2b/UML/VideoClub.uml#_EWn4osqNEd27wYLqDoWrkQ"/>
  <maps dest="file:/C:/DevTools/Topcased-3.4.1/WS/fr.lig.vasco.selkis.ctm.example.uml2b/B/VideoClub.b#//@machines.0/@data.16" rule="UML2B.Transfo.UML2B_Selkis.GenerateAssociationBVariable" src="file:/C:/DevTools/Topcased-3.4.1/WS/fr.lig.vasco.selkis.ctm.example.uml2b/UML/VideoClub.uml#_E0bO-8qNEd27wYLqDoWrkQ"/>
  <maps dest="file:/C:/DevTools/Topcased-3.4.1/WS/fr.lig.vasco.selkis.ctm.example.uml2b/B/VideoClub.b#//@machines.0/@data.17" rule="UML2B.Transfo.UML2B_Selkis.GenerateAssociationBVariable" src="file:/C:/DevTools/Topcased-3.4.1/WS/fr.lig.vasco.selkis.ctm.example.uml2b/UML/VideoClub.uml#_Zsd028qNEd27wYLqDoWrkQ"/>
  <maps dest="file:/C:/DevTools/Topcased-3.4.1/WS/fr.lig.vasco.selkis.ctm.example.uml2b/B/VideoClub.b#//@machines.0/@operations.2" rule="UML2B.Transfo.UML2B_Selkis.Role_UpdateConstructor" src="file:/C:/DevTools/Topcased-3.4.1/WS/fr.lig.vasco.selkis.ctm.example.uml2b/UML/VideoClub.uml#_EWn4psqNEd27wYLqDoWrkQ"/>
  <maps dest="file:/C:/DevTools/Topcased-3.4.1/WS/fr.lig.vasco.selkis.ctm.example.uml2b/B/VideoClub.b#//@machines.0/@operations.2" rule="UML2B.Transfo.UML2B_Selkis.Role_UpdateConstructor" src="file:/C:/DevTools/Topcased-3.4.1/WS/fr.lig.vasco.selkis.ctm.example.uml2b/UML/VideoClub.uml#_E0bO_8qNEd27wYLqDoWrkQ"/>
  <maps dest="file:/C:/DevTools/Topcased-3.4.1/WS/fr.lig.vasco.selkis.ctm.example.uml2b/B/VideoClub.b#//@machines.0/@operations.3" rule="UML2B.Transfo.UML2B_Selkis.Role_UpdateConstructor" src="file:/C:/DevTools/Topcased-3.4.1/WS/fr.lig.vasco.selkis.ctm.example.uml2b/UML/VideoClub.uml#_Zsd038qNEd27wYLqDoWrkQ"/>
  <maps dest="file:/C:/DevTools/Topcased-3.4.1/WS/fr.lig.vasco.selkis.ctm.example.uml2b/B/VideoClub.b#//@machines.0/@operations.10" rule="UML2B.Transfo.UML2B_Selkis.Role_UpdateDestructor" src="file:/C:/DevTools/Topcased-3.4.1/WS/fr.lig.vasco.selkis.ctm.example.uml2b/UML/VideoClub.uml#_EWn4o8qNEd27wYLqDoWrkQ"/>
  <maps dest="file:/C:/DevTools/Topcased-3.4.1/WS/fr.lig.vasco.selkis.ctm.example.uml2b/B/VideoClub.b#//@machines.0/@operations.9" rule="UML2B.Transfo.UML2B_Selkis.Role_UpdateDestructor" src="file:/C:/DevTools/Topcased-3.4.1/WS/fr.lig.vasco.selkis.ctm.example.uml2b/UML/VideoClub.uml#_EWn4psqNEd27wYLqDoWrkQ"/>
  <maps dest="file:/C:/DevTools/Topcased-3.4.1/WS/fr.lig.vasco.selkis.ctm.example.uml2b/B/VideoClub.b#//@machines.0/@operations.10" rule="UML2B.Transfo.UML2B_Selkis.Role_UpdateDestructor" src="file:/C:/DevTools/Topcased-3.4.1/WS/fr.lig.vasco.selkis.ctm.example.uml2b/UML/VideoClub.uml#_E0bO_MqNEd27wYLqDoWrkQ"/>
  <maps dest="file:/C:/DevTools/Topcased-3.4.1/WS/fr.lig.vasco.selkis.ctm.example.uml2b/B/VideoClub.b#//@machines.0/@operations.11" rule="UML2B.Transfo.UML2B_Selkis.Role_UpdateDestructor" src="file:/C:/DevTools/Topcased-3.4.1/WS/fr.lig.vasco.selkis.ctm.example.uml2b/UML/VideoClub.uml#_E0bO_8qNEd27wYLqDoWrkQ"/>
  <maps dest="file:/C:/DevTools/Topcased-3.4.1/WS/fr.lig.vasco.selkis.ctm.example.uml2b/B/VideoClub.b#//@machines.0/@operations.11" rule="UML2B.Transfo.UML2B_Selkis.Role_UpdateDestructor" src="file:/C:/DevTools/Topcased-3.4.1/WS/fr.lig.vasco.selkis.ctm.example.uml2b/UML/VideoClub.uml#_Zsd03MqNEd27wYLqDoWrkQ"/>
  <maps dest="file:/C:/DevTools/Topcased-3.4.1/WS/fr.lig.vasco.selkis.ctm.example.uml2b/B/VideoClub.b#//@machines.0/@operations.12" rule="UML2B.Transfo.UML2B_Selkis.Role_UpdateDestructor" src="file:/C:/DevTools/Topcased-3.4.1/WS/fr.lig.vasco.selkis.ctm.example.uml2b/UML/VideoClub.uml#_Zsd038qNEd27wYLqDoWrkQ"/>
  <maps dest="file:/C:/DevTools/Topcased-3.4.1/WS/fr.lig.vasco.selkis.ctm.example.uml2b/B/VideoClub.b#//@machines.0/@operations.17" rule="UML2B.Transfo.UML2B_Selkis.NavigableRole_GenerateAccessor" src="file:/C:/DevTools/Topcased-3.4.1/WS/fr.lig.vasco.selkis.ctm.example.uml2b/UML/VideoClub.uml#_EWn4o8qNEd27wYLqDoWrkQ"/>
  <maps dest="file:/C:/DevTools/Topcased-3.4.1/WS/fr.lig.vasco.selkis.ctm.example.uml2b/B/VideoClub.b#//@machines.0/@operations.18" rule="UML2B.Transfo.UML2B_Selkis.NavigableRole_GenerateAccessor" src="file:/C:/DevTools/Topcased-3.4.1/WS/fr.lig.vasco.selkis.ctm.example.uml2b/UML/VideoClub.uml#_EWn4psqNEd27wYLqDoWrkQ"/>
  <maps dest="file:/C:/DevTools/Topcased-3.4.1/WS/fr.lig.vasco.selkis.ctm.example.uml2b/B/VideoClub.b#//@machines.0/@operations.19" rule="UML2B.Transfo.UML2B_Selkis.NavigableRole_GenerateAccessor" src="file:/C:/DevTools/Topcased-3.4.1/WS/fr.lig.vasco.selkis.ctm.example.uml2b/UML/VideoClub.uml#_E0bO_MqNEd27wYLqDoWrkQ"/>
  <maps dest="file:/C:/DevTools/Topcased-3.4.1/WS/fr.lig.vasco.selkis.ctm.example.uml2b/B/VideoClub.b#//@machines.0/@operations.20" rule="UML2B.Transfo.UML2B_Selkis.NavigableRole_GenerateAccessor" src="file:/C:/DevTools/Topcased-3.4.1/WS/fr.lig.vasco.selkis.ctm.example.uml2b/UML/VideoClub.uml#_E0bO_8qNEd27wYLqDoWrkQ"/>
  <maps dest="file:/C:/DevTools/Topcased-3.4.1/WS/fr.lig.vasco.selkis.ctm.example.uml2b/B/VideoClub.b#//@machines.0/@operations.21" rule="UML2B.Transfo.UML2B_Selkis.NavigableRole_GenerateAccessor" src="file:/C:/DevTools/Topcased-3.4.1/WS/fr.lig.vasco.selkis.ctm.example.uml2b/UML/VideoClub.uml#_Zsd03MqNEd27wYLqDoWrkQ"/>
  <maps dest="file:/C:/DevTools/Topcased-3.4.1/WS/fr.lig.vasco.selkis.ctm.example.uml2b/B/VideoClub.b#//@machines.0/@operations.22" rule="UML2B.Transfo.UML2B_Selkis.NavigableRole_GenerateAccessor" src="file:/C:/DevTools/Topcased-3.4.1/WS/fr.lig.vasco.selkis.ctm.example.uml2b/UML/VideoClub.uml#_Zsd038qNEd27wYLqDoWrkQ"/>
  <maps dest="file:/C:/DevTools/Topcased-3.4.1/WS/fr.lig.vasco.selkis.ctm.example.uml2b/B/VideoClub.b#//@machines.0/@operations.23" rule="UML2B.Transfo.UML2B_Selkis.NavigableRole_GenerateMutator_monovaluedSetter" src="file:/C:/DevTools/Topcased-3.4.1/WS/fr.lig.vasco.selkis.ctm.example.uml2b/UML/VideoClub.uml#_EWn4psqNEd27wYLqDoWrkQ"/>
  <maps dest="file:/C:/DevTools/Topcased-3.4.1/WS/fr.lig.vasco.selkis.ctm.example.uml2b/B/VideoClub.b#//@machines.0/@operations.24" rule="UML2B.Transfo.UML2B_Selkis.NavigableRole_GenerateMutator_multivaluedAdder" src="file:/C:/DevTools/Topcased-3.4.1/WS/fr.lig.vasco.selkis.ctm.example.uml2b/UML/VideoClub.uml#_EWn4o8qNEd27wYLqDoWrkQ"/>
  <maps dest="file:/C:/DevTools/Topcased-3.4.1/WS/fr.lig.vasco.selkis.ctm.example.uml2b/B/VideoClub.b#//@machines.0/@operations.25" rule="UML2B.Transfo.UML2B_Selkis.NavigableRole_GenerateMutator_multivaluedAdder" src="file:/C:/DevTools/Topcased-3.4.1/WS/fr.lig.vasco.selkis.ctm.example.uml2b/UML/VideoClub.uml#_E0bO_MqNEd27wYLqDoWrkQ"/>
  <maps dest="file:/C:/DevTools/Topcased-3.4.1/WS/fr.lig.vasco.selkis.ctm.example.uml2b/B/VideoClub.b#//@machines.0/@operations.26" rule="UML2B.Transfo.UML2B_Selkis.NavigableRole_GenerateMutator_multivaluedAdder" src="file:/C:/DevTools/Topcased-3.4.1/WS/fr.lig.vasco.selkis.ctm.example.uml2b/UML/VideoClub.uml#_E0bO_8qNEd27wYLqDoWrkQ"/>
  <maps dest="file:/C:/DevTools/Topcased-3.4.1/WS/fr.lig.vasco.selkis.ctm.example.uml2b/B/VideoClub.b#//@machines.0/@operations.27" rule="UML2B.Transfo.UML2B_Selkis.NavigableRole_GenerateMutator_multivaluedAdder" src="file:/C:/DevTools/Topcased-3.4.1/WS/fr.lig.vasco.selkis.ctm.example.uml2b/UML/VideoClub.uml#_Zsd03MqNEd27wYLqDoWrkQ"/>
  <maps dest="file:/C:/DevTools/Topcased-3.4.1/WS/fr.lig.vasco.selkis.ctm.example.uml2b/B/VideoClub.b#//@machines.0/@operations.28" rule="UML2B.Transfo.UML2B_Selkis.NavigableRole_GenerateMutator_multivaluedAdder" src="file:/C:/DevTools/Topcased-3.4.1/WS/fr.lig.vasco.selkis.ctm.example.uml2b/UML/VideoClub.uml#_Zsd038qNEd27wYLqDoWrkQ"/>
  <maps dest="file:/C:/DevTools/Topcased-3.4.1/WS/fr.lig.vasco.selkis.ctm.example.uml2b/B/VideoClub.b#//@machines.0/@operations.29" rule="UML2B.Transfo.UML2B_Selkis.NavigableRole_GenerateMutator_multivaluedRemover" src="file:/C:/DevTools/Topcased-3.4.1/WS/fr.lig.vasco.selkis.ctm.example.uml2b/UML/VideoClub.uml#_EWn4o8qNEd27wYLqDoWrkQ"/>
  <maps dest="file:/C:/DevTools/Topcased-3.4.1/WS/fr.lig.vasco.selkis.ctm.example.uml2b/B/VideoClub.b#//@machines.0/@operations.30" rule="UML2B.Transfo.UML2B_Selkis.NavigableRole_GenerateMutator_multivaluedRemover" src="file:/C:/DevTools/Topcased-3.4.1/WS/fr.lig.vasco.selkis.ctm.example.uml2b/UML/VideoClub.uml#_E0bO_MqNEd27wYLqDoWrkQ"/>
  <maps dest="file:/C:/DevTools/Topcased-3.4.1/WS/fr.lig.vasco.selkis.ctm.example.uml2b/B/VideoClub.b#//@machines.0/@operations.31" rule="UML2B.Transfo.UML2B_Selkis.NavigableRole_GenerateMutator_multivaluedRemover" src="file:/C:/DevTools/Topcased-3.4.1/WS/fr.lig.vasco.selkis.ctm.example.uml2b/UML/VideoClub.uml#_E0bO_8qNEd27wYLqDoWrkQ"/>
  <maps dest="file:/C:/DevTools/Topcased-3.4.1/WS/fr.lig.vasco.selkis.ctm.example.uml2b/B/VideoClub.b#//@machines.0/@operations.32" rule="UML2B.Transfo.UML2B_Selkis.NavigableRole_GenerateMutator_multivaluedRemover" src="file:/C:/DevTools/Topcased-3.4.1/WS/fr.lig.vasco.selkis.ctm.example.uml2b/UML/VideoClub.uml#_Zsd03MqNEd27wYLqDoWrkQ"/>
  <maps dest="file:/C:/DevTools/Topcased-3.4.1/WS/fr.lig.vasco.selkis.ctm.example.uml2b/B/VideoClub.b#//@machines.0/@operations.33" rule="UML2B.Transfo.UML2B_Selkis.NavigableRole_GenerateMutator_multivaluedRemover" src="file:/C:/DevTools/Topcased-3.4.1/WS/fr.lig.vasco.selkis.ctm.example.uml2b/UML/VideoClub.uml#_Zsd038qNEd27wYLqDoWrkQ"/>
  <maps dest="file:/C:/DevTools/Topcased-3.4.1/WS/fr.lig.vasco.selkis.ctm.example.uml2b/B/VideoClub.b#//@machines.0/@data.18" rule="UML2B.Transfo.UML2B_Selkis.GenerateUniqueMonovaluedAttributeBVariable" src="file:/C:/DevTools/Topcased-3.4.1/WS/fr.lig.vasco.selkis.ctm.example.uml2b/UML/VideoClub.uml#_HFvU0MqOEd27wYLqDoWrkQ"/>
  <maps dest="file:/C:/DevTools/Topcased-3.4.1/WS/fr.lig.vasco.selkis.ctm.example.uml2b/B/VideoClub.b#//@machines.0/@data.19" rule="UML2B.Transfo.UML2B_Selkis.GenerateUniqueMonovaluedAttributeBVariable" src="file:/C:/DevTools/Topcased-3.4.1/WS/fr.lig.vasco.selkis.ctm.example.uml2b/UML/VideoClub.uml#_r4kjcsqOEd27wYLqDoWrkQ"/>
  <maps dest="file:/C:/DevTools/Topcased-3.4.1/WS/fr.lig.vasco.selkis.ctm.example.uml2b/B/VideoClub.b#//@machines.0/@data.20" rule="UML2B.Transfo.UML2B_Selkis.GenerateUniqueMonovaluedAttributeBVariable" src="file:/C:/DevTools/Topcased-3.4.1/WS/fr.lig.vasco.selkis.ctm.example.uml2b/UML/VideoClub.uml#_23nD4sqOEd27wYLqDoWrkQ"/>
  <maps dest="file:/C:/DevTools/Topcased-3.4.1/WS/fr.lig.vasco.selkis.ctm.example.uml2b/B/VideoClub.b#//@machines.0/@data.21" rule="UML2B.Transfo.UML2B_Selkis.GenerateUniqueMonovaluedAttributeBVariable" src="file:/C:/DevTools/Topcased-3.4.1/WS/fr.lig.vasco.selkis.ctm.example.uml2b/UML/VideoClub.uml#_5oMVIsqOEd27wYLqDoWrkQ"/>
  <maps dest="file:/C:/DevTools/Topcased-3.4.1/WS/fr.lig.vasco.selkis.ctm.example.uml2b/B/VideoClub.b#//@machines.0/@data.22" rule="UML2B.Transfo.UML2B_Selkis.GenerateUniqueMonovaluedAttributeBVariable" src="file:/C:/DevTools/Topcased-3.4.1/WS/fr.lig.vasco.selkis.ctm.example.uml2b/UML/VideoClub.uml#_9iOhwsqOEd27wYLqDoWrkQ"/>
  <maps dest="file:/C:/DevTools/Topcased-3.4.1/WS/fr.lig.vasco.selkis.ctm.example.uml2b/B/VideoClub.b#//@machines.0/@data.23" rule="UML2B.Transfo.UML2B_Selkis.GenerateUniqueMonovaluedAttributeBVariable" src="file:/C:/DevTools/Topcased-3.4.1/WS/fr.lig.vasco.selkis.ctm.example.uml2b/UML/VideoClub.uml#_YgYKQsqPEd27wYLqDoWrkQ"/>
  <maps dest="file:/C:/DevTools/Topcased-3.4.1/WS/fr.lig.vasco.selkis.ctm.example.uml2b/B/VideoClub.b#//@machines.0/@data.24" rule="UML2B.Transfo.UML2B_Selkis.GenerateUniqueMonovaluedAttributeBVariable" src="file:/C:/DevTools/Topcased-3.4.1/WS/fr.lig.vasco.selkis.ctm.example.uml2b/UML/VideoClub.uml#_JJNL8sqPEd27wYLqDoWrkQ"/>
  <maps dest="file:/C:/DevTools/Topcased-3.4.1/WS/fr.lig.vasco.selkis.ctm.example.uml2b/B/VideoClub.b#//@machines.0/@data.25" rule="UML2B.Transfo.UML2B_Selkis.GenerateUniqueMonovaluedAttributeBVariable" src="file:/C:/DevTools/Topcased-3.4.1/WS/fr.lig.vasco.selkis.ctm.example.uml2b/UML/VideoClub.uml#_MfekMsqPEd27wYLqDoWrkQ"/>
  <maps dest="file:/C:/DevTools/Topcased-3.4.1/WS/fr.lig.vasco.selkis.ctm.example.uml2b/B/VideoClub.b#//@machines.0/@operations.9" rule="UML2B.Transfo.UML2B_Selkis.Attr_UpdateDestructor" src="file:/C:/DevTools/Topcased-3.4.1/WS/fr.lig.vasco.selkis.ctm.example.uml2b/UML/VideoClub.uml#_HFvU0MqOEd27wYLqDoWrkQ"/>
  <maps dest="file:/C:/DevTools/Topcased-3.4.1/WS/fr.lig.vasco.selkis.ctm.example.uml2b/B/VideoClub.b#//@machines.0/@operations.9" rule="UML2B.Transfo.UML2B_Selkis.Attr_UpdateDestructor" src="file:/C:/DevTools/Topcased-3.4.1/WS/fr.lig.vasco.selkis.ctm.example.uml2b/UML/VideoClub.uml#_r4kjcsqOEd27wYLqDoWrkQ"/>
  <maps dest="file:/C:/DevTools/Topcased-3.4.1/WS/fr.lig.vasco.selkis.ctm.example.uml2b/B/VideoClub.b#//@machines.0/@operations.10" rule="UML2B.Transfo.UML2B_Selkis.Attr_UpdateDestructor" src="file:/C:/DevTools/Topcased-3.4.1/WS/fr.lig.vasco.selkis.ctm.example.uml2b/UML/VideoClub.uml#_23nD4sqOEd27wYLqDoWrkQ"/>
  <maps dest="file:/C:/DevTools/Topcased-3.4.1/WS/fr.lig.vasco.selkis.ctm.example.uml2b/B/VideoClub.b#//@machines.0/@operations.11" rule="UML2B.Transfo.UML2B_Selkis.Attr_UpdateDestructor" src="file:/C:/DevTools/Topcased-3.4.1/WS/fr.lig.vasco.selkis.ctm.example.uml2b/UML/VideoClub.uml#_5oMVIsqOEd27wYLqDoWrkQ"/>
  <maps dest="file:/C:/DevTools/Topcased-3.4.1/WS/fr.lig.vasco.selkis.ctm.example.uml2b/B/VideoClub.b#//@machines.0/@operations.11" rule="UML2B.Transfo.UML2B_Selkis.Attr_UpdateDestructor" src="file:/C:/DevTools/Topcased-3.4.1/WS/fr.lig.vasco.selkis.ctm.example.uml2b/UML/VideoClub.uml#_9iOhwsqOEd27wYLqDoWrkQ"/>
  <maps dest="file:/C:/DevTools/Topcased-3.4.1/WS/fr.lig.vasco.selkis.ctm.example.uml2b/B/VideoClub.b#//@machines.0/@operations.12" rule="UML2B.Transfo.UML2B_Selkis.Attr_UpdateDestructor" src="file:/C:/DevTools/Topcased-3.4.1/WS/fr.lig.vasco.selkis.ctm.example.uml2b/UML/VideoClub.uml#_YgYKQsqPEd27wYLqDoWrkQ"/>
  <maps dest="file:/C:/DevTools/Topcased-3.4.1/WS/fr.lig.vasco.selkis.ctm.example.uml2b/B/VideoClub.b#//@machines.0/@operations.13" rule="UML2B.Transfo.UML2B_Selkis.Attr_UpdateDestructor" src="file:/C:/DevTools/Topcased-3.4.1/WS/fr.lig.vasco.selkis.ctm.example.uml2b/UML/VideoClub.uml#_JJNL8sqPEd27wYLqDoWrkQ"/>
  <maps dest="file:/C:/DevTools/Topcased-3.4.1/WS/fr.lig.vasco.selkis.ctm.example.uml2b/B/VideoClub.b#//@machines.0/@operations.14" rule="UML2B.Transfo.UML2B_Selkis.Attr_UpdateDestructor" src="file:/C:/DevTools/Topcased-3.4.1/WS/fr.lig.vasco.selkis.ctm.example.uml2b/UML/VideoClub.uml#_MfekMsqPEd27wYLqDoWrkQ"/>
  <maps dest="file:/C:/DevTools/Topcased-3.4.1/WS/fr.lig.vasco.selkis.ctm.example.uml2b/B/VideoClub.b#//@machines.0/@operations.1" rule="UML2B.Transfo.UML2B_Selkis.UniqueAttr_UpdateConstructor" src="file:/C:/DevTools/Topcased-3.4.1/WS/fr.lig.vasco.selkis.ctm.example.uml2b/UML/VideoClub.uml#_HFvU0MqOEd27wYLqDoWrkQ"/>
  <maps dest="file:/C:/DevTools/Topcased-3.4.1/WS/fr.lig.vasco.selkis.ctm.example.uml2b/B/VideoClub.b#//@machines.0/@operations.2" rule="UML2B.Transfo.UML2B_Selkis.UniqueAttr_UpdateConstructor" src="file:/C:/DevTools/Topcased-3.4.1/WS/fr.lig.vasco.selkis.ctm.example.uml2b/UML/VideoClub.uml#_23nD4sqOEd27wYLqDoWrkQ"/>
  <maps dest="file:/C:/DevTools/Topcased-3.4.1/WS/fr.lig.vasco.selkis.ctm.example.uml2b/B/VideoClub.b#//@machines.0/@operations.3" rule="UML2B.Transfo.UML2B_Selkis.UniqueAttr_UpdateConstructor" src="file:/C:/DevTools/Topcased-3.4.1/WS/fr.lig.vasco.selkis.ctm.example.uml2b/UML/VideoClub.uml#_5oMVIsqOEd27wYLqDoWrkQ"/>
  <maps dest="file:/C:/DevTools/Topcased-3.4.1/WS/fr.lig.vasco.selkis.ctm.example.uml2b/B/VideoClub.b#//@machines.0/@operations.3" rule="UML2B.Transfo.UML2B_Selkis.UniqueAttr_UpdateConstructor" src="file:/C:/DevTools/Topcased-3.4.1/WS/fr.lig.vasco.selkis.ctm.example.uml2b/UML/VideoClub.uml#_9iOhwsqOEd27wYLqDoWrkQ"/>
  <maps dest="file:/C:/DevTools/Topcased-3.4.1/WS/fr.lig.vasco.selkis.ctm.example.uml2b/B/VideoClub.b#//@machines.0/@operations.4" rule="UML2B.Transfo.UML2B_Selkis.UniqueAttr_UpdateConstructor" src="file:/C:/DevTools/Topcased-3.4.1/WS/fr.lig.vasco.selkis.ctm.example.uml2b/UML/VideoClub.uml#_YgYKQsqPEd27wYLqDoWrkQ"/>
  <maps dest="file:/C:/DevTools/Topcased-3.4.1/WS/fr.lig.vasco.selkis.ctm.example.uml2b/B/VideoClub.b#//@machines.0/@operations.5" rule="UML2B.Transfo.UML2B_Selkis.UniqueAttr_UpdateConstructor" src="file:/C:/DevTools/Topcased-3.4.1/WS/fr.lig.vasco.selkis.ctm.example.uml2b/UML/VideoClub.uml#_JJNL8sqPEd27wYLqDoWrkQ"/>
  <maps dest="file:/C:/DevTools/Topcased-3.4.1/WS/fr.lig.vasco.selkis.ctm.example.uml2b/B/VideoClub.b#//@machines.0/@operations.6" rule="UML2B.Transfo.UML2B_Selkis.UniqueAttr_UpdateConstructor" src="file:/C:/DevTools/Topcased-3.4.1/WS/fr.lig.vasco.selkis.ctm.example.uml2b/UML/VideoClub.uml#_MfekMsqPEd27wYLqDoWrkQ"/>
  <maps dest="file:/C:/DevTools/Topcased-3.4.1/WS/fr.lig.vasco.selkis.ctm.example.uml2b/B/VideoClub.b#//@machines.0/@operations.34" rule="UML2B.Transfo.UML2B_Selkis.Attr_GenerateAccessor" src="file:/C:/DevTools/Topcased-3.4.1/WS/fr.lig.vasco.selkis.ctm.example.uml2b/UML/VideoClub.uml#_HFvU0MqOEd27wYLqDoWrkQ"/>
  <maps dest="file:/C:/DevTools/Topcased-3.4.1/WS/fr.lig.vasco.selkis.ctm.example.uml2b/B/VideoClub.b#//@machines.0/@operations.35" rule="UML2B.Transfo.UML2B_Selkis.Attr_GenerateAccessor" src="file:/C:/DevTools/Topcased-3.4.1/WS/fr.lig.vasco.selkis.ctm.example.uml2b/UML/VideoClub.uml#_r4kjcsqOEd27wYLqDoWrkQ"/>
  <maps dest="file:/C:/DevTools/Topcased-3.4.1/WS/fr.lig.vasco.selkis.ctm.example.uml2b/B/VideoClub.b#//@machines.0/@operations.36" rule="UML2B.Transfo.UML2B_Selkis.Attr_GenerateAccessor" src="file:/C:/DevTools/Topcased-3.4.1/WS/fr.lig.vasco.selkis.ctm.example.uml2b/UML/VideoClub.uml#_23nD4sqOEd27wYLqDoWrkQ"/>
  <maps dest="file:/C:/DevTools/Topcased-3.4.1/WS/fr.lig.vasco.selkis.ctm.example.uml2b/B/VideoClub.b#//@machines.0/@operations.37" rule="UML2B.Transfo.UML2B_Selkis.Attr_GenerateAccessor" src="file:/C:/DevTools/Topcased-3.4.1/WS/fr.lig.vasco.selkis.ctm.example.uml2b/UML/VideoClub.uml#_5oMVIsqOEd27wYLqDoWrkQ"/>
  <maps dest="file:/C:/DevTools/Topcased-3.4.1/WS/fr.lig.vasco.selkis.ctm.example.uml2b/B/VideoClub.b#//@machines.0/@operations.38" rule="UML2B.Transfo.UML2B_Selkis.Attr_GenerateAccessor" src="file:/C:/DevTools/Topcased-3.4.1/WS/fr.lig.vasco.selkis.ctm.example.uml2b/UML/VideoClub.uml#_9iOhwsqOEd27wYLqDoWrkQ"/>
  <maps dest="file:/C:/DevTools/Topcased-3.4.1/WS/fr.lig.vasco.selkis.ctm.example.uml2b/B/VideoClub.b#//@machines.0/@operations.39" rule="UML2B.Transfo.UML2B_Selkis.Attr_GenerateAccessor" src="file:/C:/DevTools/Topcased-3.4.1/WS/fr.lig.vasco.selkis.ctm.example.uml2b/UML/VideoClub.uml#_YgYKQsqPEd27wYLqDoWrkQ"/>
  <maps dest="file:/C:/DevTools/Topcased-3.4.1/WS/fr.lig.vasco.selkis.ctm.example.uml2b/B/VideoClub.b#//@machines.0/@operations.40" rule="UML2B.Transfo.UML2B_Selkis.Attr_GenerateAccessor" src="file:/C:/DevTools/Topcased-3.4.1/WS/fr.lig.vasco.selkis.ctm.example.uml2b/UML/VideoClub.uml#_JJNL8sqPEd27wYLqDoWrkQ"/>
  <maps dest="file:/C:/DevTools/Topcased-3.4.1/WS/fr.lig.vasco.selkis.ctm.example.uml2b/B/VideoClub.b#//@machines.0/@operations.41" rule="UML2B.Transfo.UML2B_Selkis.Attr_GenerateAccessor" src="file:/C:/DevTools/Topcased-3.4.1/WS/fr.lig.vasco.selkis.ctm.example.uml2b/UML/VideoClub.uml#_MfekMsqPEd27wYLqDoWrkQ"/>
  <maps dest="file:/C:/DevTools/Topcased-3.4.1/WS/fr.lig.vasco.selkis.ctm.example.uml2b/B/VideoClub.b#//@machines.0/@operations.42" rule="UML2B.Transfo.UML2B_Selkis.UniqueAttr_GenerateSetter" src="file:/C:/DevTools/Topcased-3.4.1/WS/fr.lig.vasco.selkis.ctm.example.uml2b/UML/VideoClub.uml#_HFvU0MqOEd27wYLqDoWrkQ"/>
  <maps dest="file:/C:/DevTools/Topcased-3.4.1/WS/fr.lig.vasco.selkis.ctm.example.uml2b/B/VideoClub.b#//@machines.0/@operations.43" rule="UML2B.Transfo.UML2B_Selkis.UniqueAttr_GenerateSetter" src="file:/C:/DevTools/Topcased-3.4.1/WS/fr.lig.vasco.selkis.ctm.example.uml2b/UML/VideoClub.uml#_r4kjcsqOEd27wYLqDoWrkQ"/>
  <maps dest="file:/C:/DevTools/Topcased-3.4.1/WS/fr.lig.vasco.selkis.ctm.example.uml2b/B/VideoClub.b#//@machines.0/@operations.44" rule="UML2B.Transfo.UML2B_Selkis.UniqueAttr_GenerateSetter" src="file:/C:/DevTools/Topcased-3.4.1/WS/fr.lig.vasco.selkis.ctm.example.uml2b/UML/VideoClub.uml#_23nD4sqOEd27wYLqDoWrkQ"/>
  <maps dest="file:/C:/DevTools/Topcased-3.4.1/WS/fr.lig.vasco.selkis.ctm.example.uml2b/B/VideoClub.b#//@machines.0/@operations.45" rule="UML2B.Transfo.UML2B_Selkis.UniqueAttr_GenerateSetter" src="file:/C:/DevTools/Topcased-3.4.1/WS/fr.lig.vasco.selkis.ctm.example.uml2b/UML/VideoClub.uml#_5oMVIsqOEd27wYLqDoWrkQ"/>
  <maps dest="file:/C:/DevTools/Topcased-3.4.1/WS/fr.lig.vasco.selkis.ctm.example.uml2b/B/VideoClub.b#//@machines.0/@operations.46" rule="UML2B.Transfo.UML2B_Selkis.UniqueAttr_GenerateSetter" src="file:/C:/DevTools/Topcased-3.4.1/WS/fr.lig.vasco.selkis.ctm.example.uml2b/UML/VideoClub.uml#_9iOhwsqOEd27wYLqDoWrkQ"/>
  <maps dest="file:/C:/DevTools/Topcased-3.4.1/WS/fr.lig.vasco.selkis.ctm.example.uml2b/B/VideoClub.b#//@machines.0/@operations.47" rule="UML2B.Transfo.UML2B_Selkis.UniqueAttr_GenerateSetter" src="file:/C:/DevTools/Topcased-3.4.1/WS/fr.lig.vasco.selkis.ctm.example.uml2b/UML/VideoClub.uml#_YgYKQsqPEd27wYLqDoWrkQ"/>
  <maps dest="file:/C:/DevTools/Topcased-3.4.1/WS/fr.lig.vasco.selkis.ctm.example.uml2b/B/VideoClub.b#//@machines.0/@operations.48" rule="UML2B.Transfo.UML2B_Selkis.UniqueAttr_GenerateSetter" src="file:/C:/DevTools/Topcased-3.4.1/WS/fr.lig.vasco.selkis.ctm.example.uml2b/UML/VideoClub.uml#_JJNL8sqPEd27wYLqDoWrkQ"/>
  <maps dest="file:/C:/DevTools/Topcased-3.4.1/WS/fr.lig.vasco.selkis.ctm.example.uml2b/B/VideoClub.b#//@machines.0/@operations.49" rule="UML2B.Transfo.UML2B_Selkis.UniqueAttr_GenerateSetter" src="file:/C:/DevTools/Topcased-3.4.1/WS/fr.lig.vasco.selkis.ctm.example.uml2b/UML/VideoClub.uml#_MfekMsqPEd27wYLqDoWrkQ"/>
  <srcElements ref="file:/C:/DevTools/Topcased-3.4.1/WS/fr.lig.vasco.selkis.ctm.example.uml2b/UML/VideoClub.uml#_qiOtgMqMEd27wYLqDoWrkQ" mapping="//@maps.0"/>
  <srcElements ref="pathmap://UML_LIBRARIES/UMLPrimitiveTypes.library.uml#Integer" mapping="//@maps.1 //@maps.4 //@maps.6"/>
  <srcElements ref="pathmap://UML_LIBRARIES/UMLPrimitiveTypes.library.uml#Boolean" mapping="//@maps.2"/>
  <srcElements ref="pathmap://UML_LIBRARIES/UMLPrimitiveTypes.library.uml#String" mapping="//@maps.3 //@maps.5"/>
  <srcElements ref="file:/C:/DevTools/Topcased-3.4.1/WS/fr.lig.vasco.selkis.ctm.example.uml2b/UML/VideoClub.uml#_6fjs4MqMEd27wYLqDoWrkQ" mapping="//@maps.7 //@maps.16 //@maps.25"/>
  <srcElements ref="file:/C:/DevTools/Topcased-3.4.1/WS/fr.lig.vasco.selkis.ctm.example.uml2b/UML/VideoClub.uml#_7x9v-MqMEd27wYLqDoWrkQ" mapping="//@maps.8 //@maps.17 //@maps.27"/>
  <srcElements ref="file:/C:/DevTools/Topcased-3.4.1/WS/fr.lig.vasco.selkis.ctm.example.uml2b/UML/VideoClub.uml#_9foysMqMEd27wYLqDoWrkQ" mapping="//@maps.9 //@maps.18 //@maps.29"/>
  <srcElements ref="file:/C:/DevTools/Topcased-3.4.1/WS/fr.lig.vasco.selkis.ctm.example.uml2b/UML/VideoClub.uml#_AQz52MqNEd27wYLqDoWrkQ" mapping="//@maps.10 //@maps.19 //@maps.31"/>
  <srcElements ref="file:/C:/DevTools/Topcased-3.4.1/WS/fr.lig.vasco.selkis.ctm.example.uml2b/UML/VideoClub.uml#_mTXD6MqNEd27wYLqDoWrkQ" mapping="//@maps.11 //@maps.20 //@maps.33"/>
  <srcElements ref="file:/C:/DevTools/Topcased-3.4.1/WS/fr.lig.vasco.selkis.ctm.example.uml2b/UML/VideoClub.uml#_n4iR-MqNEd27wYLqDoWrkQ" mapping="//@maps.12 //@maps.21 //@maps.35"/>
  <srcElements ref="file:/C:/DevTools/Topcased-3.4.1/WS/fr.lig.vasco.selkis.ctm.example.uml2b/UML/VideoClub.uml#_MnZ4YMfkEd-9S6iWlU3cyw" mapping="//@maps.13 //@maps.22 //@maps.37"/>
  <srcElements ref="file:/C:/DevTools/Topcased-3.4.1/WS/fr.lig.vasco.selkis.ctm.example.uml2b/UML/VideoClub.uml#_G7cqoMrjEd-0zYFPi-ciUg" mapping="//@maps.14 //@maps.23 //@maps.39"/>
  <srcElements ref="file:/C:/DevTools/Topcased-3.4.1/WS/fr.lig.vasco.selkis.ctm.example.uml2b/UML/VideoClub.uml#_RxNMQlhxEd-Z0pb_TBmyHQ" mapping="//@maps.15"/>
  <srcElements ref="file:/C:/DevTools/Topcased-3.4.1/WS/fr.lig.vasco.selkis.ctm.example.uml2b/UML/VideoClub.uml#/0/Client/Client_Free" mapping="//@maps.24"/>
  <srcElements ref="file:/C:/DevTools/Topcased-3.4.1/WS/fr.lig.vasco.selkis.ctm.example.uml2b/UML/VideoClub.uml#/0/Emprunt/Emprunt_Free" mapping="//@maps.26"/>
  <srcElements ref="file:/C:/DevTools/Topcased-3.4.1/WS/fr.lig.vasco.selkis.ctm.example.uml2b/UML/VideoClub.uml#/0/Cassette/Cassette_Free" mapping="//@maps.28"/>
  <srcElements ref="file:/C:/DevTools/Topcased-3.4.1/WS/fr.lig.vasco.selkis.ctm.example.uml2b/UML/VideoClub.uml#/0/Acteur/Acteur_Free" mapping="//@maps.30"/>
  <srcElements ref="file:/C:/DevTools/Topcased-3.4.1/WS/fr.lig.vasco.selkis.ctm.example.uml2b/UML/VideoClub.uml#/0/Film/Film_Free" mapping="//@maps.32"/>
  <srcElements ref="file:/C:/DevTools/Topcased-3.4.1/WS/fr.lig.vasco.selkis.ctm.example.uml2b/UML/VideoClub.uml#/0/Serie/Serie_Free" mapping="//@maps.34"/>
  <srcElements ref="file:/C:/DevTools/Topcased-3.4.1/WS/fr.lig.vasco.selkis.ctm.example.uml2b/UML/VideoClub.uml#/0/Anime/Anime_Free" mapping="//@maps.36"/>
  <srcElements ref="file:/C:/DevTools/Topcased-3.4.1/WS/fr.lig.vasco.selkis.ctm.example.uml2b/UML/VideoClub.uml#/0/OAV/OAV_Free" mapping="//@maps.38"/>
  <srcElements ref="file:/C:/DevTools/Topcased-3.4.1/WS/fr.lig.vasco.selkis.ctm.example.uml2b/UML/VideoClub.uml#_wLUngMqNEd27wYLqDoWrkQ" mapping="//@maps.40"/>
  <srcElements ref="file:/C:/DevTools/Topcased-3.4.1/WS/fr.lig.vasco.selkis.ctm.example.uml2b/UML/VideoClub.uml#_XypLwLtBEd-QfbDl-Re21g" mapping="//@maps.41"/>
  <srcElements ref="file:/C:/DevTools/Topcased-3.4.1/WS/fr.lig.vasco.selkis.ctm.example.uml2b/UML/VideoClub.uml#_EWn4osqNEd27wYLqDoWrkQ" mapping="//@maps.42"/>
  <srcElements ref="file:/C:/DevTools/Topcased-3.4.1/WS/fr.lig.vasco.selkis.ctm.example.uml2b/UML/VideoClub.uml#_E0bO-8qNEd27wYLqDoWrkQ" mapping="//@maps.43"/>
  <srcElements ref="file:/C:/DevTools/Topcased-3.4.1/WS/fr.lig.vasco.selkis.ctm.example.uml2b/UML/VideoClub.uml#_Zsd028qNEd27wYLqDoWrkQ" mapping="//@maps.44"/>
  <srcElements ref="file:/C:/DevTools/Topcased-3.4.1/WS/fr.lig.vasco.selkis.ctm.example.uml2b/UML/VideoClub.uml#_EWn4psqNEd27wYLqDoWrkQ" mapping="//@maps.45 //@maps.49 //@maps.55 //@maps.60"/>
  <srcElements ref="file:/C:/DevTools/Topcased-3.4.1/WS/fr.lig.vasco.selkis.ctm.example.uml2b/UML/VideoClub.uml#_E0bO_8qNEd27wYLqDoWrkQ" mapping="//@maps.46 //@maps.51 //@maps.57 //@maps.63 //@maps.68"/>
  <srcElements ref="file:/C:/DevTools/Topcased-3.4.1/WS/fr.lig.vasco.selkis.ctm.example.uml2b/UML/VideoClub.uml#_Zsd038qNEd27wYLqDoWrkQ" mapping="//@maps.47 //@maps.53 //@maps.59 //@maps.65 //@maps.70"/>
  <srcElements ref="file:/C:/DevTools/Topcased-3.4.1/WS/fr.lig.vasco.selkis.ctm.example.uml2b/UML/VideoClub.uml#_EWn4o8qNEd27wYLqDoWrkQ" mapping="//@maps.48 //@maps.54 //@maps.61 //@maps.66"/>
  <srcElements ref="file:/C:/DevTools/Topcased-3.4.1/WS/fr.lig.vasco.selkis.ctm.example.uml2b/UML/VideoClub.uml#_E0bO_MqNEd27wYLqDoWrkQ" mapping="//@maps.50 //@maps.56 //@maps.62 //@maps.67"/>
  <srcElements ref="file:/C:/DevTools/Topcased-3.4.1/WS/fr.lig.vasco.selkis.ctm.example.uml2b/UML/VideoClub.uml#_Zsd03MqNEd27wYLqDoWrkQ" mapping="//@maps.52 //@maps.58 //@maps.64 //@maps.69"/>
  <srcElements ref="file:/C:/DevTools/Topcased-3.4.1/WS/fr.lig.vasco.selkis.ctm.example.uml2b/UML/VideoClub.uml#_HFvU0MqOEd27wYLqDoWrkQ" mapping="//@maps.71 //@maps.79 //@maps.87 //@maps.94 //@maps.102"/>
  <srcElements ref="file:/C:/DevTools/Topcased-3.4.1/WS/fr.lig.vasco.selkis.ctm.example.uml2b/UML/VideoClub.uml#_r4kjcsqOEd27wYLqDoWrkQ" mapping="//@maps.72 //@maps.80 //@maps.95 //@maps.103"/>
  <srcElements ref="file:/C:/DevTools/Topcased-3.4.1/WS/fr.lig.vasco.selkis.ctm.example.uml2b/UML/VideoClub.uml#_23nD4sqOEd27wYLqDoWrkQ" mapping="//@maps.73 //@maps.81 //@maps.88 //@maps.96 //@maps.104"/>
  <srcElements ref="file:/C:/DevTools/Topcased-3.4.1/WS/fr.lig.vasco.selkis.ctm.example.uml2b/UML/VideoClub.uml#_5oMVIsqOEd27wYLqDoWrkQ" mapping="//@maps.74 //@maps.82 //@maps.89 //@maps.97 //@maps.105"/>
  <srcElements ref="file:/C:/DevTools/Topcased-3.4.1/WS/fr.lig.vasco.selkis.ctm.example.uml2b/UML/VideoClub.uml#_9iOhwsqOEd27wYLqDoWrkQ" mapping="//@maps.75 //@maps.83 //@maps.90 //@maps.98 //@maps.106"/>
  <srcElements ref="file:/C:/DevTools/Topcased-3.4.1/WS/fr.lig.vasco.selkis.ctm.example.uml2b/UML/VideoClub.uml#_YgYKQsqPEd27wYLqDoWrkQ" mapping="//@maps.76 //@maps.84 //@maps.91 //@maps.99 //@maps.107"/>
  <srcElements ref="file:/C:/DevTools/Topcased-3.4.1/WS/fr.lig.vasco.selkis.ctm.example.uml2b/UML/VideoClub.uml#_JJNL8sqPEd27wYLqDoWrkQ" mapping="//@maps.77 //@maps.85 //@maps.92 //@maps.100 //@maps.108"/>
  <srcElements ref="file:/C:/DevTools/Topcased-3.4.1/WS/fr.lig.vasco.selkis.ctm.example.uml2b/UML/VideoClub.uml#_MfekMsqPEd27wYLqDoWrkQ" mapping="//@maps.78 //@maps.86 //@maps.93 //@maps.101 //@maps.109"/>
  <rules ref="UML2B.Transfo.UML2B_Selkis.createSysMachine"/>
  <rules ref="UML2B.Transfo.UML2B_Selkis.GeneratePrimitiveTypes"/>
  <rules ref="UML2B.Transfo.UML2B_Selkis.GenerateClassBVariableInSystemMachine"/>
  <rules ref="UML2B.Transfo.UML2B_Selkis.GenerateOperationSkeleton"/>
  <rules ref="UML2B.Transfo.UML2B_Selkis.GenerateConstructor"/>
  <rules ref="UML2B.Transfo.UML2B_Selkis.GenerateDestructor_Internal"/>
  <rules ref="UML2B.Transfo.UML2B_Selkis.GenerateDestructor"/>
  <rules ref="UML2B.Transfo.UML2B_Selkis.GenerateEnumerationSet"/>
  <rules ref="DataTypeToAbstractSetInSysMachine"/>
  <rules ref="UML2B.Transfo.UML2B_Selkis.GenerateAssociationBVariable"/>
  <rules ref="UML2B.Transfo.UML2B_Selkis.Role_UpdateConstructor"/>
  <rules ref="UML2B.Transfo.UML2B_Selkis.Role_UpdateDestructor"/>
  <rules ref="UML2B.Transfo.UML2B_Selkis.NavigableRole_GenerateAccessor"/>
  <rules ref="UML2B.Transfo.UML2B_Selkis.NavigableRole_GenerateMutator_monovaluedSetter"/>
  <rules ref="UML2B.Transfo.UML2B_Selkis.NavigableRole_GenerateMutator_multivaluedAdder"/>
  <rules ref="UML2B.Transfo.UML2B_Selkis.NavigableRole_GenerateMutator_multivaluedRemover"/>
  <rules ref="UML2B.Transfo.UML2B_Selkis.GenerateUniqueMonovaluedAttributeBVariable"/>
  <rules ref="UML2B.Transfo.UML2B_Selkis.Attr_UpdateDestructor"/>
  <rules ref="UML2B.Transfo.UML2B_Selkis.UniqueAttr_UpdateConstructor"/>
  <rules ref="UML2B.Transfo.UML2B_Selkis.Attr_GenerateAccessor"/>
  <rules ref="UML2B.Transfo.UML2B_Selkis.UniqueAttr_GenerateSetter"/>
  <destElements ref="file:/C:/DevTools/Topcased-3.4.1/WS/fr.lig.vasco.selkis.ctm.example.uml2b/B/VideoClub.b#//@machines.0"/>
  <destElements ref="file:/C:/DevTools/Topcased-3.4.1/WS/fr.lig.vasco.selkis.ctm.example.uml2b/B/VideoClub.b#//@sharedTypes/@sharedTypes.0"/>
  <destElements ref="file:/C:/DevTools/Topcased-3.4.1/WS/fr.lig.vasco.selkis.ctm.example.uml2b/B/VideoClub.b#//@sharedTypes/@sharedTypes.1"/>
  <destElements ref="file:/C:/DevTools/Topcased-3.4.1/WS/fr.lig.vasco.selkis.ctm.example.uml2b/B/VideoClub.b#//@machines.0/@data.0"/>
  <destElements ref="file:/C:/DevTools/Topcased-3.4.1/WS/fr.lig.vasco.selkis.ctm.example.uml2b/B/VideoClub.b#//@sharedTypes/@sharedTypes.0"/>
  <destElements ref="file:/C:/DevTools/Topcased-3.4.1/WS/fr.lig.vasco.selkis.ctm.example.uml2b/B/VideoClub.b#//@machines.0/@data.0"/>
  <destElements ref="file:/C:/DevTools/Topcased-3.4.1/WS/fr.lig.vasco.selkis.ctm.example.uml2b/B/VideoClub.b#//@sharedTypes/@sharedTypes.0"/>
  <destElements ref="file:/C:/DevTools/Topcased-3.4.1/WS/fr.lig.vasco.selkis.ctm.example.uml2b/B/VideoClub.b#//@machines.0/@data.1"/>
  <destElements ref="file:/C:/DevTools/Topcased-3.4.1/WS/fr.lig.vasco.selkis.ctm.example.uml2b/B/VideoClub.b#//@machines.0/@data.3"/>
  <destElements ref="file:/C:/DevTools/Topcased-3.4.1/WS/fr.lig.vasco.selkis.ctm.example.uml2b/B/VideoClub.b#//@machines.0/@data.5"/>
  <destElements ref="file:/C:/DevTools/Topcased-3.4.1/WS/fr.lig.vasco.selkis.ctm.example.uml2b/B/VideoClub.b#//@machines.0/@data.7"/>
  <destElements ref="file:/C:/DevTools/Topcased-3.4.1/WS/fr.lig.vasco.selkis.ctm.example.uml2b/B/VideoClub.b#//@machines.0/@data.9"/>
  <destElements ref="file:/C:/DevTools/Topcased-3.4.1/WS/fr.lig.vasco.selkis.ctm.example.uml2b/B/VideoClub.b#//@machines.0/@data.10"/>
  <destElements ref="file:/C:/DevTools/Topcased-3.4.1/WS/fr.lig.vasco.selkis.ctm.example.uml2b/B/VideoClub.b#//@machines.0/@data.11"/>
  <destElements ref="file:/C:/DevTools/Topcased-3.4.1/WS/fr.lig.vasco.selkis.ctm.example.uml2b/B/VideoClub.b#//@machines.0/@data.12"/>
  <destElements ref="file:/C:/DevTools/Topcased-3.4.1/WS/fr.lig.vasco.selkis.ctm.example.uml2b/B/VideoClub.b#//@machines.0/@operations.0"/>
  <destElements ref="file:/C:/DevTools/Topcased-3.4.1/WS/fr.lig.vasco.selkis.ctm.example.uml2b/B/VideoClub.b#//@machines.0/@operations.1"/>
  <destElements ref="file:/C:/DevTools/Topcased-3.4.1/WS/fr.lig.vasco.selkis.ctm.example.uml2b/B/VideoClub.b#//@machines.0/@operations.2"/>
  <destElements ref="file:/C:/DevTools/Topcased-3.4.1/WS/fr.lig.vasco.selkis.ctm.example.uml2b/B/VideoClub.b#//@machines.0/@operations.3"/>
  <destElements ref="file:/C:/DevTools/Topcased-3.4.1/WS/fr.lig.vasco.selkis.ctm.example.uml2b/B/VideoClub.b#//@machines.0/@operations.4"/>
  <destElements ref="file:/C:/DevTools/Topcased-3.4.1/WS/fr.lig.vasco.selkis.ctm.example.uml2b/B/VideoClub.b#//@machines.0/@operations.5"/>
  <destElements ref="file:/C:/DevTools/Topcased-3.4.1/WS/fr.lig.vasco.selkis.ctm.example.uml2b/B/VideoClub.b#//@machines.0/@operations.6"/>
  <destElements ref="file:/C:/DevTools/Topcased-3.4.1/WS/fr.lig.vasco.selkis.ctm.example.uml2b/B/VideoClub.b#//@machines.0/@operations.7"/>
  <destElements ref="file:/C:/DevTools/Topcased-3.4.1/WS/fr.lig.vasco.selkis.ctm.example.uml2b/B/VideoClub.b#//@machines.0/@operations.8"/>
  <destElements ref="file:/C:/DevTools/Topcased-3.4.1/WS/fr.lig.vasco.selkis.ctm.example.uml2b/B/VideoClub.b#//@machines.0/@operations.9"/>
  <destElements ref="file:/C:/DevTools/Topcased-3.4.1/WS/fr.lig.vasco.selkis.ctm.example.uml2b/B/VideoClub.b#//@machines.0/@operations.9"/>
  <destElements ref="file:/C:/DevTools/Topcased-3.4.1/WS/fr.lig.vasco.selkis.ctm.example.uml2b/B/VideoClub.b#//@machines.0/@operations.10"/>
  <destElements ref="file:/C:/DevTools/Topcased-3.4.1/WS/fr.lig.vasco.selkis.ctm.example.uml2b/B/VideoClub.b#//@machines.0/@operations.10"/>
  <destElements ref="file:/C:/DevTools/Topcased-3.4.1/WS/fr.lig.vasco.selkis.ctm.example.uml2b/B/VideoClub.b#//@machines.0/@operations.11"/>
  <destElements ref="file:/C:/DevTools/Topcased-3.4.1/WS/fr.lig.vasco.selkis.ctm.example.uml2b/B/VideoClub.b#//@machines.0/@operations.11"/>
  <destElements ref="file:/C:/DevTools/Topcased-3.4.1/WS/fr.lig.vasco.selkis.ctm.example.uml2b/B/VideoClub.b#//@machines.0/@operations.12"/>
  <destElements ref="file:/C:/DevTools/Topcased-3.4.1/WS/fr.lig.vasco.selkis.ctm.example.uml2b/B/VideoClub.b#//@machines.0/@operations.12"/>
  <destElements ref="file:/C:/DevTools/Topcased-3.4.1/WS/fr.lig.vasco.selkis.ctm.example.uml2b/B/VideoClub.b#//@machines.0/@operations.13"/>
  <destElements ref="file:/C:/DevTools/Topcased-3.4.1/WS/fr.lig.vasco.selkis.ctm.example.uml2b/B/VideoClub.b#//@machines.0/@operations.13"/>
  <destElements ref="file:/C:/DevTools/Topcased-3.4.1/WS/fr.lig.vasco.selkis.ctm.example.uml2b/B/VideoClub.b#//@machines.0/@operations.14"/>
  <destElements ref="file:/C:/DevTools/Topcased-3.4.1/WS/fr.lig.vasco.selkis.ctm.example.uml2b/B/VideoClub.b#//@machines.0/@operations.14"/>
  <destElements ref="file:/C:/DevTools/Topcased-3.4.1/WS/fr.lig.vasco.selkis.ctm.example.uml2b/B/VideoClub.b#//@machines.0/@operations.15"/>
  <destElements ref="file:/C:/DevTools/Topcased-3.4.1/WS/fr.lig.vasco.selkis.ctm.example.uml2b/B/VideoClub.b#//@machines.0/@operations.15"/>
  <destElements ref="file:/C:/DevTools/Topcased-3.4.1/WS/fr.lig.vasco.selkis.ctm.example.uml2b/B/VideoClub.b#//@machines.0/@operations.16"/>
  <destElements ref="file:/C:/DevTools/Topcased-3.4.1/WS/fr.lig.vasco.selkis.ctm.example.uml2b/B/VideoClub.b#//@machines.0/@operations.16"/>
  <destElements ref="file:/C:/DevTools/Topcased-3.4.1/WS/fr.lig.vasco.selkis.ctm.example.uml2b/B/VideoClub.b#//@machines.0/@data.13"/>
  <destElements ref="file:/C:/DevTools/Topcased-3.4.1/WS/fr.lig.vasco.selkis.ctm.example.uml2b/B/VideoClub.b#//@machines.0/@data.14"/>
  <destElements ref="file:/C:/DevTools/Topcased-3.4.1/WS/fr.lig.vasco.selkis.ctm.example.uml2b/B/VideoClub.b#//@machines.0/@data.15"/>
  <destElements ref="file:/C:/DevTools/Topcased-3.4.1/WS/fr.lig.vasco.selkis.ctm.example.uml2b/B/VideoClub.b#//@machines.0/@data.16"/>
  <destElements ref="file:/C:/DevTools/Topcased-3.4.1/WS/fr.lig.vasco.selkis.ctm.example.uml2b/B/VideoClub.b#//@machines.0/@data.17"/>
  <destElements ref="file:/C:/DevTools/Topcased-3.4.1/WS/fr.lig.vasco.selkis.ctm.example.uml2b/B/VideoClub.b#//@machines.0/@operations.2"/>
  <destElements ref="file:/C:/DevTools/Topcased-3.4.1/WS/fr.lig.vasco.selkis.ctm.example.uml2b/B/VideoClub.b#//@machines.0/@operations.2"/>
  <destElements ref="file:/C:/DevTools/Topcased-3.4.1/WS/fr.lig.vasco.selkis.ctm.example.uml2b/B/VideoClub.b#//@machines.0/@operations.3"/>
  <destElements ref="file:/C:/DevTools/Topcased-3.4.1/WS/fr.lig.vasco.selkis.ctm.example.uml2b/B/VideoClub.b#//@machines.0/@operations.10"/>
  <destElements ref="file:/C:/DevTools/Topcased-3.4.1/WS/fr.lig.vasco.selkis.ctm.example.uml2b/B/VideoClub.b#//@machines.0/@operations.9"/>
  <destElements ref="file:/C:/DevTools/Topcased-3.4.1/WS/fr.lig.vasco.selkis.ctm.example.uml2b/B/VideoClub.b#//@machines.0/@operations.10"/>
  <destElements ref="file:/C:/DevTools/Topcased-3.4.1/WS/fr.lig.vasco.selkis.ctm.example.uml2b/B/VideoClub.b#//@machines.0/@operations.11"/>
  <destElements ref="file:/C:/DevTools/Topcased-3.4.1/WS/fr.lig.vasco.selkis.ctm.example.uml2b/B/VideoClub.b#//@machines.0/@operations.11"/>
  <destElements ref="file:/C:/DevTools/Topcased-3.4.1/WS/fr.lig.vasco.selkis.ctm.example.uml2b/B/VideoClub.b#//@machines.0/@operations.12"/>
  <destElements ref="file:/C:/DevTools/Topcased-3.4.1/WS/fr.lig.vasco.selkis.ctm.example.uml2b/B/VideoClub.b#//@machines.0/@operations.17"/>
  <destElements ref="file:/C:/DevTools/Topcased-3.4.1/WS/fr.lig.vasco.selkis.ctm.example.uml2b/B/VideoClub.b#//@machines.0/@operations.18"/>
  <destElements ref="file:/C:/DevTools/Topcased-3.4.1/WS/fr.lig.vasco.selkis.ctm.example.uml2b/B/VideoClub.b#//@machines.0/@operations.19"/>
  <destElements ref="file:/C:/DevTools/Topcased-3.4.1/WS/fr.lig.vasco.selkis.ctm.example.uml2b/B/VideoClub.b#//@machines.0/@operations.20"/>
  <destElements ref="file:/C:/DevTools/Topcased-3.4.1/WS/fr.lig.vasco.selkis.ctm.example.uml2b/B/VideoClub.b#//@machines.0/@operations.21"/>
  <destElements ref="file:/C:/DevTools/Topcased-3.4.1/WS/fr.lig.vasco.selkis.ctm.example.uml2b/B/VideoClub.b#//@machines.0/@operations.22"/>
  <destElements ref="file:/C:/DevTools/Topcased-3.4.1/WS/fr.lig.vasco.selkis.ctm.example.uml2b/B/VideoClub.b#//@machines.0/@operations.23"/>
  <destElements ref="file:/C:/DevTools/Topcased-3.4.1/WS/fr.lig.vasco.selkis.ctm.example.uml2b/B/VideoClub.b#//@machines.0/@operations.24"/>
  <destElements ref="file:/C:/DevTools/Topcased-3.4.1/WS/fr.lig.vasco.selkis.ctm.example.uml2b/B/VideoClub.b#//@machines.0/@operations.25"/>
  <destElements ref="file:/C:/DevTools/Topcased-3.4.1/WS/fr.lig.vasco.selkis.ctm.example.uml2b/B/VideoClub.b#//@machines.0/@operations.26"/>
  <destElements ref="file:/C:/DevTools/Topcased-3.4.1/WS/fr.lig.vasco.selkis.ctm.example.uml2b/B/VideoClub.b#//@machines.0/@operations.27"/>
  <destElements ref="file:/C:/DevTools/Topcased-3.4.1/WS/fr.lig.vasco.selkis.ctm.example.uml2b/B/VideoClub.b#//@machines.0/@operations.28"/>
  <destElements ref="file:/C:/DevTools/Topcased-3.4.1/WS/fr.lig.vasco.selkis.ctm.example.uml2b/B/VideoClub.b#//@machines.0/@operations.29"/>
  <destElements ref="file:/C:/DevTools/Topcased-3.4.1/WS/fr.lig.vasco.selkis.ctm.example.uml2b/B/VideoClub.b#//@machines.0/@operations.30"/>
  <destElements ref="file:/C:/DevTools/Topcased-3.4.1/WS/fr.lig.vasco.selkis.ctm.example.uml2b/B/VideoClub.b#//@machines.0/@operations.31"/>
  <destElements ref="file:/C:/DevTools/Topcased-3.4.1/WS/fr.lig.vasco.selkis.ctm.example.uml2b/B/VideoClub.b#//@machines.0/@operations.32"/>
  <destElements ref="file:/C:/DevTools/Topcased-3.4.1/WS/fr.lig.vasco.selkis.ctm.example.uml2b/B/VideoClub.b#//@machines.0/@operations.33"/>
  <destElements ref="file:/C:/DevTools/Topcased-3.4.1/WS/fr.lig.vasco.selkis.ctm.example.uml2b/B/VideoClub.b#//@machines.0/@data.18"/>
  <destElements ref="file:/C:/DevTools/Topcased-3.4.1/WS/fr.lig.vasco.selkis.ctm.example.uml2b/B/VideoClub.b#//@machines.0/@data.19"/>
  <destElements ref="file:/C:/DevTools/Topcased-3.4.1/WS/fr.lig.vasco.selkis.ctm.example.uml2b/B/VideoClub.b#//@machines.0/@data.20"/>
  <destElements ref="file:/C:/DevTools/Topcased-3.4.1/WS/fr.lig.vasco.selkis.ctm.example.uml2b/B/VideoClub.b#//@machines.0/@data.21"/>
  <destElements ref="file:/C:/DevTools/Topcased-3.4.1/WS/fr.lig.vasco.selkis.ctm.example.uml2b/B/VideoClub.b#//@machines.0/@data.22"/>
  <destElements ref="file:/C:/DevTools/Topcased-3.4.1/WS/fr.lig.vasco.selkis.ctm.example.uml2b/B/VideoClub.b#//@machines.0/@data.23"/>
  <destElements ref="file:/C:/DevTools/Topcased-3.4.1/WS/fr.lig.vasco.selkis.ctm.example.uml2b/B/VideoClub.b#//@machines.0/@data.24"/>
  <destElements ref="file:/C:/DevTools/Topcased-3.4.1/WS/fr.lig.vasco.selkis.ctm.example.uml2b/B/VideoClub.b#//@machines.0/@data.25"/>
  <destElements ref="file:/C:/DevTools/Topcased-3.4.1/WS/fr.lig.vasco.selkis.ctm.example.uml2b/B/VideoClub.b#//@machines.0/@operations.9"/>
  <destElements ref="file:/C:/DevTools/Topcased-3.4.1/WS/fr.lig.vasco.selkis.ctm.example.uml2b/B/VideoClub.b#//@machines.0/@operations.9"/>
  <destElements ref="file:/C:/DevTools/Topcased-3.4.1/WS/fr.lig.vasco.selkis.ctm.example.uml2b/B/VideoClub.b#//@machines.0/@operations.10"/>
  <destElements ref="file:/C:/DevTools/Topcased-3.4.1/WS/fr.lig.vasco.selkis.ctm.example.uml2b/B/VideoClub.b#//@machines.0/@operations.11"/>
  <destElements ref="file:/C:/DevTools/Topcased-3.4.1/WS/fr.lig.vasco.selkis.ctm.example.uml2b/B/VideoClub.b#//@machines.0/@operations.11"/>
  <destElements ref="file:/C:/DevTools/Topcased-3.4.1/WS/fr.lig.vasco.selkis.ctm.example.uml2b/B/VideoClub.b#//@machines.0/@operations.12"/>
  <destElements ref="file:/C:/DevTools/Topcased-3.4.1/WS/fr.lig.vasco.selkis.ctm.example.uml2b/B/VideoClub.b#//@machines.0/@operations.13"/>
  <destElements ref="file:/C:/DevTools/Topcased-3.4.1/WS/fr.lig.vasco.selkis.ctm.example.uml2b/B/VideoClub.b#//@machines.0/@operations.14"/>
  <destElements ref="file:/C:/DevTools/Topcased-3.4.1/WS/fr.lig.vasco.selkis.ctm.example.uml2b/B/VideoClub.b#//@machines.0/@operations.1"/>
  <destElements ref="file:/C:/DevTools/Topcased-3.4.1/WS/fr.lig.vasco.selkis.ctm.example.uml2b/B/VideoClub.b#//@machines.0/@operations.2"/>
  <destElements ref="file:/C:/DevTools/Topcased-3.4.1/WS/fr.lig.vasco.selkis.ctm.example.uml2b/B/VideoClub.b#//@machines.0/@operations.3"/>
  <destElements ref="file:/C:/DevTools/Topcased-3.4.1/WS/fr.lig.vasco.selkis.ctm.example.uml2b/B/VideoClub.b#//@machines.0/@operations.3"/>
  <destElements ref="file:/C:/DevTools/Topcased-3.4.1/WS/fr.lig.vasco.selkis.ctm.example.uml2b/B/VideoClub.b#//@machines.0/@operations.4"/>
  <destElements ref="file:/C:/DevTools/Topcased-3.4.1/WS/fr.lig.vasco.selkis.ctm.example.uml2b/B/VideoClub.b#//@machines.0/@operations.5"/>
  <destElements ref="file:/C:/DevTools/Topcased-3.4.1/WS/fr.lig.vasco.selkis.ctm.example.uml2b/B/VideoClub.b#//@machines.0/@operations.6"/>
  <destElements ref="file:/C:/DevTools/Topcased-3.4.1/WS/fr.lig.vasco.selkis.ctm.example.uml2b/B/VideoClub.b#//@machines.0/@operations.34"/>
  <destElements ref="file:/C:/DevTools/Topcased-3.4.1/WS/fr.lig.vasco.selkis.ctm.example.uml2b/B/VideoClub.b#//@machines.0/@operations.35"/>
  <destElements ref="file:/C:/DevTools/Topcased-3.4.1/WS/fr.lig.vasco.selkis.ctm.example.uml2b/B/VideoClub.b#//@machines.0/@operations.36"/>
  <destElements ref="file:/C:/DevTools/Topcased-3.4.1/WS/fr.lig.vasco.selkis.ctm.example.uml2b/B/VideoClub.b#//@machines.0/@operations.37"/>
  <destElements ref="file:/C:/DevTools/Topcased-3.4.1/WS/fr.lig.vasco.selkis.ctm.example.uml2b/B/VideoClub.b#//@machines.0/@operations.38"/>
  <destElements ref="file:/C:/DevTools/Topcased-3.4.1/WS/fr.lig.vasco.selkis.ctm.example.uml2b/B/VideoClub.b#//@machines.0/@operations.39"/>
  <destElements ref="file:/C:/DevTools/Topcased-3.4.1/WS/fr.lig.vasco.selkis.ctm.example.uml2b/B/VideoClub.b#//@machines.0/@operations.40"/>
  <destElements ref="file:/C:/DevTools/Topcased-3.4.1/WS/fr.lig.vasco.selkis.ctm.example.uml2b/B/VideoClub.b#//@machines.0/@operations.41"/>
  <destElements ref="file:/C:/DevTools/Topcased-3.4.1/WS/fr.lig.vasco.selkis.ctm.example.uml2b/B/VideoClub.b#//@machines.0/@operations.42"/>
  <destElements ref="file:/C:/DevTools/Topcased-3.4.1/WS/fr.lig.vasco.selkis.ctm.example.uml2b/B/VideoClub.b#//@machines.0/@operations.43"/>
  <destElements ref="file:/C:/DevTools/Topcased-3.4.1/WS/fr.lig.vasco.selkis.ctm.example.uml2b/B/VideoClub.b#//@machines.0/@operations.44"/>
  <destElements ref="file:/C:/DevTools/Topcased-3.4.1/WS/fr.lig.vasco.selkis.ctm.example.uml2b/B/VideoClub.b#//@machines.0/@operations.45"/>
  <destElements ref="file:/C:/DevTools/Topcased-3.4.1/WS/fr.lig.vasco.selkis.ctm.example.uml2b/B/VideoClub.b#//@machines.0/@operations.46"/>
  <destElements ref="file:/C:/DevTools/Topcased-3.4.1/WS/fr.lig.vasco.selkis.ctm.example.uml2b/B/VideoClub.b#//@machines.0/@operations.47"/>
  <destElements ref="file:/C:/DevTools/Topcased-3.4.1/WS/fr.lig.vasco.selkis.ctm.example.uml2b/B/VideoClub.b#//@machines.0/@operations.48"/>
  <destElements ref="file:/C:/DevTools/Topcased-3.4.1/WS/fr.lig.vasco.selkis.ctm.example.uml2b/B/VideoClub.b#//@machines.0/@operations.49"/>
</trace:TransformationTrace>
