<?xml version="1.0" encoding="ASCII"?>
<trace:TransformationTrace xmi:version="2.0" xmlns:xmi="http://www.omg.org/XMI" xmlns:trace="http://www.liglab.fr/vasco/ctm/trace/1.0">
  <maps dest="file:/C:/Users/nguye_tm/Documents/phdTools/B4MSecure/workspace/UML2B4Security/../TopcasedPurchaseOrder/Models/PurchaseOrder.b#//@machines.0" rule="UML2B.Transfo.UML2B_Selkis.createSysMachine" src="file:/C:/Users/nguye_tm/Documents/phdTools/B4MSecure/workspace/UML2B4Security/../TopcasedPurchaseOrder/Models/PurchaseOrder.uml#_IMD2gPmyEeW2uu2TI7mLqw"/>
  <maps dest="file:/C:/Users/nguye_tm/Documents/phdTools/B4MSecure/workspace/UML2B4Security/../TopcasedPurchaseOrder/Models/PurchaseOrder.b#//@sharedTypes/@sharedTypes.0" rule="UML2B.Transfo.UML2B_Selkis.GeneratePrimitiveTypes" src="pathmap://UML_LIBRARIES/UMLPrimitiveTypes.library.uml#Integer"/>
  <maps dest="file:/C:/Users/nguye_tm/Documents/phdTools/B4MSecure/workspace/UML2B4Security/../TopcasedPurchaseOrder/Models/PurchaseOrder.b#//@sharedTypes/@sharedTypes.0" rule="UML2B.Transfo.UML2B_Selkis.GeneratePrimitiveTypes" src="pathmap://UML_LIBRARIES/UMLPrimitiveTypes.library.uml#Integer"/>
  <maps dest="file:/C:/Users/nguye_tm/Documents/phdTools/B4MSecure/workspace/UML2B4Security/../TopcasedPurchaseOrder/Models/PurchaseOrder.b#//@sharedTypes/@sharedTypes.1" rule="UML2B.Transfo.UML2B_Selkis.GeneratePrimitiveTypes" src="pathmap://UML_LIBRARIES/UMLPrimitiveTypes.library.uml#Boolean"/>
  <maps dest="file:/C:/Users/nguye_tm/Documents/phdTools/B4MSecure/workspace/UML2B4Security/../TopcasedPurchaseOrder/Models/PurchaseOrder.b#//@sharedTypes/@sharedTypes.1" rule="UML2B.Transfo.UML2B_Selkis.GeneratePrimitiveTypes" src="pathmap://UML_LIBRARIES/UMLPrimitiveTypes.library.uml#Boolean"/>
  <maps dest="file:/C:/Users/nguye_tm/Documents/phdTools/B4MSecure/workspace/UML2B4Security/../TopcasedPurchaseOrder/Models/PurchaseOrder.b#//@sharedTypes/@sharedTypes.0" rule="UML2B.Transfo.UML2B_Selkis.GeneratePrimitiveTypes" src="pathmap://UML_LIBRARIES/UMLPrimitiveTypes.library.uml#Integer"/>
  <maps dest="file:/C:/Users/nguye_tm/Documents/phdTools/B4MSecure/workspace/UML2B4Security/../TopcasedPurchaseOrder/Models/PurchaseOrder.b#//@machines.0/@data.0" rule="UML2B.Transfo.UML2B_Selkis.GeneratePrimitiveTypes" src="pathmap://UML_LIBRARIES/UMLPrimitiveTypes.library.uml#String"/>
  <maps dest="file:/C:/Users/nguye_tm/Documents/phdTools/B4MSecure/workspace/UML2B4Security/../TopcasedPurchaseOrder/Models/PurchaseOrder.b#//@machines.0/@data.1" rule="UML2B.Transfo.UML2B_Selkis.GenerateClassBVariableInSystemMachine" src="file:/C:/Users/nguye_tm/Documents/phdTools/B4MSecure/workspace/UML2B4Security/../TopcasedPurchaseOrder/Models/PurchaseOrder.uml#_Jh5BAPmyEeW2uu2TI7mLqw"/>
  <maps dest="file:/C:/Users/nguye_tm/Documents/phdTools/B4MSecure/workspace/UML2B4Security/../TopcasedPurchaseOrder/Models/PurchaseOrder.b#//@machines.0/@data.3" rule="UML2B.Transfo.UML2B_Selkis.GenerateClassBVariableInSystemMachine" src="file:/C:/Users/nguye_tm/Documents/phdTools/B4MSecure/workspace/UML2B4Security/../TopcasedPurchaseOrder/Models/PurchaseOrder.uml#_h87lsPs1EeWqzM7asgisVQ"/>
  <maps dest="file:/C:/Users/nguye_tm/Documents/phdTools/B4MSecure/workspace/UML2B4Security/../TopcasedPurchaseOrder/Models/PurchaseOrder.b#//@machines.0/@operations.0" rule="UML2B.Transfo.UML2B_Selkis.GenerateOperationSkeleton" src="file:/C:/Users/nguye_tm/Documents/phdTools/B4MSecure/workspace/UML2B4Security/../TopcasedPurchaseOrder/Models/PurchaseOrder.uml#_HP2eMvm4EeW_mYli4IPiXg"/>
  <maps dest="file:/C:/Users/nguye_tm/Documents/phdTools/B4MSecure/workspace/UML2B4Security/../TopcasedPurchaseOrder/Models/PurchaseOrder.b#//@machines.0/@operations.1" rule="UML2B.Transfo.UML2B_Selkis.GenerateOperationSkeleton" src="file:/C:/Users/nguye_tm/Documents/phdTools/B4MSecure/workspace/UML2B4Security/../TopcasedPurchaseOrder/Models/PurchaseOrder.uml#_MCg78vm4EeW_mYli4IPiXg"/>
  <maps dest="file:/C:/Users/nguye_tm/Documents/phdTools/B4MSecure/workspace/UML2B4Security/../TopcasedPurchaseOrder/Models/PurchaseOrder.b#//@machines.0/@operations.2" rule="UML2B.Transfo.UML2B_Selkis.GenerateOperationSkeleton" src="file:/C:/Users/nguye_tm/Documents/phdTools/B4MSecure/workspace/UML2B4Security/../TopcasedPurchaseOrder/Models/PurchaseOrder.uml#_PEOZcvm4EeW_mYli4IPiXg"/>
  <maps dest="file:/C:/Users/nguye_tm/Documents/phdTools/B4MSecure/workspace/UML2B4Security/../TopcasedPurchaseOrder/Models/PurchaseOrder.b#//@machines.0/@operations.3" rule="UML2B.Transfo.UML2B_Selkis.GenerateConstructor" src="file:/C:/Users/nguye_tm/Documents/phdTools/B4MSecure/workspace/UML2B4Security/../TopcasedPurchaseOrder/Models/PurchaseOrder.uml#_Jh5BAPmyEeW2uu2TI7mLqw"/>
  <maps dest="file:/C:/Users/nguye_tm/Documents/phdTools/B4MSecure/workspace/UML2B4Security/../TopcasedPurchaseOrder/Models/PurchaseOrder.b#//@machines.0/@operations.4" rule="UML2B.Transfo.UML2B_Selkis.GenerateConstructor" src="file:/C:/Users/nguye_tm/Documents/phdTools/B4MSecure/workspace/UML2B4Security/../TopcasedPurchaseOrder/Models/PurchaseOrder.uml#_h87lsPs1EeWqzM7asgisVQ"/>
  <maps dest="file:/C:/Users/nguye_tm/Documents/phdTools/B4MSecure/workspace/UML2B4Security/../TopcasedPurchaseOrder/Models/PurchaseOrder.b#//@machines.0/@operations.5" rule="UML2B.Transfo.UML2B_Selkis.GenerateDestructor_Internal" src="file:/C:/Users/nguye_tm/Documents/phdTools/B4MSecure/workspace/UML2B4Security/../TopcasedPurchaseOrder/Models/PurchaseOrder.uml#/0/PurchaseOrder/Functional/PurchaseOrder/PurchaseOrder_Free"/>
  <maps dest="file:/C:/Users/nguye_tm/Documents/phdTools/B4MSecure/workspace/UML2B4Security/../TopcasedPurchaseOrder/Models/PurchaseOrder.b#//@machines.0/@operations.5" rule="UML2B.Transfo.UML2B_Selkis.GenerateDestructor" src="file:/C:/Users/nguye_tm/Documents/phdTools/B4MSecure/workspace/UML2B4Security/../TopcasedPurchaseOrder/Models/PurchaseOrder.uml#_Jh5BAPmyEeW2uu2TI7mLqw"/>
  <maps dest="file:/C:/Users/nguye_tm/Documents/phdTools/B4MSecure/workspace/UML2B4Security/../TopcasedPurchaseOrder/Models/PurchaseOrder.b#//@machines.0/@operations.6" rule="UML2B.Transfo.UML2B_Selkis.GenerateDestructor_Internal" src="file:/C:/Users/nguye_tm/Documents/phdTools/B4MSecure/workspace/UML2B4Security/../TopcasedPurchaseOrder/Models/PurchaseOrder.uml#/0/PurchaseOrder/Functional/Supplier/Supplier_Free"/>
  <maps dest="file:/C:/Users/nguye_tm/Documents/phdTools/B4MSecure/workspace/UML2B4Security/../TopcasedPurchaseOrder/Models/PurchaseOrder.b#//@machines.0/@operations.6" rule="UML2B.Transfo.UML2B_Selkis.GenerateDestructor" src="file:/C:/Users/nguye_tm/Documents/phdTools/B4MSecure/workspace/UML2B4Security/../TopcasedPurchaseOrder/Models/PurchaseOrder.uml#_h87lsPs1EeWqzM7asgisVQ"/>
  <maps dest="file:/C:/Users/nguye_tm/Documents/phdTools/B4MSecure/workspace/UML2B4Security/../TopcasedPurchaseOrder/Models/PurchaseOrder.b#//@machines.0/@data.5" rule="UML2B.Transfo.UML2B_Selkis.GenerateAttributeBVariable" src="file:/C:/Users/nguye_tm/Documents/phdTools/B4MSecure/workspace/UML2B4Security/../TopcasedPurchaseOrder/Models/PurchaseOrder.uml#_5VgDMvm3EeW_mYli4IPiXg"/>
  <maps dest="file:/C:/Users/nguye_tm/Documents/phdTools/B4MSecure/workspace/UML2B4Security/../TopcasedPurchaseOrder/Models/PurchaseOrder.b#//@machines.0/@data.6" rule="UML2B.Transfo.UML2B_Selkis.GenerateAttributeBVariable" src="file:/C:/Users/nguye_tm/Documents/phdTools/B4MSecure/workspace/UML2B4Security/../TopcasedPurchaseOrder/Models/PurchaseOrder.uml#_9gFNQvm3EeW_mYli4IPiXg"/>
  <maps dest="file:/C:/Users/nguye_tm/Documents/phdTools/B4MSecure/workspace/UML2B4Security/../TopcasedPurchaseOrder/Models/PurchaseOrder.b#//@machines.0/@data.7" rule="UML2B.Transfo.UML2B_Selkis.GenerateAttributeBVariable" src="file:/C:/Users/nguye_tm/Documents/phdTools/B4MSecure/workspace/UML2B4Security/../TopcasedPurchaseOrder/Models/PurchaseOrder.uml#_BcNrovm4EeW_mYli4IPiXg"/>
  <maps dest="file:/C:/Users/nguye_tm/Documents/phdTools/B4MSecure/workspace/UML2B4Security/../TopcasedPurchaseOrder/Models/PurchaseOrder.b#//@machines.0/@data.8" rule="UML2B.Transfo.UML2B_Selkis.GenerateAttributeBVariable" src="file:/C:/Users/nguye_tm/Documents/phdTools/B4MSecure/workspace/UML2B4Security/../TopcasedPurchaseOrder/Models/PurchaseOrder.uml#_na3OAPs1EeWqzM7asgisVQ"/>
  <maps dest="file:/C:/Users/nguye_tm/Documents/phdTools/B4MSecure/workspace/UML2B4Security/../TopcasedPurchaseOrder/Models/PurchaseOrder.b#//@machines.0/@data.9" rule="UML2B.Transfo.UML2B_Selkis.GenerateUniqueMonovaluedAttributeBVariable" src="file:/C:/Users/nguye_tm/Documents/phdTools/B4MSecure/workspace/UML2B4Security/../TopcasedPurchaseOrder/Models/PurchaseOrder.uml#_PWlxQPm3EeW_mYli4IPiXg"/>
  <maps dest="file:/C:/Users/nguye_tm/Documents/phdTools/B4MSecure/workspace/UML2B4Security/../TopcasedPurchaseOrder/Models/PurchaseOrder.b#//@machines.0/@data.10" rule="UML2B.Transfo.UML2B_Selkis.GenerateUniqueMonovaluedAttributeBVariable" src="file:/C:/Users/nguye_tm/Documents/phdTools/B4MSecure/workspace/UML2B4Security/../TopcasedPurchaseOrder/Models/PurchaseOrder.uml#_lCb-EPs1EeWqzM7asgisVQ"/>
  <maps dest="file:/C:/Users/nguye_tm/Documents/phdTools/B4MSecure/workspace/UML2B4Security/../TopcasedPurchaseOrder/Models/PurchaseOrder.b#//@machines.0/@operations.5" rule="UML2B.Transfo.UML2B_Selkis.Attr_UpdateDestructor" src="file:/C:/Users/nguye_tm/Documents/phdTools/B4MSecure/workspace/UML2B4Security/../TopcasedPurchaseOrder/Models/PurchaseOrder.uml#_PWlxQPm3EeW_mYli4IPiXg"/>
  <maps dest="file:/C:/Users/nguye_tm/Documents/phdTools/B4MSecure/workspace/UML2B4Security/../TopcasedPurchaseOrder/Models/PurchaseOrder.b#//@machines.0/@operations.5" rule="UML2B.Transfo.UML2B_Selkis.Attr_UpdateDestructor" src="file:/C:/Users/nguye_tm/Documents/phdTools/B4MSecure/workspace/UML2B4Security/../TopcasedPurchaseOrder/Models/PurchaseOrder.uml#_5VgDMvm3EeW_mYli4IPiXg"/>
  <maps dest="file:/C:/Users/nguye_tm/Documents/phdTools/B4MSecure/workspace/UML2B4Security/../TopcasedPurchaseOrder/Models/PurchaseOrder.b#//@machines.0/@operations.5" rule="UML2B.Transfo.UML2B_Selkis.Attr_UpdateDestructor" src="file:/C:/Users/nguye_tm/Documents/phdTools/B4MSecure/workspace/UML2B4Security/../TopcasedPurchaseOrder/Models/PurchaseOrder.uml#_9gFNQvm3EeW_mYli4IPiXg"/>
  <maps dest="file:/C:/Users/nguye_tm/Documents/phdTools/B4MSecure/workspace/UML2B4Security/../TopcasedPurchaseOrder/Models/PurchaseOrder.b#//@machines.0/@operations.5" rule="UML2B.Transfo.UML2B_Selkis.Attr_UpdateDestructor" src="file:/C:/Users/nguye_tm/Documents/phdTools/B4MSecure/workspace/UML2B4Security/../TopcasedPurchaseOrder/Models/PurchaseOrder.uml#_BcNrovm4EeW_mYli4IPiXg"/>
  <maps dest="file:/C:/Users/nguye_tm/Documents/phdTools/B4MSecure/workspace/UML2B4Security/../TopcasedPurchaseOrder/Models/PurchaseOrder.b#//@machines.0/@operations.6" rule="UML2B.Transfo.UML2B_Selkis.Attr_UpdateDestructor" src="file:/C:/Users/nguye_tm/Documents/phdTools/B4MSecure/workspace/UML2B4Security/../TopcasedPurchaseOrder/Models/PurchaseOrder.uml#_lCb-EPs1EeWqzM7asgisVQ"/>
  <maps dest="file:/C:/Users/nguye_tm/Documents/phdTools/B4MSecure/workspace/UML2B4Security/../TopcasedPurchaseOrder/Models/PurchaseOrder.b#//@machines.0/@operations.6" rule="UML2B.Transfo.UML2B_Selkis.Attr_UpdateDestructor" src="file:/C:/Users/nguye_tm/Documents/phdTools/B4MSecure/workspace/UML2B4Security/../TopcasedPurchaseOrder/Models/PurchaseOrder.uml#_na3OAPs1EeWqzM7asgisVQ"/>
  <maps dest="file:/C:/Users/nguye_tm/Documents/phdTools/B4MSecure/workspace/UML2B4Security/../TopcasedPurchaseOrder/Models/PurchaseOrder.b#//@machines.0/@operations.3" rule="UML2B.Transfo.UML2B_Selkis.Attr_UpdateConstructor_DefaultSupport" src="file:/C:/Users/nguye_tm/Documents/phdTools/B4MSecure/workspace/UML2B4Security/../TopcasedPurchaseOrder/Models/PurchaseOrder.uml#_5VgDMvm3EeW_mYli4IPiXg"/>
  <maps dest="file:/C:/Users/nguye_tm/Documents/phdTools/B4MSecure/workspace/UML2B4Security/../TopcasedPurchaseOrder/Models/PurchaseOrder.b#//@machines.0/@operations.3" rule="UML2B.Transfo.UML2B_Selkis.Attr_UpdateConstructor_DefaultSupport" src="file:/C:/Users/nguye_tm/Documents/phdTools/B4MSecure/workspace/UML2B4Security/../TopcasedPurchaseOrder/Models/PurchaseOrder.uml#_9gFNQvm3EeW_mYli4IPiXg"/>
  <maps dest="file:/C:/Users/nguye_tm/Documents/phdTools/B4MSecure/workspace/UML2B4Security/../TopcasedPurchaseOrder/Models/PurchaseOrder.b#//@machines.0/@operations.3" rule="UML2B.Transfo.UML2B_Selkis.Attr_UpdateConstructor_DefaultSupport" src="file:/C:/Users/nguye_tm/Documents/phdTools/B4MSecure/workspace/UML2B4Security/../TopcasedPurchaseOrder/Models/PurchaseOrder.uml#_BcNrovm4EeW_mYli4IPiXg"/>
  <maps dest="file:/C:/Users/nguye_tm/Documents/phdTools/B4MSecure/workspace/UML2B4Security/../TopcasedPurchaseOrder/Models/PurchaseOrder.b#//@machines.0/@operations.4" rule="UML2B.Transfo.UML2B_Selkis.Attr_UpdateConstructor_DefaultSupport" src="file:/C:/Users/nguye_tm/Documents/phdTools/B4MSecure/workspace/UML2B4Security/../TopcasedPurchaseOrder/Models/PurchaseOrder.uml#_na3OAPs1EeWqzM7asgisVQ"/>
  <maps dest="file:/C:/Users/nguye_tm/Documents/phdTools/B4MSecure/workspace/UML2B4Security/../TopcasedPurchaseOrder/Models/PurchaseOrder.b#//@machines.0/@operations.3" rule="UML2B.Transfo.UML2B_Selkis.UniqueAttr_UpdateConstructor" src="file:/C:/Users/nguye_tm/Documents/phdTools/B4MSecure/workspace/UML2B4Security/../TopcasedPurchaseOrder/Models/PurchaseOrder.uml#_PWlxQPm3EeW_mYli4IPiXg"/>
  <maps dest="file:/C:/Users/nguye_tm/Documents/phdTools/B4MSecure/workspace/UML2B4Security/../TopcasedPurchaseOrder/Models/PurchaseOrder.b#//@machines.0/@operations.4" rule="UML2B.Transfo.UML2B_Selkis.UniqueAttr_UpdateConstructor" src="file:/C:/Users/nguye_tm/Documents/phdTools/B4MSecure/workspace/UML2B4Security/../TopcasedPurchaseOrder/Models/PurchaseOrder.uml#_lCb-EPs1EeWqzM7asgisVQ"/>
  <maps dest="file:/C:/Users/nguye_tm/Documents/phdTools/B4MSecure/workspace/UML2B4Security/../TopcasedPurchaseOrder/Models/PurchaseOrder.b#//@machines.0/@operations.7" rule="UML2B.Transfo.UML2B_Selkis.Attr_GenerateAccessor" src="file:/C:/Users/nguye_tm/Documents/phdTools/B4MSecure/workspace/UML2B4Security/../TopcasedPurchaseOrder/Models/PurchaseOrder.uml#_PWlxQPm3EeW_mYli4IPiXg"/>
  <maps dest="file:/C:/Users/nguye_tm/Documents/phdTools/B4MSecure/workspace/UML2B4Security/../TopcasedPurchaseOrder/Models/PurchaseOrder.b#//@machines.0/@operations.8" rule="UML2B.Transfo.UML2B_Selkis.Attr_GenerateAccessor" src="file:/C:/Users/nguye_tm/Documents/phdTools/B4MSecure/workspace/UML2B4Security/../TopcasedPurchaseOrder/Models/PurchaseOrder.uml#_5VgDMvm3EeW_mYli4IPiXg"/>
  <maps dest="file:/C:/Users/nguye_tm/Documents/phdTools/B4MSecure/workspace/UML2B4Security/../TopcasedPurchaseOrder/Models/PurchaseOrder.b#//@machines.0/@operations.9" rule="UML2B.Transfo.UML2B_Selkis.Attr_GenerateAccessor" src="file:/C:/Users/nguye_tm/Documents/phdTools/B4MSecure/workspace/UML2B4Security/../TopcasedPurchaseOrder/Models/PurchaseOrder.uml#_9gFNQvm3EeW_mYli4IPiXg"/>
  <maps dest="file:/C:/Users/nguye_tm/Documents/phdTools/B4MSecure/workspace/UML2B4Security/../TopcasedPurchaseOrder/Models/PurchaseOrder.b#//@machines.0/@operations.10" rule="UML2B.Transfo.UML2B_Selkis.Attr_GenerateAccessor" src="file:/C:/Users/nguye_tm/Documents/phdTools/B4MSecure/workspace/UML2B4Security/../TopcasedPurchaseOrder/Models/PurchaseOrder.uml#_BcNrovm4EeW_mYli4IPiXg"/>
  <maps dest="file:/C:/Users/nguye_tm/Documents/phdTools/B4MSecure/workspace/UML2B4Security/../TopcasedPurchaseOrder/Models/PurchaseOrder.b#//@machines.0/@operations.11" rule="UML2B.Transfo.UML2B_Selkis.Attr_GenerateAccessor" src="file:/C:/Users/nguye_tm/Documents/phdTools/B4MSecure/workspace/UML2B4Security/../TopcasedPurchaseOrder/Models/PurchaseOrder.uml#_lCb-EPs1EeWqzM7asgisVQ"/>
  <maps dest="file:/C:/Users/nguye_tm/Documents/phdTools/B4MSecure/workspace/UML2B4Security/../TopcasedPurchaseOrder/Models/PurchaseOrder.b#//@machines.0/@operations.12" rule="UML2B.Transfo.UML2B_Selkis.Attr_GenerateAccessor" src="file:/C:/Users/nguye_tm/Documents/phdTools/B4MSecure/workspace/UML2B4Security/../TopcasedPurchaseOrder/Models/PurchaseOrder.uml#_na3OAPs1EeWqzM7asgisVQ"/>
  <maps dest="file:/C:/Users/nguye_tm/Documents/phdTools/B4MSecure/workspace/UML2B4Security/../TopcasedPurchaseOrder/Models/PurchaseOrder.b#//@machines.0/@operations.13" rule="UML2B.Transfo.UML2B_Selkis.Attr_GenerateSetter" src="file:/C:/Users/nguye_tm/Documents/phdTools/B4MSecure/workspace/UML2B4Security/../TopcasedPurchaseOrder/Models/PurchaseOrder.uml#_5VgDMvm3EeW_mYli4IPiXg"/>
  <maps dest="file:/C:/Users/nguye_tm/Documents/phdTools/B4MSecure/workspace/UML2B4Security/../TopcasedPurchaseOrder/Models/PurchaseOrder.b#//@machines.0/@operations.14" rule="UML2B.Transfo.UML2B_Selkis.Attr_GenerateSetter" src="file:/C:/Users/nguye_tm/Documents/phdTools/B4MSecure/workspace/UML2B4Security/../TopcasedPurchaseOrder/Models/PurchaseOrder.uml#_9gFNQvm3EeW_mYli4IPiXg"/>
  <maps dest="file:/C:/Users/nguye_tm/Documents/phdTools/B4MSecure/workspace/UML2B4Security/../TopcasedPurchaseOrder/Models/PurchaseOrder.b#//@machines.0/@operations.15" rule="UML2B.Transfo.UML2B_Selkis.Attr_GenerateSetter" src="file:/C:/Users/nguye_tm/Documents/phdTools/B4MSecure/workspace/UML2B4Security/../TopcasedPurchaseOrder/Models/PurchaseOrder.uml#_BcNrovm4EeW_mYli4IPiXg"/>
  <maps dest="file:/C:/Users/nguye_tm/Documents/phdTools/B4MSecure/workspace/UML2B4Security/../TopcasedPurchaseOrder/Models/PurchaseOrder.b#//@machines.0/@operations.16" rule="UML2B.Transfo.UML2B_Selkis.Attr_GenerateSetter" src="file:/C:/Users/nguye_tm/Documents/phdTools/B4MSecure/workspace/UML2B4Security/../TopcasedPurchaseOrder/Models/PurchaseOrder.uml#_na3OAPs1EeWqzM7asgisVQ"/>
  <maps dest="file:/C:/Users/nguye_tm/Documents/phdTools/B4MSecure/workspace/UML2B4Security/../TopcasedPurchaseOrder/Models/PurchaseOrder.b#//@machines.0/@operations.17" rule="UML2B.Transfo.UML2B_Selkis.UniqueAttr_GenerateSetter" src="file:/C:/Users/nguye_tm/Documents/phdTools/B4MSecure/workspace/UML2B4Security/../TopcasedPurchaseOrder/Models/PurchaseOrder.uml#_PWlxQPm3EeW_mYli4IPiXg"/>
  <maps dest="file:/C:/Users/nguye_tm/Documents/phdTools/B4MSecure/workspace/UML2B4Security/../TopcasedPurchaseOrder/Models/PurchaseOrder.b#//@machines.0/@operations.18" rule="UML2B.Transfo.UML2B_Selkis.UniqueAttr_GenerateSetter" src="file:/C:/Users/nguye_tm/Documents/phdTools/B4MSecure/workspace/UML2B4Security/../TopcasedPurchaseOrder/Models/PurchaseOrder.uml#_lCb-EPs1EeWqzM7asgisVQ"/>
  <srcElements ref="file:/C:/Users/nguye_tm/Documents/phdTools/B4MSecure/workspace/UML2B4Security/../TopcasedPurchaseOrder/Models/PurchaseOrder.uml#_IMD2gPmyEeW2uu2TI7mLqw" mapping="//@maps.0"/>
  <srcElements ref="pathmap://UML_LIBRARIES/UMLPrimitiveTypes.library.uml#Integer" mapping="//@maps.1 //@maps.2 //@maps.5"/>
  <srcElements ref="pathmap://UML_LIBRARIES/UMLPrimitiveTypes.library.uml#Boolean" mapping="//@maps.3 //@maps.4"/>
  <srcElements ref="pathmap://UML_LIBRARIES/UMLPrimitiveTypes.library.uml#String" mapping="//@maps.6"/>
  <srcElements ref="file:/C:/Users/nguye_tm/Documents/phdTools/B4MSecure/workspace/UML2B4Security/../TopcasedPurchaseOrder/Models/PurchaseOrder.uml#_Jh5BAPmyEeW2uu2TI7mLqw" mapping="//@maps.7 //@maps.12 //@maps.15"/>
  <srcElements ref="file:/C:/Users/nguye_tm/Documents/phdTools/B4MSecure/workspace/UML2B4Security/../TopcasedPurchaseOrder/Models/PurchaseOrder.uml#_h87lsPs1EeWqzM7asgisVQ" mapping="//@maps.8 //@maps.13 //@maps.17"/>
  <srcElements ref="file:/C:/Users/nguye_tm/Documents/phdTools/B4MSecure/workspace/UML2B4Security/../TopcasedPurchaseOrder/Models/PurchaseOrder.uml#_HP2eMvm4EeW_mYli4IPiXg" mapping="//@maps.9"/>
  <srcElements ref="file:/C:/Users/nguye_tm/Documents/phdTools/B4MSecure/workspace/UML2B4Security/../TopcasedPurchaseOrder/Models/PurchaseOrder.uml#_MCg78vm4EeW_mYli4IPiXg" mapping="//@maps.10"/>
  <srcElements ref="file:/C:/Users/nguye_tm/Documents/phdTools/B4MSecure/workspace/UML2B4Security/../TopcasedPurchaseOrder/Models/PurchaseOrder.uml#_PEOZcvm4EeW_mYli4IPiXg" mapping="//@maps.11"/>
  <srcElements ref="file:/C:/Users/nguye_tm/Documents/phdTools/B4MSecure/workspace/UML2B4Security/../TopcasedPurchaseOrder/Models/PurchaseOrder.uml#/0/PurchaseOrder/Functional/PurchaseOrder/PurchaseOrder_Free" mapping="//@maps.14"/>
  <srcElements ref="file:/C:/Users/nguye_tm/Documents/phdTools/B4MSecure/workspace/UML2B4Security/../TopcasedPurchaseOrder/Models/PurchaseOrder.uml#/0/PurchaseOrder/Functional/Supplier/Supplier_Free" mapping="//@maps.16"/>
  <srcElements ref="file:/C:/Users/nguye_tm/Documents/phdTools/B4MSecure/workspace/UML2B4Security/../TopcasedPurchaseOrder/Models/PurchaseOrder.uml#_5VgDMvm3EeW_mYli4IPiXg" mapping="//@maps.18 //@maps.25 //@maps.30 //@maps.37 //@maps.42"/>
  <srcElements ref="file:/C:/Users/nguye_tm/Documents/phdTools/B4MSecure/workspace/UML2B4Security/../TopcasedPurchaseOrder/Models/PurchaseOrder.uml#_9gFNQvm3EeW_mYli4IPiXg" mapping="//@maps.19 //@maps.26 //@maps.31 //@maps.38 //@maps.43"/>
  <srcElements ref="file:/C:/Users/nguye_tm/Documents/phdTools/B4MSecure/workspace/UML2B4Security/../TopcasedPurchaseOrder/Models/PurchaseOrder.uml#_BcNrovm4EeW_mYli4IPiXg" mapping="//@maps.20 //@maps.27 //@maps.32 //@maps.39 //@maps.44"/>
  <srcElements ref="file:/C:/Users/nguye_tm/Documents/phdTools/B4MSecure/workspace/UML2B4Security/../TopcasedPurchaseOrder/Models/PurchaseOrder.uml#_na3OAPs1EeWqzM7asgisVQ" mapping="//@maps.21 //@maps.29 //@maps.33 //@maps.41 //@maps.45"/>
  <srcElements ref="file:/C:/Users/nguye_tm/Documents/phdTools/B4MSecure/workspace/UML2B4Security/../TopcasedPurchaseOrder/Models/PurchaseOrder.uml#_PWlxQPm3EeW_mYli4IPiXg" mapping="//@maps.22 //@maps.24 //@maps.34 //@maps.36 //@maps.46"/>
  <srcElements ref="file:/C:/Users/nguye_tm/Documents/phdTools/B4MSecure/workspace/UML2B4Security/../TopcasedPurchaseOrder/Models/PurchaseOrder.uml#_lCb-EPs1EeWqzM7asgisVQ" mapping="//@maps.23 //@maps.28 //@maps.35 //@maps.40 //@maps.47"/>
  <rules ref="UML2B.Transfo.UML2B_Selkis.createSysMachine"/>
  <rules ref="UML2B.Transfo.UML2B_Selkis.GeneratePrimitiveTypes"/>
  <rules ref="UML2B.Transfo.UML2B_Selkis.GenerateClassBVariableInSystemMachine"/>
  <rules ref="UML2B.Transfo.UML2B_Selkis.GenerateOperationSkeleton"/>
  <rules ref="UML2B.Transfo.UML2B_Selkis.GenerateConstructor"/>
  <rules ref="UML2B.Transfo.UML2B_Selkis.GenerateDestructor_Internal"/>
  <rules ref="UML2B.Transfo.UML2B_Selkis.GenerateDestructor"/>
  <rules ref="UML2B.Transfo.UML2B_Selkis.GenerateAttributeBVariable"/>
  <rules ref="UML2B.Transfo.UML2B_Selkis.GenerateUniqueMonovaluedAttributeBVariable"/>
  <rules ref="UML2B.Transfo.UML2B_Selkis.Attr_UpdateDestructor"/>
  <rules ref="UML2B.Transfo.UML2B_Selkis.Attr_UpdateConstructor_DefaultSupport"/>
  <rules ref="UML2B.Transfo.UML2B_Selkis.UniqueAttr_UpdateConstructor"/>
  <rules ref="UML2B.Transfo.UML2B_Selkis.Attr_GenerateAccessor"/>
  <rules ref="UML2B.Transfo.UML2B_Selkis.Attr_GenerateSetter"/>
  <rules ref="UML2B.Transfo.UML2B_Selkis.UniqueAttr_GenerateSetter"/>
  <destElements ref="file:/C:/Users/nguye_tm/Documents/phdTools/B4MSecure/workspace/UML2B4Security/../TopcasedPurchaseOrder/Models/PurchaseOrder.b#//@machines.0"/>
  <destElements ref="file:/C:/Users/nguye_tm/Documents/phdTools/B4MSecure/workspace/UML2B4Security/../TopcasedPurchaseOrder/Models/PurchaseOrder.b#//@sharedTypes/@sharedTypes.0"/>
  <destElements ref="file:/C:/Users/nguye_tm/Documents/phdTools/B4MSecure/workspace/UML2B4Security/../TopcasedPurchaseOrder/Models/PurchaseOrder.b#//@sharedTypes/@sharedTypes.0"/>
  <destElements ref="file:/C:/Users/nguye_tm/Documents/phdTools/B4MSecure/workspace/UML2B4Security/../TopcasedPurchaseOrder/Models/PurchaseOrder.b#//@sharedTypes/@sharedTypes.1"/>
  <destElements ref="file:/C:/Users/nguye_tm/Documents/phdTools/B4MSecure/workspace/UML2B4Security/../TopcasedPurchaseOrder/Models/PurchaseOrder.b#//@sharedTypes/@sharedTypes.1"/>
  <destElements ref="file:/C:/Users/nguye_tm/Documents/phdTools/B4MSecure/workspace/UML2B4Security/../TopcasedPurchaseOrder/Models/PurchaseOrder.b#//@sharedTypes/@sharedTypes.0"/>
  <destElements ref="file:/C:/Users/nguye_tm/Documents/phdTools/B4MSecure/workspace/UML2B4Security/../TopcasedPurchaseOrder/Models/PurchaseOrder.b#//@machines.0/@data.0"/>
  <destElements ref="file:/C:/Users/nguye_tm/Documents/phdTools/B4MSecure/workspace/UML2B4Security/../TopcasedPurchaseOrder/Models/PurchaseOrder.b#//@machines.0/@data.1"/>
  <destElements ref="file:/C:/Users/nguye_tm/Documents/phdTools/B4MSecure/workspace/UML2B4Security/../TopcasedPurchaseOrder/Models/PurchaseOrder.b#//@machines.0/@data.3"/>
  <destElements ref="file:/C:/Users/nguye_tm/Documents/phdTools/B4MSecure/workspace/UML2B4Security/../TopcasedPurchaseOrder/Models/PurchaseOrder.b#//@machines.0/@operations.0"/>
  <destElements ref="file:/C:/Users/nguye_tm/Documents/phdTools/B4MSecure/workspace/UML2B4Security/../TopcasedPurchaseOrder/Models/PurchaseOrder.b#//@machines.0/@operations.1"/>
  <destElements ref="file:/C:/Users/nguye_tm/Documents/phdTools/B4MSecure/workspace/UML2B4Security/../TopcasedPurchaseOrder/Models/PurchaseOrder.b#//@machines.0/@operations.2"/>
  <destElements ref="file:/C:/Users/nguye_tm/Documents/phdTools/B4MSecure/workspace/UML2B4Security/../TopcasedPurchaseOrder/Models/PurchaseOrder.b#//@machines.0/@operations.3"/>
  <destElements ref="file:/C:/Users/nguye_tm/Documents/phdTools/B4MSecure/workspace/UML2B4Security/../TopcasedPurchaseOrder/Models/PurchaseOrder.b#//@machines.0/@operations.4"/>
  <destElements ref="file:/C:/Users/nguye_tm/Documents/phdTools/B4MSecure/workspace/UML2B4Security/../TopcasedPurchaseOrder/Models/PurchaseOrder.b#//@machines.0/@operations.5"/>
  <destElements ref="file:/C:/Users/nguye_tm/Documents/phdTools/B4MSecure/workspace/UML2B4Security/../TopcasedPurchaseOrder/Models/PurchaseOrder.b#//@machines.0/@operations.5"/>
  <destElements ref="file:/C:/Users/nguye_tm/Documents/phdTools/B4MSecure/workspace/UML2B4Security/../TopcasedPurchaseOrder/Models/PurchaseOrder.b#//@machines.0/@operations.6"/>
  <destElements ref="file:/C:/Users/nguye_tm/Documents/phdTools/B4MSecure/workspace/UML2B4Security/../TopcasedPurchaseOrder/Models/PurchaseOrder.b#//@machines.0/@operations.6"/>
  <destElements ref="file:/C:/Users/nguye_tm/Documents/phdTools/B4MSecure/workspace/UML2B4Security/../TopcasedPurchaseOrder/Models/PurchaseOrder.b#//@machines.0/@data.5"/>
  <destElements ref="file:/C:/Users/nguye_tm/Documents/phdTools/B4MSecure/workspace/UML2B4Security/../TopcasedPurchaseOrder/Models/PurchaseOrder.b#//@machines.0/@data.6"/>
  <destElements ref="file:/C:/Users/nguye_tm/Documents/phdTools/B4MSecure/workspace/UML2B4Security/../TopcasedPurchaseOrder/Models/PurchaseOrder.b#//@machines.0/@data.7"/>
  <destElements ref="file:/C:/Users/nguye_tm/Documents/phdTools/B4MSecure/workspace/UML2B4Security/../TopcasedPurchaseOrder/Models/PurchaseOrder.b#//@machines.0/@data.8"/>
  <destElements ref="file:/C:/Users/nguye_tm/Documents/phdTools/B4MSecure/workspace/UML2B4Security/../TopcasedPurchaseOrder/Models/PurchaseOrder.b#//@machines.0/@data.9"/>
  <destElements ref="file:/C:/Users/nguye_tm/Documents/phdTools/B4MSecure/workspace/UML2B4Security/../TopcasedPurchaseOrder/Models/PurchaseOrder.b#//@machines.0/@data.10"/>
  <destElements ref="file:/C:/Users/nguye_tm/Documents/phdTools/B4MSecure/workspace/UML2B4Security/../TopcasedPurchaseOrder/Models/PurchaseOrder.b#//@machines.0/@operations.5"/>
  <destElements ref="file:/C:/Users/nguye_tm/Documents/phdTools/B4MSecure/workspace/UML2B4Security/../TopcasedPurchaseOrder/Models/PurchaseOrder.b#//@machines.0/@operations.5"/>
  <destElements ref="file:/C:/Users/nguye_tm/Documents/phdTools/B4MSecure/workspace/UML2B4Security/../TopcasedPurchaseOrder/Models/PurchaseOrder.b#//@machines.0/@operations.5"/>
  <destElements ref="file:/C:/Users/nguye_tm/Documents/phdTools/B4MSecure/workspace/UML2B4Security/../TopcasedPurchaseOrder/Models/PurchaseOrder.b#//@machines.0/@operations.5"/>
  <destElements ref="file:/C:/Users/nguye_tm/Documents/phdTools/B4MSecure/workspace/UML2B4Security/../TopcasedPurchaseOrder/Models/PurchaseOrder.b#//@machines.0/@operations.6"/>
  <destElements ref="file:/C:/Users/nguye_tm/Documents/phdTools/B4MSecure/workspace/UML2B4Security/../TopcasedPurchaseOrder/Models/PurchaseOrder.b#//@machines.0/@operations.6"/>
  <destElements ref="file:/C:/Users/nguye_tm/Documents/phdTools/B4MSecure/workspace/UML2B4Security/../TopcasedPurchaseOrder/Models/PurchaseOrder.b#//@machines.0/@operations.3"/>
  <destElements ref="file:/C:/Users/nguye_tm/Documents/phdTools/B4MSecure/workspace/UML2B4Security/../TopcasedPurchaseOrder/Models/PurchaseOrder.b#//@machines.0/@operations.3"/>
  <destElements ref="file:/C:/Users/nguye_tm/Documents/phdTools/B4MSecure/workspace/UML2B4Security/../TopcasedPurchaseOrder/Models/PurchaseOrder.b#//@machines.0/@operations.3"/>
  <destElements ref="file:/C:/Users/nguye_tm/Documents/phdTools/B4MSecure/workspace/UML2B4Security/../TopcasedPurchaseOrder/Models/PurchaseOrder.b#//@machines.0/@operations.4"/>
  <destElements ref="file:/C:/Users/nguye_tm/Documents/phdTools/B4MSecure/workspace/UML2B4Security/../TopcasedPurchaseOrder/Models/PurchaseOrder.b#//@machines.0/@operations.3"/>
  <destElements ref="file:/C:/Users/nguye_tm/Documents/phdTools/B4MSecure/workspace/UML2B4Security/../TopcasedPurchaseOrder/Models/PurchaseOrder.b#//@machines.0/@operations.4"/>
  <destElements ref="file:/C:/Users/nguye_tm/Documents/phdTools/B4MSecure/workspace/UML2B4Security/../TopcasedPurchaseOrder/Models/PurchaseOrder.b#//@machines.0/@operations.7"/>
  <destElements ref="file:/C:/Users/nguye_tm/Documents/phdTools/B4MSecure/workspace/UML2B4Security/../TopcasedPurchaseOrder/Models/PurchaseOrder.b#//@machines.0/@operations.8"/>
  <destElements ref="file:/C:/Users/nguye_tm/Documents/phdTools/B4MSecure/workspace/UML2B4Security/../TopcasedPurchaseOrder/Models/PurchaseOrder.b#//@machines.0/@operations.9"/>
  <destElements ref="file:/C:/Users/nguye_tm/Documents/phdTools/B4MSecure/workspace/UML2B4Security/../TopcasedPurchaseOrder/Models/PurchaseOrder.b#//@machines.0/@operations.10"/>
  <destElements ref="file:/C:/Users/nguye_tm/Documents/phdTools/B4MSecure/workspace/UML2B4Security/../TopcasedPurchaseOrder/Models/PurchaseOrder.b#//@machines.0/@operations.11"/>
  <destElements ref="file:/C:/Users/nguye_tm/Documents/phdTools/B4MSecure/workspace/UML2B4Security/../TopcasedPurchaseOrder/Models/PurchaseOrder.b#//@machines.0/@operations.12"/>
  <destElements ref="file:/C:/Users/nguye_tm/Documents/phdTools/B4MSecure/workspace/UML2B4Security/../TopcasedPurchaseOrder/Models/PurchaseOrder.b#//@machines.0/@operations.13"/>
  <destElements ref="file:/C:/Users/nguye_tm/Documents/phdTools/B4MSecure/workspace/UML2B4Security/../TopcasedPurchaseOrder/Models/PurchaseOrder.b#//@machines.0/@operations.14"/>
  <destElements ref="file:/C:/Users/nguye_tm/Documents/phdTools/B4MSecure/workspace/UML2B4Security/../TopcasedPurchaseOrder/Models/PurchaseOrder.b#//@machines.0/@operations.15"/>
  <destElements ref="file:/C:/Users/nguye_tm/Documents/phdTools/B4MSecure/workspace/UML2B4Security/../TopcasedPurchaseOrder/Models/PurchaseOrder.b#//@machines.0/@operations.16"/>
  <destElements ref="file:/C:/Users/nguye_tm/Documents/phdTools/B4MSecure/workspace/UML2B4Security/../TopcasedPurchaseOrder/Models/PurchaseOrder.b#//@machines.0/@operations.17"/>
  <destElements ref="file:/C:/Users/nguye_tm/Documents/phdTools/B4MSecure/workspace/UML2B4Security/../TopcasedPurchaseOrder/Models/PurchaseOrder.b#//@machines.0/@operations.18"/>
</trace:TransformationTrace>
